Release 14.7 Map P.20131013 (lin64)
Xilinx Mapping Report File for Design 'Hardware_TL'

Design Information
------------------
Command Line   : map -intstyle ise -p xc3s500e-fg320-4 -cm area -ir off -pr off
-c 100 -o Hardware_TL_map.ncd Hardware_TL.ngd Hardware_TL.pcf 
Target Device  : xc3s500e
Target Package : fg320
Target Speed   : -4
Mapper Version : spartan3e -- $Revision: 1.55 $
Mapped Date    : Sun Apr 24 15:14:44 2016

Design Summary
--------------
Number of errors:      0
Number of warnings:   79
Logic Utilization:
  Total Number Slice Registers:         736 out of   9,312    7%
    Number used as Flip Flops:          735
    Number used as Latches:               1
  Number of 4 input LUTs:               807 out of   9,312    8%
Logic Distribution:
  Number of occupied Slices:            764 out of   4,656   16%
    Number of Slices containing only related logic:     764 out of     764 100%
    Number of Slices containing unrelated logic:          0 out of     764   0%
      *See NOTES below for an explanation of the effects of unrelated logic.
  Total Number of 4 input LUTs:         929 out of   9,312    9%
    Number used as logic:               807
    Number used as a route-thru:        122

  The Slice Logic Distribution report is not meaningful if the design is
  over-mapped for a non-slice resource or if Placement fails.

  Number of bonded IOBs:                 61 out of     232   26%
  Number of RAMB16s:                     11 out of      20   55%
  Number of BUFGMUXs:                     2 out of      24    8%

Average Fanout of Non-Clock Nets:                2.99

Peak Memory Usage:  628 MB
Total REAL time to MAP completion:  3 secs 
Total CPU time to MAP completion:   3 secs 

NOTES:

   Related logic is defined as being logic that shares connectivity - e.g. two
   LUTs are "related" if they share common inputs.  When assembling slices,
   Map gives priority to combine logic that is related.  Doing so results in
   the best timing performance.

   Unrelated logic shares no connectivity.  Map will only begin packing
   unrelated logic into a slice once 99% of the slices are occupied through
   related logic packing.

   Note that once logic distribution reaches the 99% level through related
   logic packing, this does not mean the device is completely utilized.
   Unrelated logic packing will then begin, continuing until all usable LUTs
   and FFs are occupied.  Depending on your timing budget, increased levels of
   unrelated logic packing may adversely affect the overall timing performance
   of your design.

Table of Contents
-----------------
Section 1 - Errors
Section 2 - Warnings
Section 3 - Informational
Section 4 - Removed Logic Summary
Section 5 - Removed Logic
Section 6 - IOB Properties
Section 7 - RPMs
Section 8 - Guide Report
Section 9 - Area Group and Partition Summary
Section 10 - Timing Report
Section 11 - Configuration String Information
Section 12 - Control Set Information
Section 13 - Utilization by Hierarchy

Section 1 - Errors
------------------

Section 2 - Warnings
--------------------
WARNING:PhysDesignRules:367 - The signal <SW<1>_IBUF> is incomplete. The signal
   does not drive any load pins in the design.
WARNING:PhysDesignRules:367 - The signal <SW<2>_IBUF> is incomplete. The signal
   does not drive any load pins in the design.
WARNING:PhysDesignRules:367 - The signal <SW<3>_IBUF> is incomplete. The signal
   does not drive any load pins in the design.
WARNING:PhysDesignRules:367 - The signal <SW<4>_IBUF> is incomplete. The signal
   does not drive any load pins in the design.
WARNING:PhysDesignRules:367 - The signal <SW<5>_IBUF> is incomplete. The signal
   does not drive any load pins in the design.
WARNING:PhysDesignRules:367 - The signal <BTN<1>_IBUF> is incomplete. The signal
   does not drive any load pins in the design.
WARNING:PhysDesignRules:367 - The signal <BTN<2>_IBUF> is incomplete. The signal
   does not drive any load pins in the design.
WARNING:PhysDesignRules:812 - Dangling pin <DOB2> on
   block:<UUT/Fetch_UNIT/U2/U0/xst_blk_mem_generator/gnativebmg.native_blk_mem_g
   en/valid.cstr/ramloop[0].ram.r/s3_init.ram/spram.ram.B>:<RAMB16_RAMB16B>.
WARNING:PhysDesignRules:812 - Dangling pin <DOB3> on
   block:<UUT/Fetch_UNIT/U2/U0/xst_blk_mem_generator/gnativebmg.native_blk_mem_g
   en/valid.cstr/ramloop[0].ram.r/s3_init.ram/spram.ram.B>:<RAMB16_RAMB16B>.
WARNING:PhysDesignRules:812 - Dangling pin <DOB4> on
   block:<UUT/Fetch_UNIT/U2/U0/xst_blk_mem_generator/gnativebmg.native_blk_mem_g
   en/valid.cstr/ramloop[0].ram.r/s3_init.ram/spram.ram.B>:<RAMB16_RAMB16B>.
WARNING:PhysDesignRules:812 - Dangling pin <DOB5> on
   block:<UUT/Fetch_UNIT/U2/U0/xst_blk_mem_generator/gnativebmg.native_blk_mem_g
   en/valid.cstr/ramloop[0].ram.r/s3_init.ram/spram.ram.B>:<RAMB16_RAMB16B>.
WARNING:PhysDesignRules:812 - Dangling pin <DOB6> on
   block:<UUT/Fetch_UNIT/U2/U0/xst_blk_mem_generator/gnativebmg.native_blk_mem_g
   en/valid.cstr/ramloop[0].ram.r/s3_init.ram/spram.ram.B>:<RAMB16_RAMB16B>.
WARNING:PhysDesignRules:812 - Dangling pin <DOB7> on
   block:<UUT/Fetch_UNIT/U2/U0/xst_blk_mem_generator/gnativebmg.native_blk_mem_g
   en/valid.cstr/ramloop[0].ram.r/s3_init.ram/spram.ram.B>:<RAMB16_RAMB16B>.
WARNING:PhysDesignRules:812 - Dangling pin <DOB10> on
   block:<UUT/Fetch_UNIT/U2/U0/xst_blk_mem_generator/gnativebmg.native_blk_mem_g
   en/valid.cstr/ramloop[0].ram.r/s3_init.ram/spram.ram.B>:<RAMB16_RAMB16B>.
WARNING:PhysDesignRules:812 - Dangling pin <DOB11> on
   block:<UUT/Fetch_UNIT/U2/U0/xst_blk_mem_generator/gnativebmg.native_blk_mem_g
   en/valid.cstr/ramloop[0].ram.r/s3_init.ram/spram.ram.B>:<RAMB16_RAMB16B>.
WARNING:PhysDesignRules:812 - Dangling pin <DOB12> on
   block:<UUT/Fetch_UNIT/U2/U0/xst_blk_mem_generator/gnativebmg.native_blk_mem_g
   en/valid.cstr/ramloop[0].ram.r/s3_init.ram/spram.ram.B>:<RAMB16_RAMB16B>.
WARNING:PhysDesignRules:812 - Dangling pin <DOB13> on
   block:<UUT/Fetch_UNIT/U2/U0/xst_blk_mem_generator/gnativebmg.native_blk_mem_g
   en/valid.cstr/ramloop[0].ram.r/s3_init.ram/spram.ram.B>:<RAMB16_RAMB16B>.
WARNING:PhysDesignRules:812 - Dangling pin <DOB14> on
   block:<UUT/Fetch_UNIT/U2/U0/xst_blk_mem_generator/gnativebmg.native_blk_mem_g
   en/valid.cstr/ramloop[0].ram.r/s3_init.ram/spram.ram.B>:<RAMB16_RAMB16B>.
WARNING:PhysDesignRules:812 - Dangling pin <DOB15> on
   block:<UUT/Fetch_UNIT/U2/U0/xst_blk_mem_generator/gnativebmg.native_blk_mem_g
   en/valid.cstr/ramloop[0].ram.r/s3_init.ram/spram.ram.B>:<RAMB16_RAMB16B>.
WARNING:PhysDesignRules:812 - Dangling pin <DOB18> on
   block:<UUT/Fetch_UNIT/U2/U0/xst_blk_mem_generator/gnativebmg.native_blk_mem_g
   en/valid.cstr/ramloop[0].ram.r/s3_init.ram/spram.ram.B>:<RAMB16_RAMB16B>.
WARNING:PhysDesignRules:812 - Dangling pin <DOB19> on
   block:<UUT/Fetch_UNIT/U2/U0/xst_blk_mem_generator/gnativebmg.native_blk_mem_g
   en/valid.cstr/ramloop[0].ram.r/s3_init.ram/spram.ram.B>:<RAMB16_RAMB16B>.
WARNING:PhysDesignRules:812 - Dangling pin <DOB20> on
   block:<UUT/Fetch_UNIT/U2/U0/xst_blk_mem_generator/gnativebmg.native_blk_mem_g
   en/valid.cstr/ramloop[0].ram.r/s3_init.ram/spram.ram.B>:<RAMB16_RAMB16B>.
WARNING:PhysDesignRules:812 - Dangling pin <DOB21> on
   block:<UUT/Fetch_UNIT/U2/U0/xst_blk_mem_generator/gnativebmg.native_blk_mem_g
   en/valid.cstr/ramloop[0].ram.r/s3_init.ram/spram.ram.B>:<RAMB16_RAMB16B>.
WARNING:PhysDesignRules:812 - Dangling pin <DOB22> on
   block:<UUT/Fetch_UNIT/U2/U0/xst_blk_mem_generator/gnativebmg.native_blk_mem_g
   en/valid.cstr/ramloop[0].ram.r/s3_init.ram/spram.ram.B>:<RAMB16_RAMB16B>.
WARNING:PhysDesignRules:812 - Dangling pin <DOB23> on
   block:<UUT/Fetch_UNIT/U2/U0/xst_blk_mem_generator/gnativebmg.native_blk_mem_g
   en/valid.cstr/ramloop[0].ram.r/s3_init.ram/spram.ram.B>:<RAMB16_RAMB16B>.
WARNING:PhysDesignRules:812 - Dangling pin <DOB26> on
   block:<UUT/Fetch_UNIT/U2/U0/xst_blk_mem_generator/gnativebmg.native_blk_mem_g
   en/valid.cstr/ramloop[0].ram.r/s3_init.ram/spram.ram.B>:<RAMB16_RAMB16B>.
WARNING:PhysDesignRules:812 - Dangling pin <DOB27> on
   block:<UUT/Fetch_UNIT/U2/U0/xst_blk_mem_generator/gnativebmg.native_blk_mem_g
   en/valid.cstr/ramloop[0].ram.r/s3_init.ram/spram.ram.B>:<RAMB16_RAMB16B>.
WARNING:PhysDesignRules:812 - Dangling pin <DOB28> on
   block:<UUT/Fetch_UNIT/U2/U0/xst_blk_mem_generator/gnativebmg.native_blk_mem_g
   en/valid.cstr/ramloop[0].ram.r/s3_init.ram/spram.ram.B>:<RAMB16_RAMB16B>.
WARNING:PhysDesignRules:812 - Dangling pin <DOB29> on
   block:<UUT/Fetch_UNIT/U2/U0/xst_blk_mem_generator/gnativebmg.native_blk_mem_g
   en/valid.cstr/ramloop[0].ram.r/s3_init.ram/spram.ram.B>:<RAMB16_RAMB16B>.
WARNING:PhysDesignRules:812 - Dangling pin <DOB30> on
   block:<UUT/Fetch_UNIT/U2/U0/xst_blk_mem_generator/gnativebmg.native_blk_mem_g
   en/valid.cstr/ramloop[0].ram.r/s3_init.ram/spram.ram.B>:<RAMB16_RAMB16B>.
WARNING:PhysDesignRules:812 - Dangling pin <DOB31> on
   block:<UUT/Fetch_UNIT/U2/U0/xst_blk_mem_generator/gnativebmg.native_blk_mem_g
   en/valid.cstr/ramloop[0].ram.r/s3_init.ram/spram.ram.B>:<RAMB16_RAMB16B>.
WARNING:PhysDesignRules:812 - Dangling pin <DOA2> on
   block:<UUT/ALU_UNIT/word_unit/DATAMEMORY/U0/xst_blk_mem_generator/gnativebmg.
   native_blk_mem_gen/valid.cstr/ramloop[0].ram.r/s3_init.ram/spram.ram.A>:<RAMB
   16_RAMB16A>.
WARNING:PhysDesignRules:812 - Dangling pin <DOA3> on
   block:<UUT/ALU_UNIT/word_unit/DATAMEMORY/U0/xst_blk_mem_generator/gnativebmg.
   native_blk_mem_gen/valid.cstr/ramloop[0].ram.r/s3_init.ram/spram.ram.A>:<RAMB
   16_RAMB16A>.
WARNING:PhysDesignRules:812 - Dangling pin <DOA4> on
   block:<UUT/ALU_UNIT/word_unit/DATAMEMORY/U0/xst_blk_mem_generator/gnativebmg.
   native_blk_mem_gen/valid.cstr/ramloop[0].ram.r/s3_init.ram/spram.ram.A>:<RAMB
   16_RAMB16A>.
WARNING:PhysDesignRules:812 - Dangling pin <DOA5> on
   block:<UUT/ALU_UNIT/word_unit/DATAMEMORY/U0/xst_blk_mem_generator/gnativebmg.
   native_blk_mem_gen/valid.cstr/ramloop[0].ram.r/s3_init.ram/spram.ram.A>:<RAMB
   16_RAMB16A>.
WARNING:PhysDesignRules:812 - Dangling pin <DOA6> on
   block:<UUT/ALU_UNIT/word_unit/DATAMEMORY/U0/xst_blk_mem_generator/gnativebmg.
   native_blk_mem_gen/valid.cstr/ramloop[0].ram.r/s3_init.ram/spram.ram.A>:<RAMB
   16_RAMB16A>.
WARNING:PhysDesignRules:812 - Dangling pin <DOA7> on
   block:<UUT/ALU_UNIT/word_unit/DATAMEMORY/U0/xst_blk_mem_generator/gnativebmg.
   native_blk_mem_gen/valid.cstr/ramloop[0].ram.r/s3_init.ram/spram.ram.A>:<RAMB
   16_RAMB16A>.
WARNING:PhysDesignRules:812 - Dangling pin <DOA10> on
   block:<UUT/ALU_UNIT/word_unit/DATAMEMORY/U0/xst_blk_mem_generator/gnativebmg.
   native_blk_mem_gen/valid.cstr/ramloop[0].ram.r/s3_init.ram/spram.ram.A>:<RAMB
   16_RAMB16A>.
WARNING:PhysDesignRules:812 - Dangling pin <DOA11> on
   block:<UUT/ALU_UNIT/word_unit/DATAMEMORY/U0/xst_blk_mem_generator/gnativebmg.
   native_blk_mem_gen/valid.cstr/ramloop[0].ram.r/s3_init.ram/spram.ram.A>:<RAMB
   16_RAMB16A>.
WARNING:PhysDesignRules:812 - Dangling pin <DOA12> on
   block:<UUT/ALU_UNIT/word_unit/DATAMEMORY/U0/xst_blk_mem_generator/gnativebmg.
   native_blk_mem_gen/valid.cstr/ramloop[0].ram.r/s3_init.ram/spram.ram.A>:<RAMB
   16_RAMB16A>.
WARNING:PhysDesignRules:812 - Dangling pin <DOA13> on
   block:<UUT/ALU_UNIT/word_unit/DATAMEMORY/U0/xst_blk_mem_generator/gnativebmg.
   native_blk_mem_gen/valid.cstr/ramloop[0].ram.r/s3_init.ram/spram.ram.A>:<RAMB
   16_RAMB16A>.
WARNING:PhysDesignRules:812 - Dangling pin <DOA14> on
   block:<UUT/ALU_UNIT/word_unit/DATAMEMORY/U0/xst_blk_mem_generator/gnativebmg.
   native_blk_mem_gen/valid.cstr/ramloop[0].ram.r/s3_init.ram/spram.ram.A>:<RAMB
   16_RAMB16A>.
WARNING:PhysDesignRules:812 - Dangling pin <DOA15> on
   block:<UUT/ALU_UNIT/word_unit/DATAMEMORY/U0/xst_blk_mem_generator/gnativebmg.
   native_blk_mem_gen/valid.cstr/ramloop[0].ram.r/s3_init.ram/spram.ram.A>:<RAMB
   16_RAMB16A>.
WARNING:PhysDesignRules:812 - Dangling pin <DOA18> on
   block:<UUT/ALU_UNIT/word_unit/DATAMEMORY/U0/xst_blk_mem_generator/gnativebmg.
   native_blk_mem_gen/valid.cstr/ramloop[0].ram.r/s3_init.ram/spram.ram.A>:<RAMB
   16_RAMB16A>.
WARNING:PhysDesignRules:812 - Dangling pin <DOA19> on
   block:<UUT/ALU_UNIT/word_unit/DATAMEMORY/U0/xst_blk_mem_generator/gnativebmg.
   native_blk_mem_gen/valid.cstr/ramloop[0].ram.r/s3_init.ram/spram.ram.A>:<RAMB
   16_RAMB16A>.
WARNING:PhysDesignRules:812 - Dangling pin <DOA20> on
   block:<UUT/ALU_UNIT/word_unit/DATAMEMORY/U0/xst_blk_mem_generator/gnativebmg.
   native_blk_mem_gen/valid.cstr/ramloop[0].ram.r/s3_init.ram/spram.ram.A>:<RAMB
   16_RAMB16A>.
WARNING:PhysDesignRules:812 - Dangling pin <DOA21> on
   block:<UUT/ALU_UNIT/word_unit/DATAMEMORY/U0/xst_blk_mem_generator/gnativebmg.
   native_blk_mem_gen/valid.cstr/ramloop[0].ram.r/s3_init.ram/spram.ram.A>:<RAMB
   16_RAMB16A>.
WARNING:PhysDesignRules:812 - Dangling pin <DOA22> on
   block:<UUT/ALU_UNIT/word_unit/DATAMEMORY/U0/xst_blk_mem_generator/gnativebmg.
   native_blk_mem_gen/valid.cstr/ramloop[0].ram.r/s3_init.ram/spram.ram.A>:<RAMB
   16_RAMB16A>.
WARNING:PhysDesignRules:812 - Dangling pin <DOA23> on
   block:<UUT/ALU_UNIT/word_unit/DATAMEMORY/U0/xst_blk_mem_generator/gnativebmg.
   native_blk_mem_gen/valid.cstr/ramloop[0].ram.r/s3_init.ram/spram.ram.A>:<RAMB
   16_RAMB16A>.
WARNING:PhysDesignRules:812 - Dangling pin <DOA26> on
   block:<UUT/ALU_UNIT/word_unit/DATAMEMORY/U0/xst_blk_mem_generator/gnativebmg.
   native_blk_mem_gen/valid.cstr/ramloop[0].ram.r/s3_init.ram/spram.ram.A>:<RAMB
   16_RAMB16A>.
WARNING:PhysDesignRules:812 - Dangling pin <DOA27> on
   block:<UUT/ALU_UNIT/word_unit/DATAMEMORY/U0/xst_blk_mem_generator/gnativebmg.
   native_blk_mem_gen/valid.cstr/ramloop[0].ram.r/s3_init.ram/spram.ram.A>:<RAMB
   16_RAMB16A>.
WARNING:PhysDesignRules:812 - Dangling pin <DOA28> on
   block:<UUT/ALU_UNIT/word_unit/DATAMEMORY/U0/xst_blk_mem_generator/gnativebmg.
   native_blk_mem_gen/valid.cstr/ramloop[0].ram.r/s3_init.ram/spram.ram.A>:<RAMB
   16_RAMB16A>.
WARNING:PhysDesignRules:812 - Dangling pin <DOA29> on
   block:<UUT/ALU_UNIT/word_unit/DATAMEMORY/U0/xst_blk_mem_generator/gnativebmg.
   native_blk_mem_gen/valid.cstr/ramloop[0].ram.r/s3_init.ram/spram.ram.A>:<RAMB
   16_RAMB16A>.
WARNING:PhysDesignRules:812 - Dangling pin <DOA30> on
   block:<UUT/ALU_UNIT/word_unit/DATAMEMORY/U0/xst_blk_mem_generator/gnativebmg.
   native_blk_mem_gen/valid.cstr/ramloop[0].ram.r/s3_init.ram/spram.ram.A>:<RAMB
   16_RAMB16A>.
WARNING:PhysDesignRules:812 - Dangling pin <DOA31> on
   block:<UUT/ALU_UNIT/word_unit/DATAMEMORY/U0/xst_blk_mem_generator/gnativebmg.
   native_blk_mem_gen/valid.cstr/ramloop[0].ram.r/s3_init.ram/spram.ram.A>:<RAMB
   16_RAMB16A>.
WARNING:PhysDesignRules:812 - Dangling pin <DOB2> on
   block:<UUT/ALU_UNIT/word_unit/DATAMEMORY/U0/xst_blk_mem_generator/gnativebmg.
   native_blk_mem_gen/valid.cstr/ramloop[0].ram.r/s3_init.ram/spram.ram.B>:<RAMB
   16_RAMB16B>.
WARNING:PhysDesignRules:812 - Dangling pin <DOB3> on
   block:<UUT/ALU_UNIT/word_unit/DATAMEMORY/U0/xst_blk_mem_generator/gnativebmg.
   native_blk_mem_gen/valid.cstr/ramloop[0].ram.r/s3_init.ram/spram.ram.B>:<RAMB
   16_RAMB16B>.
WARNING:PhysDesignRules:812 - Dangling pin <DOB4> on
   block:<UUT/ALU_UNIT/word_unit/DATAMEMORY/U0/xst_blk_mem_generator/gnativebmg.
   native_blk_mem_gen/valid.cstr/ramloop[0].ram.r/s3_init.ram/spram.ram.B>:<RAMB
   16_RAMB16B>.
WARNING:PhysDesignRules:812 - Dangling pin <DOB5> on
   block:<UUT/ALU_UNIT/word_unit/DATAMEMORY/U0/xst_blk_mem_generator/gnativebmg.
   native_blk_mem_gen/valid.cstr/ramloop[0].ram.r/s3_init.ram/spram.ram.B>:<RAMB
   16_RAMB16B>.
WARNING:PhysDesignRules:812 - Dangling pin <DOB6> on
   block:<UUT/ALU_UNIT/word_unit/DATAMEMORY/U0/xst_blk_mem_generator/gnativebmg.
   native_blk_mem_gen/valid.cstr/ramloop[0].ram.r/s3_init.ram/spram.ram.B>:<RAMB
   16_RAMB16B>.
WARNING:PhysDesignRules:812 - Dangling pin <DOB7> on
   block:<UUT/ALU_UNIT/word_unit/DATAMEMORY/U0/xst_blk_mem_generator/gnativebmg.
   native_blk_mem_gen/valid.cstr/ramloop[0].ram.r/s3_init.ram/spram.ram.B>:<RAMB
   16_RAMB16B>.
WARNING:PhysDesignRules:812 - Dangling pin <DOB10> on
   block:<UUT/ALU_UNIT/word_unit/DATAMEMORY/U0/xst_blk_mem_generator/gnativebmg.
   native_blk_mem_gen/valid.cstr/ramloop[0].ram.r/s3_init.ram/spram.ram.B>:<RAMB
   16_RAMB16B>.
WARNING:PhysDesignRules:812 - Dangling pin <DOB11> on
   block:<UUT/ALU_UNIT/word_unit/DATAMEMORY/U0/xst_blk_mem_generator/gnativebmg.
   native_blk_mem_gen/valid.cstr/ramloop[0].ram.r/s3_init.ram/spram.ram.B>:<RAMB
   16_RAMB16B>.
WARNING:PhysDesignRules:812 - Dangling pin <DOB12> on
   block:<UUT/ALU_UNIT/word_unit/DATAMEMORY/U0/xst_blk_mem_generator/gnativebmg.
   native_blk_mem_gen/valid.cstr/ramloop[0].ram.r/s3_init.ram/spram.ram.B>:<RAMB
   16_RAMB16B>.
WARNING:PhysDesignRules:812 - Dangling pin <DOB13> on
   block:<UUT/ALU_UNIT/word_unit/DATAMEMORY/U0/xst_blk_mem_generator/gnativebmg.
   native_blk_mem_gen/valid.cstr/ramloop[0].ram.r/s3_init.ram/spram.ram.B>:<RAMB
   16_RAMB16B>.
WARNING:PhysDesignRules:812 - Dangling pin <DOB14> on
   block:<UUT/ALU_UNIT/word_unit/DATAMEMORY/U0/xst_blk_mem_generator/gnativebmg.
   native_blk_mem_gen/valid.cstr/ramloop[0].ram.r/s3_init.ram/spram.ram.B>:<RAMB
   16_RAMB16B>.
WARNING:PhysDesignRules:812 - Dangling pin <DOB15> on
   block:<UUT/ALU_UNIT/word_unit/DATAMEMORY/U0/xst_blk_mem_generator/gnativebmg.
   native_blk_mem_gen/valid.cstr/ramloop[0].ram.r/s3_init.ram/spram.ram.B>:<RAMB
   16_RAMB16B>.
WARNING:PhysDesignRules:812 - Dangling pin <DOB18> on
   block:<UUT/ALU_UNIT/word_unit/DATAMEMORY/U0/xst_blk_mem_generator/gnativebmg.
   native_blk_mem_gen/valid.cstr/ramloop[0].ram.r/s3_init.ram/spram.ram.B>:<RAMB
   16_RAMB16B>.
WARNING:PhysDesignRules:812 - Dangling pin <DOB19> on
   block:<UUT/ALU_UNIT/word_unit/DATAMEMORY/U0/xst_blk_mem_generator/gnativebmg.
   native_blk_mem_gen/valid.cstr/ramloop[0].ram.r/s3_init.ram/spram.ram.B>:<RAMB
   16_RAMB16B>.
WARNING:PhysDesignRules:812 - Dangling pin <DOB20> on
   block:<UUT/ALU_UNIT/word_unit/DATAMEMORY/U0/xst_blk_mem_generator/gnativebmg.
   native_blk_mem_gen/valid.cstr/ramloop[0].ram.r/s3_init.ram/spram.ram.B>:<RAMB
   16_RAMB16B>.
WARNING:PhysDesignRules:812 - Dangling pin <DOB21> on
   block:<UUT/ALU_UNIT/word_unit/DATAMEMORY/U0/xst_blk_mem_generator/gnativebmg.
   native_blk_mem_gen/valid.cstr/ramloop[0].ram.r/s3_init.ram/spram.ram.B>:<RAMB
   16_RAMB16B>.
WARNING:PhysDesignRules:812 - Dangling pin <DOB22> on
   block:<UUT/ALU_UNIT/word_unit/DATAMEMORY/U0/xst_blk_mem_generator/gnativebmg.
   native_blk_mem_gen/valid.cstr/ramloop[0].ram.r/s3_init.ram/spram.ram.B>:<RAMB
   16_RAMB16B>.
WARNING:PhysDesignRules:812 - Dangling pin <DOB23> on
   block:<UUT/ALU_UNIT/word_unit/DATAMEMORY/U0/xst_blk_mem_generator/gnativebmg.
   native_blk_mem_gen/valid.cstr/ramloop[0].ram.r/s3_init.ram/spram.ram.B>:<RAMB
   16_RAMB16B>.
WARNING:PhysDesignRules:812 - Dangling pin <DOB26> on
   block:<UUT/ALU_UNIT/word_unit/DATAMEMORY/U0/xst_blk_mem_generator/gnativebmg.
   native_blk_mem_gen/valid.cstr/ramloop[0].ram.r/s3_init.ram/spram.ram.B>:<RAMB
   16_RAMB16B>.
WARNING:PhysDesignRules:812 - Dangling pin <DOB27> on
   block:<UUT/ALU_UNIT/word_unit/DATAMEMORY/U0/xst_blk_mem_generator/gnativebmg.
   native_blk_mem_gen/valid.cstr/ramloop[0].ram.r/s3_init.ram/spram.ram.B>:<RAMB
   16_RAMB16B>.
WARNING:PhysDesignRules:812 - Dangling pin <DOB28> on
   block:<UUT/ALU_UNIT/word_unit/DATAMEMORY/U0/xst_blk_mem_generator/gnativebmg.
   native_blk_mem_gen/valid.cstr/ramloop[0].ram.r/s3_init.ram/spram.ram.B>:<RAMB
   16_RAMB16B>.
WARNING:PhysDesignRules:812 - Dangling pin <DOB29> on
   block:<UUT/ALU_UNIT/word_unit/DATAMEMORY/U0/xst_blk_mem_generator/gnativebmg.
   native_blk_mem_gen/valid.cstr/ramloop[0].ram.r/s3_init.ram/spram.ram.B>:<RAMB
   16_RAMB16B>.
WARNING:PhysDesignRules:812 - Dangling pin <DOB30> on
   block:<UUT/ALU_UNIT/word_unit/DATAMEMORY/U0/xst_blk_mem_generator/gnativebmg.
   native_blk_mem_gen/valid.cstr/ramloop[0].ram.r/s3_init.ram/spram.ram.B>:<RAMB
   16_RAMB16B>.
WARNING:PhysDesignRules:812 - Dangling pin <DOB31> on
   block:<UUT/ALU_UNIT/word_unit/DATAMEMORY/U0/xst_blk_mem_generator/gnativebmg.
   native_blk_mem_gen/valid.cstr/ramloop[0].ram.r/s3_init.ram/spram.ram.B>:<RAMB
   16_RAMB16B>.

Section 3 - Informational
-------------------------
INFO:LIT:243 - Logical network BTN<2>_IBUF has no load.
INFO:LIT:395 - The above info message is repeated 6 more times for the following
   (max. 5 shown):
   BTN<1>_IBUF,
   SW<5>_IBUF,
   SW<4>_IBUF,
   SW<3>_IBUF,
   SW<2>_IBUF
   To see the details of these info messages, please use the -detail switch.
INFO:MapLib:562 - No environment variables are currently set.
INFO:LIT:244 - All of the single ended outputs in this design are using slew
   rate limited output drivers. The delay on speed critical single ended outputs
   can be dramatically reduced by designating them as fast outputs.

Section 4 - Removed Logic Summary
---------------------------------
  19 block(s) removed
  12 block(s) optimized away
  70 signal(s) removed

Section 5 - Removed Logic
-------------------------

The trimmed logic report below shows the logic removed from your design due to
sourceless or loadless signals, and VCC or ground connections.  If the removal
of a signal or symbol results in the subsequent removal of an additional signal
or symbol, the message explaining that second removal will be indented.  This
indentation will be repeated as a chain of related logic is removed.

To quickly locate the original cause for the removal of a chain of logic, look
above the place where that logic is listed in the trimming report, then locate
the lines that are least indented (begin at the leftmost edge).

The signal
"UUT/EX_MEM/U0/xst_blk_mem_generator/gnativebmg.native_blk_mem_gen/valid.cstr/ra
mloop[14].ram.ram_douta<3>" is sourceless and has been removed.
The signal
"UUT/EX_MEM/U0/xst_blk_mem_generator/gnativebmg.native_blk_mem_gen/valid.cstr/ha
s_mux_a.A/Mmux_dout_mux_4" is sourceless and has been removed.
 Sourceless block
"UUT/EX_MEM/U0/xst_blk_mem_generator/gnativebmg.native_blk_mem_gen/valid.cstr/ha
s_mux_a.A/Mmux_dout_mux_3_f5" (MUX) removed.
  The signal
"UUT/EX_MEM/U0/xst_blk_mem_generator/gnativebmg.native_blk_mem_gen/valid.cstr/ha
s_mux_a.A/Mmux_dout_mux_3_f5" is sourceless and has been removed.
The signal
"UUT/EX_MEM/U0/xst_blk_mem_generator/gnativebmg.native_blk_mem_gen/valid.cstr/ra
mloop[12].ram.ram_douta<3>" is sourceless and has been removed.
The signal
"UUT/EX_MEM/U0/xst_blk_mem_generator/gnativebmg.native_blk_mem_gen/valid.cstr/ha
s_mux_a.A/Mmux_dout_mux_5" is sourceless and has been removed.
The signal
"UUT/EX_MEM/U0/xst_blk_mem_generator/gnativebmg.native_blk_mem_gen/valid.cstr/ra
mloop[10].ram.ram_douta<3>" is sourceless and has been removed.
The signal
"UUT/EX_MEM/U0/xst_blk_mem_generator/gnativebmg.native_blk_mem_gen/valid.cstr/ra
mloop[8].ram.ram_douta<3>" is sourceless and has been removed.
The signal
"UUT/EX_MEM/U0/xst_blk_mem_generator/gnativebmg.native_blk_mem_gen/valid.cstr/ha
s_mux_a.A/sel_pipe<2>" is sourceless and has been removed.
The signal
"UUT/EX_MEM/U0/xst_blk_mem_generator/gnativebmg.native_blk_mem_gen/valid.cstr/ra
mloop[14].ram.ram_douta<4>" is sourceless and has been removed.
The signal
"UUT/EX_MEM/U0/xst_blk_mem_generator/gnativebmg.native_blk_mem_gen/valid.cstr/ha
s_mux_a.A/Mmux_dout_mux_41" is sourceless and has been removed.
 Sourceless block
"UUT/EX_MEM/U0/xst_blk_mem_generator/gnativebmg.native_blk_mem_gen/valid.cstr/ha
s_mux_a.A/Mmux_dout_mux_3_f5_0" (MUX) removed.
  The signal
"UUT/EX_MEM/U0/xst_blk_mem_generator/gnativebmg.native_blk_mem_gen/valid.cstr/ha
s_mux_a.A/Mmux_dout_mux_3_f51" is sourceless and has been removed.
The signal
"UUT/EX_MEM/U0/xst_blk_mem_generator/gnativebmg.native_blk_mem_gen/valid.cstr/ra
mloop[12].ram.ram_douta<4>" is sourceless and has been removed.
The signal
"UUT/EX_MEM/U0/xst_blk_mem_generator/gnativebmg.native_blk_mem_gen/valid.cstr/ha
s_mux_a.A/Mmux_dout_mux_52" is sourceless and has been removed.
The signal
"UUT/EX_MEM/U0/xst_blk_mem_generator/gnativebmg.native_blk_mem_gen/valid.cstr/ra
mloop[10].ram.ram_douta<4>" is sourceless and has been removed.
The signal
"UUT/EX_MEM/U0/xst_blk_mem_generator/gnativebmg.native_blk_mem_gen/valid.cstr/ra
mloop[8].ram.ram_douta<4>" is sourceless and has been removed.
The signal
"UUT/EX_MEM/U0/xst_blk_mem_generator/gnativebmg.native_blk_mem_gen/valid.cstr/ra
mloop[14].ram.ram_douta<5>" is sourceless and has been removed.
The signal
"UUT/EX_MEM/U0/xst_blk_mem_generator/gnativebmg.native_blk_mem_gen/valid.cstr/ha
s_mux_a.A/Mmux_dout_mux_42" is sourceless and has been removed.
 Sourceless block
"UUT/EX_MEM/U0/xst_blk_mem_generator/gnativebmg.native_blk_mem_gen/valid.cstr/ha
s_mux_a.A/Mmux_dout_mux_3_f5_1" (MUX) removed.
  The signal
"UUT/EX_MEM/U0/xst_blk_mem_generator/gnativebmg.native_blk_mem_gen/valid.cstr/ha
s_mux_a.A/Mmux_dout_mux_3_f52" is sourceless and has been removed.
The signal
"UUT/EX_MEM/U0/xst_blk_mem_generator/gnativebmg.native_blk_mem_gen/valid.cstr/ra
mloop[12].ram.ram_douta<5>" is sourceless and has been removed.
The signal
"UUT/EX_MEM/U0/xst_blk_mem_generator/gnativebmg.native_blk_mem_gen/valid.cstr/ha
s_mux_a.A/Mmux_dout_mux_54" is sourceless and has been removed.
The signal
"UUT/EX_MEM/U0/xst_blk_mem_generator/gnativebmg.native_blk_mem_gen/valid.cstr/ra
mloop[10].ram.ram_douta<5>" is sourceless and has been removed.
The signal
"UUT/EX_MEM/U0/xst_blk_mem_generator/gnativebmg.native_blk_mem_gen/valid.cstr/ra
mloop[8].ram.ram_douta<5>" is sourceless and has been removed.
The signal
"UUT/EX_MEM/U0/xst_blk_mem_generator/gnativebmg.native_blk_mem_gen/valid.cstr/ra
mloop[14].ram.ram_douta<6>" is sourceless and has been removed.
The signal
"UUT/EX_MEM/U0/xst_blk_mem_generator/gnativebmg.native_blk_mem_gen/valid.cstr/ha
s_mux_a.A/Mmux_dout_mux_43" is sourceless and has been removed.
 Sourceless block
"UUT/EX_MEM/U0/xst_blk_mem_generator/gnativebmg.native_blk_mem_gen/valid.cstr/ha
s_mux_a.A/Mmux_dout_mux_3_f5_2" (MUX) removed.
  The signal
"UUT/EX_MEM/U0/xst_blk_mem_generator/gnativebmg.native_blk_mem_gen/valid.cstr/ha
s_mux_a.A/Mmux_dout_mux_3_f53" is sourceless and has been removed.
The signal
"UUT/EX_MEM/U0/xst_blk_mem_generator/gnativebmg.native_blk_mem_gen/valid.cstr/ra
mloop[12].ram.ram_douta<6>" is sourceless and has been removed.
The signal
"UUT/EX_MEM/U0/xst_blk_mem_generator/gnativebmg.native_blk_mem_gen/valid.cstr/ha
s_mux_a.A/Mmux_dout_mux_56" is sourceless and has been removed.
The signal
"UUT/EX_MEM/U0/xst_blk_mem_generator/gnativebmg.native_blk_mem_gen/valid.cstr/ra
mloop[10].ram.ram_douta<6>" is sourceless and has been removed.
The signal
"UUT/EX_MEM/U0/xst_blk_mem_generator/gnativebmg.native_blk_mem_gen/valid.cstr/ra
mloop[8].ram.ram_douta<6>" is sourceless and has been removed.
The signal
"UUT/EX_MEM/U0/xst_blk_mem_generator/gnativebmg.native_blk_mem_gen/valid.cstr/ra
mloop[14].ram.ram_douta<7>" is sourceless and has been removed.
The signal
"UUT/EX_MEM/U0/xst_blk_mem_generator/gnativebmg.native_blk_mem_gen/valid.cstr/ha
s_mux_a.A/Mmux_dout_mux_44" is sourceless and has been removed.
 Sourceless block
"UUT/EX_MEM/U0/xst_blk_mem_generator/gnativebmg.native_blk_mem_gen/valid.cstr/ha
s_mux_a.A/Mmux_dout_mux_3_f5_3" (MUX) removed.
  The signal
"UUT/EX_MEM/U0/xst_blk_mem_generator/gnativebmg.native_blk_mem_gen/valid.cstr/ha
s_mux_a.A/Mmux_dout_mux_3_f54" is sourceless and has been removed.
The signal
"UUT/EX_MEM/U0/xst_blk_mem_generator/gnativebmg.native_blk_mem_gen/valid.cstr/ra
mloop[12].ram.ram_douta<7>" is sourceless and has been removed.
The signal
"UUT/EX_MEM/U0/xst_blk_mem_generator/gnativebmg.native_blk_mem_gen/valid.cstr/ha
s_mux_a.A/Mmux_dout_mux_58" is sourceless and has been removed.
The signal
"UUT/EX_MEM/U0/xst_blk_mem_generator/gnativebmg.native_blk_mem_gen/valid.cstr/ra
mloop[10].ram.ram_douta<7>" is sourceless and has been removed.
The signal
"UUT/EX_MEM/U0/xst_blk_mem_generator/gnativebmg.native_blk_mem_gen/valid.cstr/ra
mloop[8].ram.ram_douta<7>" is sourceless and has been removed.
The signal
"UUT/EX_MEM/U0/xst_blk_mem_generator/gnativebmg.native_blk_mem_gen/valid.cstr/ra
mloop[14].ram.ram_douta<8>" is sourceless and has been removed.
The signal
"UUT/EX_MEM/U0/xst_blk_mem_generator/gnativebmg.native_blk_mem_gen/valid.cstr/ha
s_mux_a.A/Mmux_dout_mux_45" is sourceless and has been removed.
 Sourceless block
"UUT/EX_MEM/U0/xst_blk_mem_generator/gnativebmg.native_blk_mem_gen/valid.cstr/ha
s_mux_a.A/Mmux_dout_mux_3_f5_4" (MUX) removed.
  The signal
"UUT/EX_MEM/U0/xst_blk_mem_generator/gnativebmg.native_blk_mem_gen/valid.cstr/ha
s_mux_a.A/Mmux_dout_mux_3_f55" is sourceless and has been removed.
The signal
"UUT/EX_MEM/U0/xst_blk_mem_generator/gnativebmg.native_blk_mem_gen/valid.cstr/ra
mloop[12].ram.ram_douta<8>" is sourceless and has been removed.
The signal
"UUT/EX_MEM/U0/xst_blk_mem_generator/gnativebmg.native_blk_mem_gen/valid.cstr/ha
s_mux_a.A/Mmux_dout_mux_510" is sourceless and has been removed.
The signal
"UUT/EX_MEM/U0/xst_blk_mem_generator/gnativebmg.native_blk_mem_gen/valid.cstr/ra
mloop[10].ram.ram_douta<8>" is sourceless and has been removed.
The signal
"UUT/EX_MEM/U0/xst_blk_mem_generator/gnativebmg.native_blk_mem_gen/valid.cstr/ra
mloop[8].ram.ram_douta<8>" is sourceless and has been removed.
The signal
"UUT/EX_MEM/U0/xst_blk_mem_generator/gnativebmg.native_blk_mem_gen/valid.cstr/ra
mloop[14].ram.ram_douta<0>" is sourceless and has been removed.
The signal
"UUT/EX_MEM/U0/xst_blk_mem_generator/gnativebmg.native_blk_mem_gen/valid.cstr/ha
s_mux_a.A/Mmux_dout_mux_46" is sourceless and has been removed.
 Sourceless block
"UUT/EX_MEM/U0/xst_blk_mem_generator/gnativebmg.native_blk_mem_gen/valid.cstr/ha
s_mux_a.A/Mmux_dout_mux_3_f5_5" (MUX) removed.
  The signal
"UUT/EX_MEM/U0/xst_blk_mem_generator/gnativebmg.native_blk_mem_gen/valid.cstr/ha
s_mux_a.A/Mmux_dout_mux_3_f56" is sourceless and has been removed.
The signal
"UUT/EX_MEM/U0/xst_blk_mem_generator/gnativebmg.native_blk_mem_gen/valid.cstr/ra
mloop[12].ram.ram_douta<0>" is sourceless and has been removed.
The signal
"UUT/EX_MEM/U0/xst_blk_mem_generator/gnativebmg.native_blk_mem_gen/valid.cstr/ha
s_mux_a.A/Mmux_dout_mux_512" is sourceless and has been removed.
The signal
"UUT/EX_MEM/U0/xst_blk_mem_generator/gnativebmg.native_blk_mem_gen/valid.cstr/ra
mloop[10].ram.ram_douta<0>" is sourceless and has been removed.
The signal
"UUT/EX_MEM/U0/xst_blk_mem_generator/gnativebmg.native_blk_mem_gen/valid.cstr/ra
mloop[8].ram.ram_douta<0>" is sourceless and has been removed.
The signal
"UUT/EX_MEM/U0/xst_blk_mem_generator/gnativebmg.native_blk_mem_gen/valid.cstr/ra
mloop[14].ram.ram_douta<1>" is sourceless and has been removed.
The signal
"UUT/EX_MEM/U0/xst_blk_mem_generator/gnativebmg.native_blk_mem_gen/valid.cstr/ha
s_mux_a.A/Mmux_dout_mux_47" is sourceless and has been removed.
 Sourceless block
"UUT/EX_MEM/U0/xst_blk_mem_generator/gnativebmg.native_blk_mem_gen/valid.cstr/ha
s_mux_a.A/Mmux_dout_mux_3_f5_6" (MUX) removed.
  The signal
"UUT/EX_MEM/U0/xst_blk_mem_generator/gnativebmg.native_blk_mem_gen/valid.cstr/ha
s_mux_a.A/Mmux_dout_mux_3_f57" is sourceless and has been removed.
The signal
"UUT/EX_MEM/U0/xst_blk_mem_generator/gnativebmg.native_blk_mem_gen/valid.cstr/ra
mloop[12].ram.ram_douta<1>" is sourceless and has been removed.
The signal
"UUT/EX_MEM/U0/xst_blk_mem_generator/gnativebmg.native_blk_mem_gen/valid.cstr/ha
s_mux_a.A/Mmux_dout_mux_514" is sourceless and has been removed.
The signal
"UUT/EX_MEM/U0/xst_blk_mem_generator/gnativebmg.native_blk_mem_gen/valid.cstr/ra
mloop[10].ram.ram_douta<1>" is sourceless and has been removed.
The signal
"UUT/EX_MEM/U0/xst_blk_mem_generator/gnativebmg.native_blk_mem_gen/valid.cstr/ra
mloop[8].ram.ram_douta<1>" is sourceless and has been removed.
The signal
"UUT/EX_MEM/U0/xst_blk_mem_generator/gnativebmg.native_blk_mem_gen/valid.cstr/ra
mloop[14].ram.ram_douta<2>" is sourceless and has been removed.
The signal
"UUT/EX_MEM/U0/xst_blk_mem_generator/gnativebmg.native_blk_mem_gen/valid.cstr/ha
s_mux_a.A/Mmux_dout_mux_48" is sourceless and has been removed.
 Sourceless block
"UUT/EX_MEM/U0/xst_blk_mem_generator/gnativebmg.native_blk_mem_gen/valid.cstr/ha
s_mux_a.A/Mmux_dout_mux_3_f5_7" (MUX) removed.
  The signal
"UUT/EX_MEM/U0/xst_blk_mem_generator/gnativebmg.native_blk_mem_gen/valid.cstr/ha
s_mux_a.A/Mmux_dout_mux_3_f58" is sourceless and has been removed.
The signal
"UUT/EX_MEM/U0/xst_blk_mem_generator/gnativebmg.native_blk_mem_gen/valid.cstr/ra
mloop[12].ram.ram_douta<2>" is sourceless and has been removed.
The signal
"UUT/EX_MEM/U0/xst_blk_mem_generator/gnativebmg.native_blk_mem_gen/valid.cstr/ha
s_mux_a.A/Mmux_dout_mux_516" is sourceless and has been removed.
The signal
"UUT/EX_MEM/U0/xst_blk_mem_generator/gnativebmg.native_blk_mem_gen/valid.cstr/ra
mloop[10].ram.ram_douta<2>" is sourceless and has been removed.
The signal
"UUT/EX_MEM/U0/xst_blk_mem_generator/gnativebmg.native_blk_mem_gen/valid.cstr/ra
mloop[8].ram.ram_douta<2>" is sourceless and has been removed.
The signal
"UUT/EX_MEM/U0/xst_blk_mem_generator/gnativebmg.native_blk_mem_gen/valid.cstr/en
a_array<4>" is sourceless and has been removed.
The signal
"UUT/EX_MEM/U0/xst_blk_mem_generator/gnativebmg.native_blk_mem_gen/valid.cstr/en
a_array<5>" is sourceless and has been removed.
The signal
"UUT/EX_MEM/U0/xst_blk_mem_generator/gnativebmg.native_blk_mem_gen/valid.cstr/en
a_array<6>" is sourceless and has been removed.
The signal
"UUT/EX_MEM/U0/xst_blk_mem_generator/gnativebmg.native_blk_mem_gen/valid.cstr/en
a_array<7>" is sourceless and has been removed.
The signal
"UUT/EX_MEM/U0/xst_blk_mem_generator/gnativebmg.native_blk_mem_gen/valid.cstr/en
a_array<3>" is sourceless and has been removed.
The signal
"UUT/EX_MEM/U0/xst_blk_mem_generator/gnativebmg.native_blk_mem_gen/valid.cstr/en
a_array<1>" is sourceless and has been removed.
Unused block
"UUT/EX_MEM/U0/xst_blk_mem_generator/gnativebmg.native_blk_mem_gen/valid.cstr/bi
ndec_a.bindec_inst_a/ADDR[2]_GND_16_o_equal_2_o<2>1" (ROM) removed.
Unused block
"UUT/EX_MEM/U0/xst_blk_mem_generator/gnativebmg.native_blk_mem_gen/valid.cstr/bi
ndec_a.bindec_inst_a/ADDR[2]_GND_16_o_equal_4_o<2>1" (ROM) removed.
Unused block
"UUT/EX_MEM/U0/xst_blk_mem_generator/gnativebmg.native_blk_mem_gen/valid.cstr/bi
ndec_a.bindec_inst_a/ADDR[2]_PWR_16_o_equal_6_o<2>1" (ROM) removed.
Unused block
"UUT/EX_MEM/U0/xst_blk_mem_generator/gnativebmg.native_blk_mem_gen/valid.cstr/bi
ndec_a.bindec_inst_a/ADDR[2]_PWR_16_o_equal_8_o<2>1" (ROM) removed.
Unused block
"UUT/EX_MEM/U0/xst_blk_mem_generator/gnativebmg.native_blk_mem_gen/valid.cstr/ra
mloop[10].ram.r/s3_init.ram/dpram.dp9x9.ram" (RAMB16_S9_S9) removed.
Unused block
"UUT/EX_MEM/U0/xst_blk_mem_generator/gnativebmg.native_blk_mem_gen/valid.cstr/ra
mloop[12].ram.r/s3_init.ram/dpram.dp9x9.ram" (RAMB16_S9_S9) removed.
Unused block
"UUT/EX_MEM/U0/xst_blk_mem_generator/gnativebmg.native_blk_mem_gen/valid.cstr/ra
mloop[14].ram.r/s3_init.ram/dpram.dp9x9.ram" (RAMB16_S9_S9) removed.
Unused block
"UUT/EX_MEM/U0/xst_blk_mem_generator/gnativebmg.native_blk_mem_gen/valid.cstr/ra
mloop[8].ram.r/s3_init.ram/dpram.dp9x9.ram" (RAMB16_S9_S9) removed.
Unused block
"UUT/EX_MEM/U0/xst_blk_mem_generator/gnativebmg.native_blk_mem_gen/valid.cstr/ra
mloop[11].ram.r/s3_init.ram/dpram.dp9x9.ram" (RAMB16_S9_S9) removed.
Unused block
"UUT/EX_MEM/U0/xst_blk_mem_generator/gnativebmg.native_blk_mem_gen/valid.cstr/ra
mloop[13].ram.r/s3_init.ram/dpram.dp9x9.ram" (RAMB16_S9_S9) removed.

Optimized Block(s):
TYPE 		BLOCK
GND 		UUT/ALU_UNIT/word_unit/DATAMEMORY/XST_GND
VCC 		UUT/ALU_UNIT/word_unit/DATAMEMORY/XST_VCC
LUT3
		UUT/EX_MEM/U0/xst_blk_mem_generator/gnativebmg.native_blk_mem_gen/valid.cstr/b
indec_a.bindec_inst_a/ADDR[2]_PWR_16_o_equal_5_o<2>1
   optimized to 0
LUT3
		UUT/EX_MEM/U0/xst_blk_mem_generator/gnativebmg.native_blk_mem_gen/valid.cstr/b
indec_a.bindec_inst_a/ADDR[2]_PWR_16_o_equal_7_o<2>1
   optimized to 0
FDE
		UUT/EX_MEM/U0/xst_blk_mem_generator/gnativebmg.native_blk_mem_gen/valid.cstr/h
as_mux_a.A/sel_pipe_0
   optimized to 0
FDE
		UUT/EX_MEM/U0/xst_blk_mem_generator/gnativebmg.native_blk_mem_gen/valid.cstr/h
as_mux_a.A/sel_pipe_2
   optimized to 0
GND 		UUT/EX_MEM/XST_GND
VCC 		UUT/EX_MEM/XST_VCC
GND 		UUT/Fetch_UNIT/U2/XST_GND
VCC 		UUT/Fetch_UNIT/U2/XST_VCC
GND 		XST_GND
VCC 		XST_VCC

To enable printing of redundant blocks removed and signals merged, set the
detailed map report option and rerun map.

Section 6 - IOB Properties
--------------------------

+---------------------------------------------------------------------------------------------------------------------------------------------------------+
| IOB Name                           | Type             | Direction | IO Standard          | Diff  | Drive    | Slew | Reg (s)      | Resistor | IOB      |
|                                    |                  |           |                      | Term  | Strength | Rate |              |          | Delay    |
+---------------------------------------------------------------------------------------------------------------------------------------------------------+
| AN<0>                              | IOB              | OUTPUT    | LVCMOS25             |       | 12       | SLOW |              |          | 0 / 0    |
| AN<1>                              | IOB              | OUTPUT    | LVCMOS25             |       | 12       | SLOW |              |          | 0 / 0    |
| AN<2>                              | IOB              | OUTPUT    | LVCMOS25             |       | 12       | SLOW |              |          | 0 / 0    |
| AN<3>                              | IOB              | OUTPUT    | LVCMOS25             |       | 12       | SLOW |              |          | 0 / 0    |
| BTN<0>                             | IBUF             | INPUT     | LVCMOS25             |       |          |      |              |          | 0 / 0    |
| BTN<1>                             | IBUF             | INPUT     | LVCMOS25             |       |          |      |              |          | 0 / 0    |
| BTN<2>                             | IBUF             | INPUT     | LVCMOS25             |       |          |      |              |          | 0 / 0    |
| BTN<3>                             | IBUF             | INPUT     | LVCMOS25             |       |          |      |              |          | 0 / 0    |
| CLK                                | IBUF             | INPUT     | LVCMOS25             |       |          |      |              |          | 0 / 0    |
| DP                                 | IOB              | OUTPUT    | LVCMOS25             |       | 12       | SLOW |              |          | 0 / 0    |
| JA<0>                              | IOB              | OUTPUT    | LVCMOS25             |       | 12       | SLOW |              |          | 0 / 0    |
| JA<1>                              | IOB              | OUTPUT    | LVCMOS25             |       | 12       | SLOW |              |          | 0 / 0    |
| JA<2>                              | IOB              | OUTPUT    | LVCMOS25             |       | 12       | SLOW |              |          | 0 / 0    |
| JA<3>                              | IOB              | OUTPUT    | LVCMOS25             |       | 12       | SLOW |              |          | 0 / 0    |
| JA<4>                              | IOB              | OUTPUT    | LVCMOS25             |       | 12       | SLOW |              |          | 0 / 0    |
| JA<5>                              | IOB              | OUTPUT    | LVCMOS25             |       | 12       | SLOW |              |          | 0 / 0    |
| JA<6>                              | IOB              | OUTPUT    | LVCMOS25             |       | 12       | SLOW |              |          | 0 / 0    |
| JA<7>                              | IOB              | OUTPUT    | LVCMOS25             |       | 12       | SLOW |              |          | 0 / 0    |
| JB<0>                              | IOB              | OUTPUT    | LVCMOS25             |       | 12       | SLOW |              |          | 0 / 0    |
| JB<1>                              | IOB              | OUTPUT    | LVCMOS25             |       | 12       | SLOW |              |          | 0 / 0    |
| JB<2>                              | IOB              | OUTPUT    | LVCMOS25             |       | 12       | SLOW |              |          | 0 / 0    |
| JB<3>                              | IOB              | OUTPUT    | LVCMOS25             |       | 12       | SLOW |              |          | 0 / 0    |
| JB<4>                              | IOB              | OUTPUT    | LVCMOS25             |       | 12       | SLOW |              |          | 0 / 0    |
| JB<5>                              | IOB              | OUTPUT    | LVCMOS25             |       | 12       | SLOW |              |          | 0 / 0    |
| JB<6>                              | IOB              | OUTPUT    | LVCMOS25             |       | 12       | SLOW |              |          | 0 / 0    |
| JB<7>                              | IOB              | OUTPUT    | LVCMOS25             |       | 12       | SLOW |              |          | 0 / 0    |
| JC<0>                              | IOB              | OUTPUT    | LVCMOS25             |       | 12       | SLOW |              |          | 0 / 0    |
| JC<1>                              | IOB              | OUTPUT    | LVCMOS25             |       | 12       | SLOW |              |          | 0 / 0    |
| JC<2>                              | IOB              | OUTPUT    | LVCMOS25             |       | 12       | SLOW |              |          | 0 / 0    |
| JC<3>                              | IOB              | OUTPUT    | LVCMOS25             |       | 12       | SLOW |              |          | 0 / 0    |
| JC<4>                              | IOB              | OUTPUT    | LVCMOS25             |       | 12       | SLOW |              |          | 0 / 0    |
| JC<5>                              | IOB              | OUTPUT    | LVCMOS25             |       | 12       | SLOW |              |          | 0 / 0    |
| JC<6>                              | IOB              | OUTPUT    | LVCMOS25             |       | 12       | SLOW |              |          | 0 / 0    |
| JC<7>                              | IOB              | OUTPUT    | LVCMOS25             |       | 12       | SLOW |              |          | 0 / 0    |
| JD<0>                              | IOB              | OUTPUT    | LVCMOS25             |       | 12       | SLOW |              |          | 0 / 0    |
| JD<1>                              | IOB              | OUTPUT    | LVCMOS25             |       | 12       | SLOW |              |          | 0 / 0    |
| JD<2>                              | IOB              | OUTPUT    | LVCMOS25             |       | 12       | SLOW |              |          | 0 / 0    |
| JD<3>                              | IOB              | OUTPUT    | LVCMOS25             |       | 12       | SLOW |              |          | 0 / 0    |
| LED<0>                             | IOB              | OUTPUT    | LVCMOS25             |       | 12       | SLOW |              |          | 0 / 0    |
| LED<1>                             | IOB              | OUTPUT    | LVCMOS25             |       | 12       | SLOW |              |          | 0 / 0    |
| LED<2>                             | IOB              | OUTPUT    | LVCMOS25             |       | 12       | SLOW |              |          | 0 / 0    |
| LED<3>                             | IOB              | OUTPUT    | LVCMOS25             |       | 12       | SLOW |              |          | 0 / 0    |
| LED<4>                             | IOB              | OUTPUT    | LVCMOS25             |       | 12       | SLOW |              |          | 0 / 0    |
| LED<5>                             | IOB              | OUTPUT    | LVCMOS25             |       | 12       | SLOW |              |          | 0 / 0    |
| LED<6>                             | IOB              | OUTPUT    | LVCMOS25             |       | 12       | SLOW |              |          | 0 / 0    |
| LED<7>                             | IOB              | OUTPUT    | LVCMOS25             |       | 12       | SLOW |              |          | 0 / 0    |
| SEG<0>                             | IOB              | OUTPUT    | LVCMOS25             |       | 12       | SLOW |              |          | 0 / 0    |
| SEG<1>                             | IOB              | OUTPUT    | LVCMOS25             |       | 12       | SLOW |              |          | 0 / 0    |
| SEG<2>                             | IOB              | OUTPUT    | LVCMOS25             |       | 12       | SLOW |              |          | 0 / 0    |
| SEG<3>                             | IOB              | OUTPUT    | LVCMOS25             |       | 12       | SLOW |              |          | 0 / 0    |
| SEG<4>                             | IOB              | OUTPUT    | LVCMOS25             |       | 12       | SLOW |              |          | 0 / 0    |
| SEG<5>                             | IOB              | OUTPUT    | LVCMOS25             |       | 12       | SLOW |              |          | 0 / 0    |
| SEG<6>                             | IOB              | OUTPUT    | LVCMOS25             |       | 12       | SLOW |              |          | 0 / 0    |
| SW<0>                              | IBUF             | INPUT     | LVCMOS25             |       |          |      |              |          | 0 / 0    |
| SW<1>                              | IBUF             | INPUT     | LVCMOS25             |       |          |      |              |          | 0 / 0    |
| SW<2>                              | IBUF             | INPUT     | LVCMOS25             |       |          |      |              |          | 0 / 0    |
| SW<3>                              | IBUF             | INPUT     | LVCMOS25             |       |          |      |              |          | 0 / 0    |
| SW<4>                              | IBUF             | INPUT     | LVCMOS25             |       |          |      |              |          | 0 / 0    |
| SW<5>                              | IBUF             | INPUT     | LVCMOS25             |       |          |      |              |          | 0 / 0    |
| SW<6>                              | IBUF             | INPUT     | LVCMOS25             |       |          |      |              |          | 0 / 0    |
| SW<7>                              | IBUF             | INPUT     | LVCMOS25             |       |          |      |              |          | 0 / 0    |
+---------------------------------------------------------------------------------------------------------------------------------------------------------+

Section 7 - RPMs
----------------

Section 8 - Guide Report
------------------------
Guide not run on this design.

Section 9 - Area Group and Partition Summary
--------------------------------------------

Partition Implementation Status
-------------------------------

  No Partitions were found in this design.

-------------------------------

Area Group Information
----------------------

  No area groups were found in this design.

----------------------

Section 10 - Timing Report
--------------------------
This design was not run using timing mode.

Section 11 - Configuration String Details
-----------------------------------------
Use the "-detail" map option to print out Configuration Strings

Section 12 - Control Set Information
------------------------------------
No control set information for this architecture.

Section 13 - Utilization by Hierarchy
-------------------------------------
Use the "-detail" map option to print out the Utilization by Hierarchy section.
