--------------------------------------------------------------------------------
Release 14.7 Trace  (lin64)
Copyright (c) 1995-2013 Xilinx, Inc.  All rights reserved.

/home/robert/XilinxISE/14.7/ISE_DS/ISE/bin/lin64/unwrapped/trce -intstyle ise
-v 3 -s 4 -n 3 -fastpaths -xml Hardware_TL.twx Hardware_TL.ncd -o
Hardware_TL.twr Hardware_TL.pcf -ucf UMD RISC-16.ucf

Design file:              Hardware_TL.ncd
Physical constraint file: Hardware_TL.pcf
Device,package,speed:     xc3s500e,fg320,-4 (PRODUCTION 1.27 2013-10-13)
Report level:             verbose report

Environment Variable      Effect 
--------------------      ------ 
NONE                      No environment variables were set
--------------------------------------------------------------------------------

INFO:Timing:2698 - No timing constraints found, doing default enumeration.
INFO:Timing:3412 - To improve timing, see the Timing Closure User Guide (UG612).
INFO:Timing:2752 - To get complete path coverage, use the unconstrained paths 
   option. All paths that are not constrained will be reported in the 
   unconstrained paths section(s) of the report.
INFO:Timing:3339 - The clock-to-out numbers in this timing report are based on 
   a 50 Ohm transmission line loading model.  For the details of this model, 
   and for more information on accounting for different loading conditions, 
   please see the device datasheet.
INFO:Timing:3390 - This architecture does not support a default System Jitter 
   value, please add SYSTEM_JITTER constraint to the UCF to modify the Clock 
   Uncertainty calculation.
INFO:Timing:3389 - This architecture does not support 'Discrete Jitter' and 
   'Phase Error' calculations, these terms will be zero in the Clock 
   Uncertainty calculation.  Please make appropriate modification to 
   SYSTEM_JITTER to account for the unsupported Discrete Jitter and Phase 
   Error.



Data Sheet report:
-----------------
All values displayed in nanoseconds (ns)

Setup/Hold to clock CLK
------------+------------+------------+------------------+--------+
            |Max Setup to|Max Hold to |                  | Clock  |
Source      | clk (edge) | clk (edge) |Internal Clock(s) | Phase  |
------------+------------+------------+------------------+--------+
BTN<0>      |    1.107(R)|    0.322(R)|CLK_IBUF          |   0.000|
BTN<3>      |    0.798(R)|    0.570(R)|CLK_IBUF          |   0.000|
------------+------------+------------+------------------+--------+

Clock CLK to Pad
------------+------------+------------------+--------+
            | clk (edge) |                  | Clock  |
Destination |   to PAD   |Internal Clock(s) | Phase  |
------------+------------+------------------+--------+
LED<0>      |   14.373(F)|software_clk      |   0.000|
LED<1>      |   14.650(F)|software_clk      |   0.000|
LED<2>      |   13.781(F)|software_clk      |   0.000|
LED<3>      |   14.299(F)|software_clk      |   0.000|
LED<4>      |   15.587(F)|software_clk      |   0.000|
------------+------------+------------------+--------+

Clock SW<6> to Pad
------------+------------+------------------+--------+
            | clk (edge) |                  | Clock  |
Destination |   to PAD   |Internal Clock(s) | Phase  |
------------+------------+------------------+--------+
LED<0>      |   13.471(F)|software_clk      |   0.000|
LED<1>      |   13.748(F)|software_clk      |   0.000|
LED<2>      |   12.879(F)|software_clk      |   0.000|
LED<3>      |   13.397(F)|software_clk      |   0.000|
LED<4>      |   14.685(F)|software_clk      |   0.000|
------------+------------+------------------+--------+

Clock SW<7> to Pad
------------+------------+------------------+--------+
            | clk (edge) |                  | Clock  |
Destination |   to PAD   |Internal Clock(s) | Phase  |
------------+------------+------------------+--------+
LED<0>      |   13.583(F)|software_clk      |   0.000|
LED<1>      |   13.860(F)|software_clk      |   0.000|
LED<2>      |   12.991(F)|software_clk      |   0.000|
LED<3>      |   13.509(F)|software_clk      |   0.000|
LED<4>      |   14.797(F)|software_clk      |   0.000|
------------+------------+------------------+--------+

Clock to Setup on destination clock CLK
---------------+---------+---------+---------+---------+
               | Src:Rise| Src:Fall| Src:Rise| Src:Fall|
Source Clock   |Dest:Rise|Dest:Rise|Dest:Fall|Dest:Fall|
---------------+---------+---------+---------+---------+
CLK            |    6.427|   12.520|    6.324|    9.570|
SW<6>          |    6.427|   12.520|    6.324|    9.570|
SW<7>          |    6.427|   12.520|    6.324|    9.570|
---------------+---------+---------+---------+---------+

Clock to Setup on destination clock SW<6>
---------------+---------+---------+---------+---------+
               | Src:Rise| Src:Fall| Src:Rise| Src:Fall|
Source Clock   |Dest:Rise|Dest:Rise|Dest:Fall|Dest:Fall|
---------------+---------+---------+---------+---------+
CLK            |    6.427|   12.520|    6.324|    9.570|
SW<6>          |    6.427|   12.520|    6.324|    9.570|
SW<7>          |    6.427|   12.520|    6.324|    9.570|
---------------+---------+---------+---------+---------+

Clock to Setup on destination clock SW<7>
---------------+---------+---------+---------+---------+
               | Src:Rise| Src:Fall| Src:Rise| Src:Fall|
Source Clock   |Dest:Rise|Dest:Rise|Dest:Fall|Dest:Fall|
---------------+---------+---------+---------+---------+
CLK            |    6.427|   12.520|    6.324|    9.570|
SW<6>          |    6.427|   12.520|    6.324|    9.570|
SW<7>          |    6.427|   12.520|    6.324|    9.570|
---------------+---------+---------+---------+---------+


Analysis completed Sun Apr 24 18:42:04 2016 
--------------------------------------------------------------------------------

Trace Settings:
-------------------------
Trace Settings 

Peak Memory Usage: 363 MB



