Running: C:\Xilinx\14.7\ISE_DS\ISE\bin\nt64\unwrapped\fuse.exe -intstyle ise -incremental -o U:/ECE368_Project_Lab1_Team5/jump_unit_tb_isim_beh.exe -prj U:/ECE368_Project_Lab1_Team5/jump_unit_tb_beh.prj work.jump_unit_tb 
ISim P.20131013 (signature 0x7708f090)
Number of CPUs detected in this system: 2
Turning on mult-threading, number of parallel sub-compilation jobs: 4 
Determining compilation order of HDL files
Parsing VHDL file "U:/ECE368_Project_Lab1_Team5/jump_unit.vhd" into library work
Parsing VHDL file "U:/ECE368_Project_Lab1_Team5/jump_unit_tb.vhd" into library work
Starting static elaboration
Completed static elaboration
Compiling package standard
Compiling package std_logic_1164
Compiling package numeric_std
Compiling architecture combinational of entity jump_unit [jump_unit_default]
Compiling architecture behavior of entity jump_unit_tb
Time Resolution for simulation is 1ps.
Waiting for 1 sub-compilation(s) to finish...
Compiled 6 VHDL Units
Built simulation executable U:/ECE368_Project_Lab1_Team5/jump_unit_tb_isim_beh.exe
Fuse Memory Usage: 35368 KB
Fuse CPU Usage: 873 ms
