Welcome to Xilinx CORE Generator.
Help system initialized.
The IP Catalog has been reloaded.
Opening project file
/home/robert/UMD_RISC-16G5/ProjectLab2/Combined/ipcore_dir/coregen.cgp.
Customize and GenerateINFO:sim:172 - Generating IP...
Applying current project options...
Finished applying current project options.
Cancelled executing Tcl generator.
Customize and GenerateINFO:sim:172 - Generating IP...
Applying current project options...
Finished applying current project options.
Resolving generics for 'EX_MEM'...
Applying external generics to 'EX_MEM'...
Delivering associated files for 'EX_MEM'...
Delivering EJava files for 'EX_MEM'...
Generating implementation netlist for 'EX_MEM'...
INFO:sim - Pre-processing HDL files for 'EX_MEM'...
Running synthesis for 'EX_MEM'
Running ngcbuild...
Writing VHO instantiation template for 'EX_MEM'...
Writing VHDL behavioral simulation model for 'EX_MEM'...
WARNING:sim - Overwriting existing file
   /home/robert/UMD_RISC-16G5/ProjectLab2/Combined/ipcore_dir/tmp/_cg/EX_MEM/doc
   /blk_mem_gen_v7_3_vinfo.html with file from view xilinx_documentation
Delivered 1 file into directory
/home/robert/UMD_RISC-16G5/ProjectLab2/Combined/ipcore_dir/tmp/_cg/EX_MEM
Generating ASY schematic symbol...
INFO:sim:949 - Finished generation of ASY schematic symbol.
Generating metadata file...
Generating ISE project file for 'EX_MEM'...
Generating ISE project...
XCO file found: EX_MEM.xco
XMDF file found: EX_MEM_xmdf.tcl
Adding
/home/robert/UMD_RISC-16G5/ProjectLab2/Combined/ipcore_dir/tmp/_cg/EX_MEM.asy
-view all -origin_type imported
Adding
/home/robert/UMD_RISC-16G5/ProjectLab2/Combined/ipcore_dir/tmp/_cg/EX_MEM.ngc
-view all -origin_type created
Checking file
"/home/robert/UMD_RISC-16G5/ProjectLab2/Combined/ipcore_dir/tmp/_cg/EX_MEM.ngc"
for project device match ...
File
"/home/robert/UMD_RISC-16G5/ProjectLab2/Combined/ipcore_dir/tmp/_cg/EX_MEM.ngc"
device information matches project device.
Adding
/home/robert/UMD_RISC-16G5/ProjectLab2/Combined/ipcore_dir/tmp/_cg/EX_MEM.vhd
-view all -origin_type created
INFO:HDLCompiler:1061 - Parsing VHDL file
   "/home/robert/UMD_RISC-16G5/ProjectLab2/Combined/ipcore_dir/tmp/_cg/EX_MEM.vh
   d" into library work
INFO:ProjectMgmt - Parsing design hierarchy completed successfully.
Adding
/home/robert/UMD_RISC-16G5/ProjectLab2/Combined/ipcore_dir/tmp/_cg/EX_MEM.vho
-view all -origin_type imported
INFO:TclTasksC:2116 - The automatic calculation of top has been turned-off.
   Please set the new top explicitly by running the "project set top" command.
   To re-calculate the new top automatically, set the "Auto Implementation Top"
   property to true.
Top level has been set to "/EX_MEM"
Generating README file...
Generating FLIST file...
INFO:sim:948 - Finished FLIST file generation.
Launching README viewer...
Moving files to output directory...
Finished moving files to output directory
Saved CGP file for project 'coregen'.
Closed project file.
