ISim log file
Running: /home/robert/UMD_RISC-16G5/ProjectLab2/ProgramCounter/ProgramCounter/IM_tb_isim_beh.exe -intstyle ise -gui -tclbatch isim.cmd -wdb /home/robert/UMD_RISC-16G5/ProjectLab2/ProgramCounter/ProgramCounter/IM_tb_isim_beh.wdb 
INFO: There is another simulation running in the same directory. Using database file name isim1.wdb.
ISim P.20131013 (signature 0xfbc00daa)
This is a Full version of ISim.
Time resolution is 1 ps
# onerror resume
# wave add /
# run 1000 ns
Simulator is doing circuit initialization process.
Finished circuit initialization process.
INFO: There is another simulation running in the same directory. Using database file name isim1.wdb.
ISim P.20131013 (signature 0xfbc00daa)
This is a Full version of ISim.
# run 1000 ns
Simulator is doing circuit initialization process.
Finished circuit initialization process.
# restart
# restart
# run all
Simulator is doing circuit initialization process.
Finished circuit initialization process.
Stopped at time : 2414835100 ps : File "/home/robert/UMD_RISC-16G5/ProjectLab2/ProgramCounter/ProgramCounter/Instruction_Memory_TL.vhd" Line 66
# run all
Stopped at time : 4571355 ns : File "/home/robert/UMD_RISC-16G5/ProjectLab2/ProgramCounter/ProgramCounter/IM_tb.vhd" Line 96
# restart
# run 1.00us
Simulator is doing circuit initialization process.
Finished circuit initialization process.
# exit 0
# restart
# run 1.00us
Simulator is doing circuit initialization process.
Finished circuit initialization process.
ISim P.20131013 (signature 0xfbc00daa)
This is a Full version of ISim.
# run 1000 ns
Simulator is doing circuit initialization process.
Finished circuit initialization process.
ISim P.20131013 (signature 0xfbc00daa)
This is a Full version of ISim.
# run 1000 ns
Simulator is doing circuit initialization process.
Finished circuit initialization process.
# exit 0
