ISim log file
Running: /home/robert/UMD_RISC-16G5/ProjectLab2/NewCombined/TopLevel_tb_isim_beh.exe -intstyle ise -gui -tclbatch isim.cmd -wdb /home/robert/UMD_RISC-16G5/ProjectLab2/NewCombined/TopLevel_tb_isim_beh.wdb 
ISim P.20131013 (signature 0xfbc00daa)
This is a Full version of ISim.
Time resolution is 1 ps
# onerror resume
# wave add /
# run 1000 ns
Simulator is doing circuit initialization process.
at 0 ps, Instance /toplevel_tb/uut/Fetch_UNIT/PCINC/ : Warning: There is an 'U'|'X'|'W'|'Z'|'-' in an arithmetic operand, the result will be 'X'(es).
Finished circuit initialization process.
at 0 ps, Instance /toplevel_tb/uut/ALU_UNIT/shift_unit/ : Warning: CONV_INTEGER: There is an 'U'|'X'|'W'|'Z'|'-' in an arithmetic operand, and it has been converted to 0.
at 0 ps, Instance /toplevel_tb/uut/ALU_UNIT/shift_unit/ : Warning: CONV_INTEGER: There is an 'U'|'X'|'W'|'Z'|'-' in an arithmetic operand, and it has been converted to 0.
at 0 ps, Instance /toplevel_tb/uut/ALU_UNIT/shift_unit/ : Warning: CONV_INTEGER: There is an 'U'|'X'|'W'|'Z'|'-' in an arithmetic operand, and it has been converted to 0.
at 0 ps, Instance /toplevel_tb/uut/ALU_UNIT/shift_unit/ : Warning: CONV_INTEGER: There is an 'U'|'X'|'W'|'Z'|'-' in an arithmetic operand, and it has been converted to 0.
# restart
# run 30ms
Simulator is doing circuit initialization process.
Finished circuit initialization process.
at 0 ps, Instance /toplevel_tb/uut/ALU_UNIT/shift_unit/ : Warning: CONV_INTEGER: There is an 'U'|'X'|'W'|'Z'|'-' in an arithmetic operand, and it has been converted to 0.
at 0 ps, Instance /toplevel_tb/uut/ALU_UNIT/shift_unit/ : Warning: CONV_INTEGER: There is an 'U'|'X'|'W'|'Z'|'-' in an arithmetic operand, and it has been converted to 0.
at 0 ps, Instance /toplevel_tb/uut/ALU_UNIT/shift_unit/ : Warning: CONV_INTEGER: There is an 'U'|'X'|'W'|'Z'|'-' in an arithmetic operand, and it has been converted to 0.
at 0 ps, Instance /toplevel_tb/uut/ALU_UNIT/shift_unit/ : Warning: CONV_INTEGER: There is an 'U'|'X'|'W'|'Z'|'-' in an arithmetic operand, and it has been converted to 0.
at 500 us(1), Instance /toplevel_tb/uut/ALU_UNIT/word_unit/DATAMEMORY/U0/native_mem_module/mem_module/ : Warning: CONV_INTEGER: There is an 'U'|'X'|'W'|'Z'|'-' in an arithmetic operand, and it has been converted to 0.
at 1 ms(2), Instance /toplevel_tb/uut/EX_MEM/U0/native_mem_module/mem_module/ : Warning: CONV_INTEGER: There is an 'U'|'X'|'W'|'Z'|'-' in an arithmetic operand, and it has been converted to 0.
at 2 ms(2), Instance /toplevel_tb/uut/EX_MEM/U0/native_mem_module/mem_module/ : Warning: CONV_INTEGER: There is an 'U'|'X'|'W'|'Z'|'-' in an arithmetic operand, and it has been converted to 0.
at 3 ms(3), Instance /toplevel_tb/uut/ALU_UNIT/shift_unit/ : Warning: CONV_INTEGER: There is an 'U'|'X'|'W'|'Z'|'-' in an arithmetic operand, and it has been converted to 0.
at 3 ms(3), Instance /toplevel_tb/uut/ALU_UNIT/shift_unit/ : Warning: CONV_INTEGER: There is an 'U'|'X'|'W'|'Z'|'-' in an arithmetic operand, and it has been converted to 0.
at 3 ms(4), Instance /toplevel_tb/uut/ALU_UNIT/shift_unit/ : Warning: CONV_INTEGER: There is an 'U'|'X'|'W'|'Z'|'-' in an arithmetic operand, and it has been converted to 0.
at 3 ms(4), Instance /toplevel_tb/uut/ALU_UNIT/shift_unit/ : Warning: CONV_INTEGER: There is an 'U'|'X'|'W'|'Z'|'-' in an arithmetic operand, and it has been converted to 0.
at 3500 us(1), Instance /toplevel_tb/uut/ALU_UNIT/word_unit/DATAMEMORY/U0/native_mem_module/mem_module/ : Warning: CONV_INTEGER: There is an 'U'|'X'|'W'|'Z'|'-' in an arithmetic operand, and it has been converted to 0.
at 4500 us(1), Instance /toplevel_tb/uut/ALU_UNIT/word_unit/DATAMEMORY/U0/native_mem_module/mem_module/ : Warning: CONV_INTEGER: There is an 'U'|'X'|'W'|'Z'|'-' in an arithmetic operand, and it has been converted to 0.
# restart
# run 30ms
Simulator is doing circuit initialization process.
Finished circuit initialization process.
at 0 ps, Instance /toplevel_tb/uut/ALU_UNIT/shift_unit/ : Warning: CONV_INTEGER: There is an 'U'|'X'|'W'|'Z'|'-' in an arithmetic operand, and it has been converted to 0.
at 0 ps, Instance /toplevel_tb/uut/ALU_UNIT/shift_unit/ : Warning: CONV_INTEGER: There is an 'U'|'X'|'W'|'Z'|'-' in an arithmetic operand, and it has been converted to 0.
at 0 ps, Instance /toplevel_tb/uut/ALU_UNIT/shift_unit/ : Warning: CONV_INTEGER: There is an 'U'|'X'|'W'|'Z'|'-' in an arithmetic operand, and it has been converted to 0.
at 0 ps, Instance /toplevel_tb/uut/ALU_UNIT/shift_unit/ : Warning: CONV_INTEGER: There is an 'U'|'X'|'W'|'Z'|'-' in an arithmetic operand, and it has been converted to 0.
at 500 us(1), Instance /toplevel_tb/uut/ALU_UNIT/word_unit/DATAMEMORY/U0/native_mem_module/mem_module/ : Warning: CONV_INTEGER: There is an 'U'|'X'|'W'|'Z'|'-' in an arithmetic operand, and it has been converted to 0.
at 1 ms(2), Instance /toplevel_tb/uut/EX_MEM/U0/native_mem_module/mem_module/ : Warning: CONV_INTEGER: There is an 'U'|'X'|'W'|'Z'|'-' in an arithmetic operand, and it has been converted to 0.
at 2 ms(2), Instance /toplevel_tb/uut/EX_MEM/U0/native_mem_module/mem_module/ : Warning: CONV_INTEGER: There is an 'U'|'X'|'W'|'Z'|'-' in an arithmetic operand, and it has been converted to 0.
at 3 ms(3), Instance /toplevel_tb/uut/ALU_UNIT/shift_unit/ : Warning: CONV_INTEGER: There is an 'U'|'X'|'W'|'Z'|'-' in an arithmetic operand, and it has been converted to 0.
at 3 ms(3), Instance /toplevel_tb/uut/ALU_UNIT/shift_unit/ : Warning: CONV_INTEGER: There is an 'U'|'X'|'W'|'Z'|'-' in an arithmetic operand, and it has been converted to 0.
at 3 ms(4), Instance /toplevel_tb/uut/ALU_UNIT/shift_unit/ : Warning: CONV_INTEGER: There is an 'U'|'X'|'W'|'Z'|'-' in an arithmetic operand, and it has been converted to 0.
at 3 ms(4), Instance /toplevel_tb/uut/ALU_UNIT/shift_unit/ : Warning: CONV_INTEGER: There is an 'U'|'X'|'W'|'Z'|'-' in an arithmetic operand, and it has been converted to 0.
at 3500 us(1), Instance /toplevel_tb/uut/ALU_UNIT/word_unit/DATAMEMORY/U0/native_mem_module/mem_module/ : Warning: CONV_INTEGER: There is an 'U'|'X'|'W'|'Z'|'-' in an arithmetic operand, and it has been converted to 0.
at 4500 us(1), Instance /toplevel_tb/uut/ALU_UNIT/word_unit/DATAMEMORY/U0/native_mem_module/mem_module/ : Warning: CONV_INTEGER: There is an 'U'|'X'|'W'|'Z'|'-' in an arithmetic operand, and it has been converted to 0.
# restart
# run 30ms
Simulator is doing circuit initialization process.
Finished circuit initialization process.
at 0 ps, Instance /toplevel_tb/uut/ALU_UNIT/shift_unit/ : Warning: CONV_INTEGER: There is an 'U'|'X'|'W'|'Z'|'-' in an arithmetic operand, and it has been converted to 0.
at 0 ps, Instance /toplevel_tb/uut/ALU_UNIT/shift_unit/ : Warning: CONV_INTEGER: There is an 'U'|'X'|'W'|'Z'|'-' in an arithmetic operand, and it has been converted to 0.
at 0 ps, Instance /toplevel_tb/uut/ALU_UNIT/shift_unit/ : Warning: CONV_INTEGER: There is an 'U'|'X'|'W'|'Z'|'-' in an arithmetic operand, and it has been converted to 0.
at 0 ps, Instance /toplevel_tb/uut/ALU_UNIT/shift_unit/ : Warning: CONV_INTEGER: There is an 'U'|'X'|'W'|'Z'|'-' in an arithmetic operand, and it has been converted to 0.
at 500 us(1), Instance /toplevel_tb/uut/ALU_UNIT/word_unit/DATAMEMORY/U0/native_mem_module/mem_module/ : Warning: CONV_INTEGER: There is an 'U'|'X'|'W'|'Z'|'-' in an arithmetic operand, and it has been converted to 0.
at 1 ms(2), Instance /toplevel_tb/uut/EX_MEM/U0/native_mem_module/mem_module/ : Warning: CONV_INTEGER: There is an 'U'|'X'|'W'|'Z'|'-' in an arithmetic operand, and it has been converted to 0.
at 2 ms(2), Instance /toplevel_tb/uut/EX_MEM/U0/native_mem_module/mem_module/ : Warning: CONV_INTEGER: There is an 'U'|'X'|'W'|'Z'|'-' in an arithmetic operand, and it has been converted to 0.
at 3 ms(3), Instance /toplevel_tb/uut/ALU_UNIT/shift_unit/ : Warning: CONV_INTEGER: There is an 'U'|'X'|'W'|'Z'|'-' in an arithmetic operand, and it has been converted to 0.
at 3 ms(3), Instance /toplevel_tb/uut/ALU_UNIT/shift_unit/ : Warning: CONV_INTEGER: There is an 'U'|'X'|'W'|'Z'|'-' in an arithmetic operand, and it has been converted to 0.
at 3 ms(4), Instance /toplevel_tb/uut/ALU_UNIT/shift_unit/ : Warning: CONV_INTEGER: There is an 'U'|'X'|'W'|'Z'|'-' in an arithmetic operand, and it has been converted to 0.
at 3 ms(4), Instance /toplevel_tb/uut/ALU_UNIT/shift_unit/ : Warning: CONV_INTEGER: There is an 'U'|'X'|'W'|'Z'|'-' in an arithmetic operand, and it has been converted to 0.
at 3500 us(1), Instance /toplevel_tb/uut/ALU_UNIT/word_unit/DATAMEMORY/U0/native_mem_module/mem_module/ : Warning: CONV_INTEGER: There is an 'U'|'X'|'W'|'Z'|'-' in an arithmetic operand, and it has been converted to 0.
at 4500 us(1), Instance /toplevel_tb/uut/ALU_UNIT/word_unit/DATAMEMORY/U0/native_mem_module/mem_module/ : Warning: CONV_INTEGER: There is an 'U'|'X'|'W'|'Z'|'-' in an arithmetic operand, and it has been converted to 0.
# restart
# run 30ms
Simulator is doing circuit initialization process.
Finished circuit initialization process.
at 0 ps, Instance /toplevel_tb/uut/ALU_UNIT/shift_unit/ : Warning: CONV_INTEGER: There is an 'U'|'X'|'W'|'Z'|'-' in an arithmetic operand, and it has been converted to 0.
at 0 ps, Instance /toplevel_tb/uut/ALU_UNIT/shift_unit/ : Warning: CONV_INTEGER: There is an 'U'|'X'|'W'|'Z'|'-' in an arithmetic operand, and it has been converted to 0.
at 0 ps, Instance /toplevel_tb/uut/ALU_UNIT/shift_unit/ : Warning: CONV_INTEGER: There is an 'U'|'X'|'W'|'Z'|'-' in an arithmetic operand, and it has been converted to 0.
at 0 ps, Instance /toplevel_tb/uut/ALU_UNIT/shift_unit/ : Warning: CONV_INTEGER: There is an 'U'|'X'|'W'|'Z'|'-' in an arithmetic operand, and it has been converted to 0.
at 500 us(1), Instance /toplevel_tb/uut/ALU_UNIT/word_unit/DATAMEMORY/U0/native_mem_module/mem_module/ : Warning: CONV_INTEGER: There is an 'U'|'X'|'W'|'Z'|'-' in an arithmetic operand, and it has been converted to 0.
at 1 ms(2), Instance /toplevel_tb/uut/EX_MEM/U0/native_mem_module/mem_module/ : Warning: CONV_INTEGER: There is an 'U'|'X'|'W'|'Z'|'-' in an arithmetic operand, and it has been converted to 0.
at 2 ms(2), Instance /toplevel_tb/uut/EX_MEM/U0/native_mem_module/mem_module/ : Warning: CONV_INTEGER: There is an 'U'|'X'|'W'|'Z'|'-' in an arithmetic operand, and it has been converted to 0.
at 3 ms(3), Instance /toplevel_tb/uut/ALU_UNIT/shift_unit/ : Warning: CONV_INTEGER: There is an 'U'|'X'|'W'|'Z'|'-' in an arithmetic operand, and it has been converted to 0.
at 3 ms(3), Instance /toplevel_tb/uut/ALU_UNIT/shift_unit/ : Warning: CONV_INTEGER: There is an 'U'|'X'|'W'|'Z'|'-' in an arithmetic operand, and it has been converted to 0.
at 3 ms(4), Instance /toplevel_tb/uut/ALU_UNIT/shift_unit/ : Warning: CONV_INTEGER: There is an 'U'|'X'|'W'|'Z'|'-' in an arithmetic operand, and it has been converted to 0.
at 3 ms(4), Instance /toplevel_tb/uut/ALU_UNIT/shift_unit/ : Warning: CONV_INTEGER: There is an 'U'|'X'|'W'|'Z'|'-' in an arithmetic operand, and it has been converted to 0.
at 3500 us(1), Instance /toplevel_tb/uut/ALU_UNIT/word_unit/DATAMEMORY/U0/native_mem_module/mem_module/ : Warning: CONV_INTEGER: There is an 'U'|'X'|'W'|'Z'|'-' in an arithmetic operand, and it has been converted to 0.
at 4500 us(1), Instance /toplevel_tb/uut/ALU_UNIT/word_unit/DATAMEMORY/U0/native_mem_module/mem_module/ : Warning: CONV_INTEGER: There is an 'U'|'X'|'W'|'Z'|'-' in an arithmetic operand, and it has been converted to 0.
# restart
# run 30ms
Simulator is doing circuit initialization process.
Finished circuit initialization process.
at 0 ps, Instance /toplevel_tb/uut/ALU_UNIT/shift_unit/ : Warning: CONV_INTEGER: There is an 'U'|'X'|'W'|'Z'|'-' in an arithmetic operand, and it has been converted to 0.
at 0 ps, Instance /toplevel_tb/uut/ALU_UNIT/shift_unit/ : Warning: CONV_INTEGER: There is an 'U'|'X'|'W'|'Z'|'-' in an arithmetic operand, and it has been converted to 0.
at 0 ps, Instance /toplevel_tb/uut/ALU_UNIT/shift_unit/ : Warning: CONV_INTEGER: There is an 'U'|'X'|'W'|'Z'|'-' in an arithmetic operand, and it has been converted to 0.
at 0 ps, Instance /toplevel_tb/uut/ALU_UNIT/shift_unit/ : Warning: CONV_INTEGER: There is an 'U'|'X'|'W'|'Z'|'-' in an arithmetic operand, and it has been converted to 0.
at 500 us(1), Instance /toplevel_tb/uut/ALU_UNIT/word_unit/DATAMEMORY/U0/native_mem_module/mem_module/ : Warning: CONV_INTEGER: There is an 'U'|'X'|'W'|'Z'|'-' in an arithmetic operand, and it has been converted to 0.
at 1 ms(2), Instance /toplevel_tb/uut/EX_MEM/U0/native_mem_module/mem_module/ : Warning: CONV_INTEGER: There is an 'U'|'X'|'W'|'Z'|'-' in an arithmetic operand, and it has been converted to 0.
at 2 ms(2), Instance /toplevel_tb/uut/EX_MEM/U0/native_mem_module/mem_module/ : Warning: CONV_INTEGER: There is an 'U'|'X'|'W'|'Z'|'-' in an arithmetic operand, and it has been converted to 0.
at 3 ms(3), Instance /toplevel_tb/uut/ALU_UNIT/shift_unit/ : Warning: CONV_INTEGER: There is an 'U'|'X'|'W'|'Z'|'-' in an arithmetic operand, and it has been converted to 0.
at 3 ms(3), Instance /toplevel_tb/uut/ALU_UNIT/shift_unit/ : Warning: CONV_INTEGER: There is an 'U'|'X'|'W'|'Z'|'-' in an arithmetic operand, and it has been converted to 0.
at 3 ms(4), Instance /toplevel_tb/uut/ALU_UNIT/shift_unit/ : Warning: CONV_INTEGER: There is an 'U'|'X'|'W'|'Z'|'-' in an arithmetic operand, and it has been converted to 0.
at 3 ms(4), Instance /toplevel_tb/uut/ALU_UNIT/shift_unit/ : Warning: CONV_INTEGER: There is an 'U'|'X'|'W'|'Z'|'-' in an arithmetic operand, and it has been converted to 0.
at 3500 us(1), Instance /toplevel_tb/uut/ALU_UNIT/word_unit/DATAMEMORY/U0/native_mem_module/mem_module/ : Warning: CONV_INTEGER: There is an 'U'|'X'|'W'|'Z'|'-' in an arithmetic operand, and it has been converted to 0.
at 4500 us(1), Instance /toplevel_tb/uut/ALU_UNIT/word_unit/DATAMEMORY/U0/native_mem_module/mem_module/ : Warning: CONV_INTEGER: There is an 'U'|'X'|'W'|'Z'|'-' in an arithmetic operand, and it has been converted to 0.
ISim P.20131013 (signature 0xfbc00daa)
This is a Full version of ISim.
# run 1000 ns
Simulator is doing circuit initialization process.
at 0 ps, Instance /toplevel_tb/uut/Fetch_UNIT/PCINC/ : Warning: There is an 'U'|'X'|'W'|'Z'|'-' in an arithmetic operand, the result will be 'X'(es).
Finished circuit initialization process.
at 0 ps, Instance /toplevel_tb/uut/ALU_UNIT/shift_unit/ : Warning: CONV_INTEGER: There is an 'U'|'X'|'W'|'Z'|'-' in an arithmetic operand, and it has been converted to 0.
at 0 ps, Instance /toplevel_tb/uut/ALU_UNIT/shift_unit/ : Warning: CONV_INTEGER: There is an 'U'|'X'|'W'|'Z'|'-' in an arithmetic operand, and it has been converted to 0.
at 0 ps, Instance /toplevel_tb/uut/ALU_UNIT/shift_unit/ : Warning: CONV_INTEGER: There is an 'U'|'X'|'W'|'Z'|'-' in an arithmetic operand, and it has been converted to 0.
at 0 ps, Instance /toplevel_tb/uut/ALU_UNIT/shift_unit/ : Warning: CONV_INTEGER: There is an 'U'|'X'|'W'|'Z'|'-' in an arithmetic operand, and it has been converted to 0.
# run 30ms
at 500 us(1), Instance /toplevel_tb/uut/ALU_UNIT/word_unit/DATAMEMORY/U0/native_mem_module/mem_module/ : Warning: CONV_INTEGER: There is an 'U'|'X'|'W'|'Z'|'-' in an arithmetic operand, and it has been converted to 0.
at 1 ms(2), Instance /toplevel_tb/uut/EX_MEM/U0/native_mem_module/mem_module/ : Warning: CONV_INTEGER: There is an 'U'|'X'|'W'|'Z'|'-' in an arithmetic operand, and it has been converted to 0.
at 2 ms(2), Instance /toplevel_tb/uut/EX_MEM/U0/native_mem_module/mem_module/ : Warning: CONV_INTEGER: There is an 'U'|'X'|'W'|'Z'|'-' in an arithmetic operand, and it has been converted to 0.
at 3 ms(3), Instance /toplevel_tb/uut/ALU_UNIT/shift_unit/ : Warning: CONV_INTEGER: There is an 'U'|'X'|'W'|'Z'|'-' in an arithmetic operand, and it has been converted to 0.
at 3 ms(3), Instance /toplevel_tb/uut/ALU_UNIT/shift_unit/ : Warning: CONV_INTEGER: There is an 'U'|'X'|'W'|'Z'|'-' in an arithmetic operand, and it has been converted to 0.
at 3 ms(4), Instance /toplevel_tb/uut/ALU_UNIT/shift_unit/ : Warning: CONV_INTEGER: There is an 'U'|'X'|'W'|'Z'|'-' in an arithmetic operand, and it has been converted to 0.
at 3 ms(4), Instance /toplevel_tb/uut/ALU_UNIT/shift_unit/ : Warning: CONV_INTEGER: There is an 'U'|'X'|'W'|'Z'|'-' in an arithmetic operand, and it has been converted to 0.
at 3500 us(1), Instance /toplevel_tb/uut/ALU_UNIT/word_unit/DATAMEMORY/U0/native_mem_module/mem_module/ : Warning: CONV_INTEGER: There is an 'U'|'X'|'W'|'Z'|'-' in an arithmetic operand, and it has been converted to 0.
at 4500 us(1), Instance /toplevel_tb/uut/ALU_UNIT/word_unit/DATAMEMORY/U0/native_mem_module/mem_module/ : Warning: CONV_INTEGER: There is an 'U'|'X'|'W'|'Z'|'-' in an arithmetic operand, and it has been converted to 0.
ISim P.20131013 (signature 0xfbc00daa)
This is a Full version of ISim.
# run 1000 ns
Simulator is doing circuit initialization process.
at 0 ps, Instance /toplevel_tb/uut/Fetch_UNIT/PCINC/ : Warning: There is an 'U'|'X'|'W'|'Z'|'-' in an arithmetic operand, the result will be 'X'(es).
Finished circuit initialization process.
at 0 ps, Instance /toplevel_tb/uut/ALU_UNIT/shift_unit/ : Warning: CONV_INTEGER: There is an 'U'|'X'|'W'|'Z'|'-' in an arithmetic operand, and it has been converted to 0.
at 0 ps, Instance /toplevel_tb/uut/ALU_UNIT/shift_unit/ : Warning: CONV_INTEGER: There is an 'U'|'X'|'W'|'Z'|'-' in an arithmetic operand, and it has been converted to 0.
at 0 ps, Instance /toplevel_tb/uut/ALU_UNIT/shift_unit/ : Warning: CONV_INTEGER: There is an 'U'|'X'|'W'|'Z'|'-' in an arithmetic operand, and it has been converted to 0.
at 0 ps, Instance /toplevel_tb/uut/ALU_UNIT/shift_unit/ : Warning: CONV_INTEGER: There is an 'U'|'X'|'W'|'Z'|'-' in an arithmetic operand, and it has been converted to 0.
# run 30ms
at 500 us(1), Instance /toplevel_tb/uut/ALU_UNIT/word_unit/DATAMEMORY/U0/native_mem_module/mem_module/ : Warning: CONV_INTEGER: There is an 'U'|'X'|'W'|'Z'|'-' in an arithmetic operand, and it has been converted to 0.
at 1 ms(2), Instance /toplevel_tb/uut/EX_MEM/U0/native_mem_module/mem_module/ : Warning: CONV_INTEGER: There is an 'U'|'X'|'W'|'Z'|'-' in an arithmetic operand, and it has been converted to 0.
at 2 ms(2), Instance /toplevel_tb/uut/EX_MEM/U0/native_mem_module/mem_module/ : Warning: CONV_INTEGER: There is an 'U'|'X'|'W'|'Z'|'-' in an arithmetic operand, and it has been converted to 0.
at 3 ms(3), Instance /toplevel_tb/uut/ALU_UNIT/shift_unit/ : Warning: CONV_INTEGER: There is an 'U'|'X'|'W'|'Z'|'-' in an arithmetic operand, and it has been converted to 0.
at 3 ms(3), Instance /toplevel_tb/uut/ALU_UNIT/shift_unit/ : Warning: CONV_INTEGER: There is an 'U'|'X'|'W'|'Z'|'-' in an arithmetic operand, and it has been converted to 0.
at 3 ms(4), Instance /toplevel_tb/uut/ALU_UNIT/shift_unit/ : Warning: CONV_INTEGER: There is an 'U'|'X'|'W'|'Z'|'-' in an arithmetic operand, and it has been converted to 0.
at 3 ms(4), Instance /toplevel_tb/uut/ALU_UNIT/shift_unit/ : Warning: CONV_INTEGER: There is an 'U'|'X'|'W'|'Z'|'-' in an arithmetic operand, and it has been converted to 0.
at 3500 us(1), Instance /toplevel_tb/uut/ALU_UNIT/word_unit/DATAMEMORY/U0/native_mem_module/mem_module/ : Warning: CONV_INTEGER: There is an 'U'|'X'|'W'|'Z'|'-' in an arithmetic operand, and it has been converted to 0.
at 4500 us(1), Instance /toplevel_tb/uut/ALU_UNIT/word_unit/DATAMEMORY/U0/native_mem_module/mem_module/ : Warning: CONV_INTEGER: There is an 'U'|'X'|'W'|'Z'|'-' in an arithmetic operand, and it has been converted to 0.
ERROR: In process arith_unit.vhd:53 
 Target Size 17 and source size 16 for array dimension 0 does not match. 

INFO: Simulator is stopped.
ISim P.20131013 (signature 0xfbc00daa)
This is a Full version of ISim.
# run 1000 ns
Simulator is doing circuit initialization process.
at 0 ps, Instance /toplevel_tb/uut/Fetch_UNIT/PCINC/ : Warning: There is an 'U'|'X'|'W'|'Z'|'-' in an arithmetic operand, the result will be 'X'(es).
Finished circuit initialization process.
at 0 ps, Instance /toplevel_tb/uut/ALU_UNIT/shift_unit/ : Warning: CONV_INTEGER: There is an 'U'|'X'|'W'|'Z'|'-' in an arithmetic operand, and it has been converted to 0.
at 0 ps, Instance /toplevel_tb/uut/ALU_UNIT/shift_unit/ : Warning: CONV_INTEGER: There is an 'U'|'X'|'W'|'Z'|'-' in an arithmetic operand, and it has been converted to 0.
at 0 ps, Instance /toplevel_tb/uut/ALU_UNIT/shift_unit/ : Warning: CONV_INTEGER: There is an 'U'|'X'|'W'|'Z'|'-' in an arithmetic operand, and it has been converted to 0.
at 0 ps, Instance /toplevel_tb/uut/ALU_UNIT/shift_unit/ : Warning: CONV_INTEGER: There is an 'U'|'X'|'W'|'Z'|'-' in an arithmetic operand, and it has been converted to 0.
# run 30ms
at 500 us(1), Instance /toplevel_tb/uut/ALU_UNIT/word_unit/DATAMEMORY/U0/native_mem_module/mem_module/ : Warning: CONV_INTEGER: There is an 'U'|'X'|'W'|'Z'|'-' in an arithmetic operand, and it has been converted to 0.
at 1 ms(2), Instance /toplevel_tb/uut/EX_MEM/U0/native_mem_module/mem_module/ : Warning: CONV_INTEGER: There is an 'U'|'X'|'W'|'Z'|'-' in an arithmetic operand, and it has been converted to 0.
at 2 ms(2), Instance /toplevel_tb/uut/EX_MEM/U0/native_mem_module/mem_module/ : Warning: CONV_INTEGER: There is an 'U'|'X'|'W'|'Z'|'-' in an arithmetic operand, and it has been converted to 0.
at 3 ms(3), Instance /toplevel_tb/uut/ALU_UNIT/shift_unit/ : Warning: CONV_INTEGER: There is an 'U'|'X'|'W'|'Z'|'-' in an arithmetic operand, and it has been converted to 0.
at 3 ms(3), Instance /toplevel_tb/uut/ALU_UNIT/shift_unit/ : Warning: CONV_INTEGER: There is an 'U'|'X'|'W'|'Z'|'-' in an arithmetic operand, and it has been converted to 0.
at 3 ms(4), Instance /toplevel_tb/uut/ALU_UNIT/shift_unit/ : Warning: CONV_INTEGER: There is an 'U'|'X'|'W'|'Z'|'-' in an arithmetic operand, and it has been converted to 0.
at 3 ms(4), Instance /toplevel_tb/uut/ALU_UNIT/shift_unit/ : Warning: CONV_INTEGER: There is an 'U'|'X'|'W'|'Z'|'-' in an arithmetic operand, and it has been converted to 0.
at 3500 us(1), Instance /toplevel_tb/uut/ALU_UNIT/word_unit/DATAMEMORY/U0/native_mem_module/mem_module/ : Warning: CONV_INTEGER: There is an 'U'|'X'|'W'|'Z'|'-' in an arithmetic operand, and it has been converted to 0.
at 4500 us(1), Instance /toplevel_tb/uut/ALU_UNIT/word_unit/DATAMEMORY/U0/native_mem_module/mem_module/ : Warning: CONV_INTEGER: There is an 'U'|'X'|'W'|'Z'|'-' in an arithmetic operand, and it has been converted to 0.
ISim P.20131013 (signature 0xfbc00daa)
This is a Full version of ISim.
# run 1000 ns
Simulator is doing circuit initialization process.
at 0 ps, Instance /toplevel_tb/uut/Fetch_UNIT/PCINC/ : Warning: There is an 'U'|'X'|'W'|'Z'|'-' in an arithmetic operand, the result will be 'X'(es).
Finished circuit initialization process.
at 0 ps, Instance /toplevel_tb/uut/ALU_UNIT/shift_unit/ : Warning: CONV_INTEGER: There is an 'U'|'X'|'W'|'Z'|'-' in an arithmetic operand, and it has been converted to 0.
at 0 ps, Instance /toplevel_tb/uut/ALU_UNIT/shift_unit/ : Warning: CONV_INTEGER: There is an 'U'|'X'|'W'|'Z'|'-' in an arithmetic operand, and it has been converted to 0.
at 0 ps, Instance /toplevel_tb/uut/ALU_UNIT/shift_unit/ : Warning: CONV_INTEGER: There is an 'U'|'X'|'W'|'Z'|'-' in an arithmetic operand, and it has been converted to 0.
at 0 ps, Instance /toplevel_tb/uut/ALU_UNIT/shift_unit/ : Warning: CONV_INTEGER: There is an 'U'|'X'|'W'|'Z'|'-' in an arithmetic operand, and it has been converted to 0.
# run 30ms
at 500 us(1), Instance /toplevel_tb/uut/ALU_UNIT/word_unit/DATAMEMORY/U0/native_mem_module/mem_module/ : Warning: CONV_INTEGER: There is an 'U'|'X'|'W'|'Z'|'-' in an arithmetic operand, and it has been converted to 0.
at 1 ms(2), Instance /toplevel_tb/uut/EX_MEM/U0/native_mem_module/mem_module/ : Warning: CONV_INTEGER: There is an 'U'|'X'|'W'|'Z'|'-' in an arithmetic operand, and it has been converted to 0.
at 2 ms(2), Instance /toplevel_tb/uut/EX_MEM/U0/native_mem_module/mem_module/ : Warning: CONV_INTEGER: There is an 'U'|'X'|'W'|'Z'|'-' in an arithmetic operand, and it has been converted to 0.
at 3 ms(3), Instance /toplevel_tb/uut/ALU_UNIT/shift_unit/ : Warning: CONV_INTEGER: There is an 'U'|'X'|'W'|'Z'|'-' in an arithmetic operand, and it has been converted to 0.
at 3 ms(3), Instance /toplevel_tb/uut/ALU_UNIT/shift_unit/ : Warning: CONV_INTEGER: There is an 'U'|'X'|'W'|'Z'|'-' in an arithmetic operand, and it has been converted to 0.
at 3500 us(1), Instance /toplevel_tb/uut/ALU_UNIT/word_unit/DATAMEMORY/U0/native_mem_module/mem_module/ : Warning: CONV_INTEGER: There is an 'U'|'X'|'W'|'Z'|'-' in an arithmetic operand, and it has been converted to 0.
at 4500 us(1), Instance /toplevel_tb/uut/ALU_UNIT/word_unit/DATAMEMORY/U0/native_mem_module/mem_module/ : Warning: CONV_INTEGER: There is an 'U'|'X'|'W'|'Z'|'-' in an arithmetic operand, and it has been converted to 0.
# restart
# run 30ms
Simulator is doing circuit initialization process.
Finished circuit initialization process.
at 0 ps, Instance /toplevel_tb/uut/ALU_UNIT/shift_unit/ : Warning: CONV_INTEGER: There is an 'U'|'X'|'W'|'Z'|'-' in an arithmetic operand, and it has been converted to 0.
at 0 ps, Instance /toplevel_tb/uut/ALU_UNIT/shift_unit/ : Warning: CONV_INTEGER: There is an 'U'|'X'|'W'|'Z'|'-' in an arithmetic operand, and it has been converted to 0.
at 0 ps, Instance /toplevel_tb/uut/ALU_UNIT/shift_unit/ : Warning: CONV_INTEGER: There is an 'U'|'X'|'W'|'Z'|'-' in an arithmetic operand, and it has been converted to 0.
at 0 ps, Instance /toplevel_tb/uut/ALU_UNIT/shift_unit/ : Warning: CONV_INTEGER: There is an 'U'|'X'|'W'|'Z'|'-' in an arithmetic operand, and it has been converted to 0.
at 500 us(1), Instance /toplevel_tb/uut/ALU_UNIT/word_unit/DATAMEMORY/U0/native_mem_module/mem_module/ : Warning: CONV_INTEGER: There is an 'U'|'X'|'W'|'Z'|'-' in an arithmetic operand, and it has been converted to 0.
at 1 ms(2), Instance /toplevel_tb/uut/EX_MEM/U0/native_mem_module/mem_module/ : Warning: CONV_INTEGER: There is an 'U'|'X'|'W'|'Z'|'-' in an arithmetic operand, and it has been converted to 0.
at 2 ms(2), Instance /toplevel_tb/uut/EX_MEM/U0/native_mem_module/mem_module/ : Warning: CONV_INTEGER: There is an 'U'|'X'|'W'|'Z'|'-' in an arithmetic operand, and it has been converted to 0.
at 3 ms(3), Instance /toplevel_tb/uut/ALU_UNIT/shift_unit/ : Warning: CONV_INTEGER: There is an 'U'|'X'|'W'|'Z'|'-' in an arithmetic operand, and it has been converted to 0.
at 3 ms(3), Instance /toplevel_tb/uut/ALU_UNIT/shift_unit/ : Warning: CONV_INTEGER: There is an 'U'|'X'|'W'|'Z'|'-' in an arithmetic operand, and it has been converted to 0.
at 3500 us(1), Instance /toplevel_tb/uut/ALU_UNIT/word_unit/DATAMEMORY/U0/native_mem_module/mem_module/ : Warning: CONV_INTEGER: There is an 'U'|'X'|'W'|'Z'|'-' in an arithmetic operand, and it has been converted to 0.
at 4500 us(1), Instance /toplevel_tb/uut/ALU_UNIT/word_unit/DATAMEMORY/U0/native_mem_module/mem_module/ : Warning: CONV_INTEGER: There is an 'U'|'X'|'W'|'Z'|'-' in an arithmetic operand, and it has been converted to 0.
ISim P.20131013 (signature 0xfbc00daa)
This is a Full version of ISim.
# run 1000 ns
Simulator is doing circuit initialization process.
at 0 ps, Instance /toplevel_tb/uut/Fetch_UNIT/PCINC/ : Warning: There is an 'U'|'X'|'W'|'Z'|'-' in an arithmetic operand, the result will be 'X'(es).
Finished circuit initialization process.
at 0 ps, Instance /toplevel_tb/uut/ALU_UNIT/shift_unit/ : Warning: CONV_INTEGER: There is an 'U'|'X'|'W'|'Z'|'-' in an arithmetic operand, and it has been converted to 0.
at 0 ps, Instance /toplevel_tb/uut/ALU_UNIT/shift_unit/ : Warning: CONV_INTEGER: There is an 'U'|'X'|'W'|'Z'|'-' in an arithmetic operand, and it has been converted to 0.
at 0 ps, Instance /toplevel_tb/uut/ALU_UNIT/shift_unit/ : Warning: CONV_INTEGER: There is an 'U'|'X'|'W'|'Z'|'-' in an arithmetic operand, and it has been converted to 0.
at 0 ps, Instance /toplevel_tb/uut/ALU_UNIT/shift_unit/ : Warning: CONV_INTEGER: There is an 'U'|'X'|'W'|'Z'|'-' in an arithmetic operand, and it has been converted to 0.
# run 30ms
at 500 us(1), Instance /toplevel_tb/uut/ALU_UNIT/word_unit/DATAMEMORY/U0/native_mem_module/mem_module/ : Warning: CONV_INTEGER: There is an 'U'|'X'|'W'|'Z'|'-' in an arithmetic operand, and it has been converted to 0.
at 1 ms(2), Instance /toplevel_tb/uut/EX_MEM/U0/native_mem_module/mem_module/ : Warning: CONV_INTEGER: There is an 'U'|'X'|'W'|'Z'|'-' in an arithmetic operand, and it has been converted to 0.
at 2 ms(2), Instance /toplevel_tb/uut/EX_MEM/U0/native_mem_module/mem_module/ : Warning: CONV_INTEGER: There is an 'U'|'X'|'W'|'Z'|'-' in an arithmetic operand, and it has been converted to 0.
at 3 ms(3), Instance /toplevel_tb/uut/ALU_UNIT/shift_unit/ : Warning: CONV_INTEGER: There is an 'U'|'X'|'W'|'Z'|'-' in an arithmetic operand, and it has been converted to 0.
at 3 ms(3), Instance /toplevel_tb/uut/ALU_UNIT/shift_unit/ : Warning: CONV_INTEGER: There is an 'U'|'X'|'W'|'Z'|'-' in an arithmetic operand, and it has been converted to 0.
at 3500 us(1), Instance /toplevel_tb/uut/ALU_UNIT/word_unit/DATAMEMORY/U0/native_mem_module/mem_module/ : Warning: CONV_INTEGER: There is an 'U'|'X'|'W'|'Z'|'-' in an arithmetic operand, and it has been converted to 0.
at 4500 us(1), Instance /toplevel_tb/uut/ALU_UNIT/word_unit/DATAMEMORY/U0/native_mem_module/mem_module/ : Warning: CONV_INTEGER: There is an 'U'|'X'|'W'|'Z'|'-' in an arithmetic operand, and it has been converted to 0.
ISim P.20131013 (signature 0xfbc00daa)
This is a Full version of ISim.
# run 1000 ns
Simulator is doing circuit initialization process.
at 0 ps, Instance /toplevel_tb/uut/Fetch_UNIT/PCINC/ : Warning: There is an 'U'|'X'|'W'|'Z'|'-' in an arithmetic operand, the result will be 'X'(es).
Finished circuit initialization process.
at 0 ps, Instance /toplevel_tb/uut/ALU_UNIT/shift_unit/ : Warning: CONV_INTEGER: There is an 'U'|'X'|'W'|'Z'|'-' in an arithmetic operand, and it has been converted to 0.
at 0 ps, Instance /toplevel_tb/uut/ALU_UNIT/shift_unit/ : Warning: CONV_INTEGER: There is an 'U'|'X'|'W'|'Z'|'-' in an arithmetic operand, and it has been converted to 0.
at 0 ps, Instance /toplevel_tb/uut/ALU_UNIT/shift_unit/ : Warning: CONV_INTEGER: There is an 'U'|'X'|'W'|'Z'|'-' in an arithmetic operand, and it has been converted to 0.
at 0 ps, Instance /toplevel_tb/uut/ALU_UNIT/shift_unit/ : Warning: CONV_INTEGER: There is an 'U'|'X'|'W'|'Z'|'-' in an arithmetic operand, and it has been converted to 0.
# run 30ms
at 500 us(1), Instance /toplevel_tb/uut/ALU_UNIT/word_unit/DATAMEMORY/U0/native_mem_module/mem_module/ : Warning: CONV_INTEGER: There is an 'U'|'X'|'W'|'Z'|'-' in an arithmetic operand, and it has been converted to 0.
at 1 ms(2), Instance /toplevel_tb/uut/EX_MEM/U0/native_mem_module/mem_module/ : Warning: CONV_INTEGER: There is an 'U'|'X'|'W'|'Z'|'-' in an arithmetic operand, and it has been converted to 0.
at 2 ms(2), Instance /toplevel_tb/uut/EX_MEM/U0/native_mem_module/mem_module/ : Warning: CONV_INTEGER: There is an 'U'|'X'|'W'|'Z'|'-' in an arithmetic operand, and it has been converted to 0.
at 3 ms(3), Instance /toplevel_tb/uut/ALU_UNIT/shift_unit/ : Warning: CONV_INTEGER: There is an 'U'|'X'|'W'|'Z'|'-' in an arithmetic operand, and it has been converted to 0.
at 3 ms(3), Instance /toplevel_tb/uut/ALU_UNIT/shift_unit/ : Warning: CONV_INTEGER: There is an 'U'|'X'|'W'|'Z'|'-' in an arithmetic operand, and it has been converted to 0.
at 3500 us(1), Instance /toplevel_tb/uut/ALU_UNIT/word_unit/DATAMEMORY/U0/native_mem_module/mem_module/ : Warning: CONV_INTEGER: There is an 'U'|'X'|'W'|'Z'|'-' in an arithmetic operand, and it has been converted to 0.
at 4500 us(1), Instance /toplevel_tb/uut/ALU_UNIT/word_unit/DATAMEMORY/U0/native_mem_module/mem_module/ : Warning: CONV_INTEGER: There is an 'U'|'X'|'W'|'Z'|'-' in an arithmetic operand, and it has been converted to 0.
ISim P.20131013 (signature 0xfbc00daa)
This is a Full version of ISim.
# run 1000 ns
Simulator is doing circuit initialization process.
at 0 ps, Instance /toplevel_tb/uut/Fetch_UNIT/PCINC/ : Warning: There is an 'U'|'X'|'W'|'Z'|'-' in an arithmetic operand, the result will be 'X'(es).
Finished circuit initialization process.
at 0 ps, Instance /toplevel_tb/uut/ALU_UNIT/shift_unit/ : Warning: CONV_INTEGER: There is an 'U'|'X'|'W'|'Z'|'-' in an arithmetic operand, and it has been converted to 0.
at 0 ps, Instance /toplevel_tb/uut/ALU_UNIT/shift_unit/ : Warning: CONV_INTEGER: There is an 'U'|'X'|'W'|'Z'|'-' in an arithmetic operand, and it has been converted to 0.
at 0 ps, Instance /toplevel_tb/uut/ALU_UNIT/shift_unit/ : Warning: CONV_INTEGER: There is an 'U'|'X'|'W'|'Z'|'-' in an arithmetic operand, and it has been converted to 0.
at 0 ps, Instance /toplevel_tb/uut/ALU_UNIT/shift_unit/ : Warning: CONV_INTEGER: There is an 'U'|'X'|'W'|'Z'|'-' in an arithmetic operand, and it has been converted to 0.
# run 30ms
at 500 us(1), Instance /toplevel_tb/uut/ALU_UNIT/word_unit/DATAMEMORY/U0/native_mem_module/mem_module/ : Warning: CONV_INTEGER: There is an 'U'|'X'|'W'|'Z'|'-' in an arithmetic operand, and it has been converted to 0.
at 1 ms(2), Instance /toplevel_tb/uut/EX_MEM/U0/native_mem_module/mem_module/ : Warning: CONV_INTEGER: There is an 'U'|'X'|'W'|'Z'|'-' in an arithmetic operand, and it has been converted to 0.
at 2 ms(2), Instance /toplevel_tb/uut/EX_MEM/U0/native_mem_module/mem_module/ : Warning: CONV_INTEGER: There is an 'U'|'X'|'W'|'Z'|'-' in an arithmetic operand, and it has been converted to 0.
at 3 ms(3), Instance /toplevel_tb/uut/ALU_UNIT/shift_unit/ : Warning: CONV_INTEGER: There is an 'U'|'X'|'W'|'Z'|'-' in an arithmetic operand, and it has been converted to 0.
at 3 ms(3), Instance /toplevel_tb/uut/ALU_UNIT/shift_unit/ : Warning: CONV_INTEGER: There is an 'U'|'X'|'W'|'Z'|'-' in an arithmetic operand, and it has been converted to 0.
at 3500 us(1), Instance /toplevel_tb/uut/ALU_UNIT/word_unit/DATAMEMORY/U0/native_mem_module/mem_module/ : Warning: CONV_INTEGER: There is an 'U'|'X'|'W'|'Z'|'-' in an arithmetic operand, and it has been converted to 0.
at 4500 us(1), Instance /toplevel_tb/uut/ALU_UNIT/word_unit/DATAMEMORY/U0/native_mem_module/mem_module/ : Warning: CONV_INTEGER: There is an 'U'|'X'|'W'|'Z'|'-' in an arithmetic operand, and it has been converted to 0.
# restart
# run 30ms
Simulator is doing circuit initialization process.
Finished circuit initialization process.
at 0 ps, Instance /toplevel_tb/uut/ALU_UNIT/shift_unit/ : Warning: CONV_INTEGER: There is an 'U'|'X'|'W'|'Z'|'-' in an arithmetic operand, and it has been converted to 0.
at 0 ps, Instance /toplevel_tb/uut/ALU_UNIT/shift_unit/ : Warning: CONV_INTEGER: There is an 'U'|'X'|'W'|'Z'|'-' in an arithmetic operand, and it has been converted to 0.
at 0 ps, Instance /toplevel_tb/uut/ALU_UNIT/shift_unit/ : Warning: CONV_INTEGER: There is an 'U'|'X'|'W'|'Z'|'-' in an arithmetic operand, and it has been converted to 0.
at 0 ps, Instance /toplevel_tb/uut/ALU_UNIT/shift_unit/ : Warning: CONV_INTEGER: There is an 'U'|'X'|'W'|'Z'|'-' in an arithmetic operand, and it has been converted to 0.
at 500 us(1), Instance /toplevel_tb/uut/ALU_UNIT/word_unit/DATAMEMORY/U0/native_mem_module/mem_module/ : Warning: CONV_INTEGER: There is an 'U'|'X'|'W'|'Z'|'-' in an arithmetic operand, and it has been converted to 0.
at 1 ms(2), Instance /toplevel_tb/uut/EX_MEM/U0/native_mem_module/mem_module/ : Warning: CONV_INTEGER: There is an 'U'|'X'|'W'|'Z'|'-' in an arithmetic operand, and it has been converted to 0.
at 2 ms(2), Instance /toplevel_tb/uut/EX_MEM/U0/native_mem_module/mem_module/ : Warning: CONV_INTEGER: There is an 'U'|'X'|'W'|'Z'|'-' in an arithmetic operand, and it has been converted to 0.
at 3 ms(3), Instance /toplevel_tb/uut/ALU_UNIT/shift_unit/ : Warning: CONV_INTEGER: There is an 'U'|'X'|'W'|'Z'|'-' in an arithmetic operand, and it has been converted to 0.
at 3 ms(3), Instance /toplevel_tb/uut/ALU_UNIT/shift_unit/ : Warning: CONV_INTEGER: There is an 'U'|'X'|'W'|'Z'|'-' in an arithmetic operand, and it has been converted to 0.
at 3500 us(1), Instance /toplevel_tb/uut/ALU_UNIT/word_unit/DATAMEMORY/U0/native_mem_module/mem_module/ : Warning: CONV_INTEGER: There is an 'U'|'X'|'W'|'Z'|'-' in an arithmetic operand, and it has been converted to 0.
at 4500 us(1), Instance /toplevel_tb/uut/ALU_UNIT/word_unit/DATAMEMORY/U0/native_mem_module/mem_module/ : Warning: CONV_INTEGER: There is an 'U'|'X'|'W'|'Z'|'-' in an arithmetic operand, and it has been converted to 0.
ISim P.20131013 (signature 0xfbc00daa)
This is a Full version of ISim.
# run 1000 ns
Simulator is doing circuit initialization process.
at 0 ps, Instance /toplevel_tb/uut/Fetch_UNIT/PCINC/ : Warning: There is an 'U'|'X'|'W'|'Z'|'-' in an arithmetic operand, the result will be 'X'(es).
Finished circuit initialization process.
at 0 ps, Instance /toplevel_tb/uut/ALU_UNIT/shift_unit/ : Warning: CONV_INTEGER: There is an 'U'|'X'|'W'|'Z'|'-' in an arithmetic operand, and it has been converted to 0.
at 0 ps, Instance /toplevel_tb/uut/ALU_UNIT/shift_unit/ : Warning: CONV_INTEGER: There is an 'U'|'X'|'W'|'Z'|'-' in an arithmetic operand, and it has been converted to 0.
at 0 ps, Instance /toplevel_tb/uut/ALU_UNIT/shift_unit/ : Warning: CONV_INTEGER: There is an 'U'|'X'|'W'|'Z'|'-' in an arithmetic operand, and it has been converted to 0.
at 0 ps, Instance /toplevel_tb/uut/ALU_UNIT/shift_unit/ : Warning: CONV_INTEGER: There is an 'U'|'X'|'W'|'Z'|'-' in an arithmetic operand, and it has been converted to 0.
# run 30ms
at 500 us(1), Instance /toplevel_tb/uut/ALU_UNIT/word_unit/DATAMEMORY/U0/native_mem_module/mem_module/ : Warning: CONV_INTEGER: There is an 'U'|'X'|'W'|'Z'|'-' in an arithmetic operand, and it has been converted to 0.
at 1 ms(2), Instance /toplevel_tb/uut/EX_MEM/U0/native_mem_module/mem_module/ : Warning: CONV_INTEGER: There is an 'U'|'X'|'W'|'Z'|'-' in an arithmetic operand, and it has been converted to 0.
at 2 ms(2), Instance /toplevel_tb/uut/EX_MEM/U0/native_mem_module/mem_module/ : Warning: CONV_INTEGER: There is an 'U'|'X'|'W'|'Z'|'-' in an arithmetic operand, and it has been converted to 0.
at 3 ms(3), Instance /toplevel_tb/uut/ALU_UNIT/shift_unit/ : Warning: CONV_INTEGER: There is an 'U'|'X'|'W'|'Z'|'-' in an arithmetic operand, and it has been converted to 0.
at 3 ms(3), Instance /toplevel_tb/uut/ALU_UNIT/shift_unit/ : Warning: CONV_INTEGER: There is an 'U'|'X'|'W'|'Z'|'-' in an arithmetic operand, and it has been converted to 0.
at 3500 us(1), Instance /toplevel_tb/uut/ALU_UNIT/word_unit/DATAMEMORY/U0/native_mem_module/mem_module/ : Warning: CONV_INTEGER: There is an 'U'|'X'|'W'|'Z'|'-' in an arithmetic operand, and it has been converted to 0.
at 4500 us(1), Instance /toplevel_tb/uut/ALU_UNIT/word_unit/DATAMEMORY/U0/native_mem_module/mem_module/ : Warning: CONV_INTEGER: There is an 'U'|'X'|'W'|'Z'|'-' in an arithmetic operand, and it has been converted to 0.
# restart
# run 30ms
Simulator is doing circuit initialization process.
Finished circuit initialization process.
at 0 ps, Instance /toplevel_tb/uut/ALU_UNIT/shift_unit/ : Warning: CONV_INTEGER: There is an 'U'|'X'|'W'|'Z'|'-' in an arithmetic operand, and it has been converted to 0.
at 0 ps, Instance /toplevel_tb/uut/ALU_UNIT/shift_unit/ : Warning: CONV_INTEGER: There is an 'U'|'X'|'W'|'Z'|'-' in an arithmetic operand, and it has been converted to 0.
at 0 ps, Instance /toplevel_tb/uut/ALU_UNIT/shift_unit/ : Warning: CONV_INTEGER: There is an 'U'|'X'|'W'|'Z'|'-' in an arithmetic operand, and it has been converted to 0.
at 0 ps, Instance /toplevel_tb/uut/ALU_UNIT/shift_unit/ : Warning: CONV_INTEGER: There is an 'U'|'X'|'W'|'Z'|'-' in an arithmetic operand, and it has been converted to 0.
at 500 us(1), Instance /toplevel_tb/uut/ALU_UNIT/word_unit/DATAMEMORY/U0/native_mem_module/mem_module/ : Warning: CONV_INTEGER: There is an 'U'|'X'|'W'|'Z'|'-' in an arithmetic operand, and it has been converted to 0.
at 1 ms(2), Instance /toplevel_tb/uut/EX_MEM/U0/native_mem_module/mem_module/ : Warning: CONV_INTEGER: There is an 'U'|'X'|'W'|'Z'|'-' in an arithmetic operand, and it has been converted to 0.
at 2 ms(2), Instance /toplevel_tb/uut/EX_MEM/U0/native_mem_module/mem_module/ : Warning: CONV_INTEGER: There is an 'U'|'X'|'W'|'Z'|'-' in an arithmetic operand, and it has been converted to 0.
at 3 ms(3), Instance /toplevel_tb/uut/ALU_UNIT/shift_unit/ : Warning: CONV_INTEGER: There is an 'U'|'X'|'W'|'Z'|'-' in an arithmetic operand, and it has been converted to 0.
at 3 ms(3), Instance /toplevel_tb/uut/ALU_UNIT/shift_unit/ : Warning: CONV_INTEGER: There is an 'U'|'X'|'W'|'Z'|'-' in an arithmetic operand, and it has been converted to 0.
at 3500 us(1), Instance /toplevel_tb/uut/ALU_UNIT/word_unit/DATAMEMORY/U0/native_mem_module/mem_module/ : Warning: CONV_INTEGER: There is an 'U'|'X'|'W'|'Z'|'-' in an arithmetic operand, and it has been converted to 0.
at 4500 us(1), Instance /toplevel_tb/uut/ALU_UNIT/word_unit/DATAMEMORY/U0/native_mem_module/mem_module/ : Warning: CONV_INTEGER: There is an 'U'|'X'|'W'|'Z'|'-' in an arithmetic operand, and it has been converted to 0.
ISim P.20131013 (signature 0xfbc00daa)
This is a Full version of ISim.
# run 1000 ns
Simulator is doing circuit initialization process.
at 0 ps, Instance /toplevel_tb/uut/Fetch_UNIT/PCINC/ : Warning: There is an 'U'|'X'|'W'|'Z'|'-' in an arithmetic operand, the result will be 'X'(es).
Finished circuit initialization process.
at 0 ps, Instance /toplevel_tb/uut/ALU_UNIT/shift_unit/ : Warning: CONV_INTEGER: There is an 'U'|'X'|'W'|'Z'|'-' in an arithmetic operand, and it has been converted to 0.
at 0 ps, Instance /toplevel_tb/uut/ALU_UNIT/shift_unit/ : Warning: CONV_INTEGER: There is an 'U'|'X'|'W'|'Z'|'-' in an arithmetic operand, and it has been converted to 0.
at 0 ps, Instance /toplevel_tb/uut/ALU_UNIT/shift_unit/ : Warning: CONV_INTEGER: There is an 'U'|'X'|'W'|'Z'|'-' in an arithmetic operand, and it has been converted to 0.
at 0 ps, Instance /toplevel_tb/uut/ALU_UNIT/shift_unit/ : Warning: CONV_INTEGER: There is an 'U'|'X'|'W'|'Z'|'-' in an arithmetic operand, and it has been converted to 0.
# run 30ms
at 500 us(1), Instance /toplevel_tb/uut/ALU_UNIT/word_unit/DATAMEMORY/U0/native_mem_module/mem_module/ : Warning: CONV_INTEGER: There is an 'U'|'X'|'W'|'Z'|'-' in an arithmetic operand, and it has been converted to 0.
at 1 ms(2), Instance /toplevel_tb/uut/EX_MEM/U0/native_mem_module/mem_module/ : Warning: CONV_INTEGER: There is an 'U'|'X'|'W'|'Z'|'-' in an arithmetic operand, and it has been converted to 0.
at 2 ms(2), Instance /toplevel_tb/uut/EX_MEM/U0/native_mem_module/mem_module/ : Warning: CONV_INTEGER: There is an 'U'|'X'|'W'|'Z'|'-' in an arithmetic operand, and it has been converted to 0.
at 3 ms(3), Instance /toplevel_tb/uut/ALU_UNIT/shift_unit/ : Warning: CONV_INTEGER: There is an 'U'|'X'|'W'|'Z'|'-' in an arithmetic operand, and it has been converted to 0.
at 3 ms(3), Instance /toplevel_tb/uut/ALU_UNIT/shift_unit/ : Warning: CONV_INTEGER: There is an 'U'|'X'|'W'|'Z'|'-' in an arithmetic operand, and it has been converted to 0.
at 3500 us(1), Instance /toplevel_tb/uut/ALU_UNIT/word_unit/DATAMEMORY/U0/native_mem_module/mem_module/ : Warning: CONV_INTEGER: There is an 'U'|'X'|'W'|'Z'|'-' in an arithmetic operand, and it has been converted to 0.
at 4500 us(1), Instance /toplevel_tb/uut/ALU_UNIT/word_unit/DATAMEMORY/U0/native_mem_module/mem_module/ : Warning: CONV_INTEGER: There is an 'U'|'X'|'W'|'Z'|'-' in an arithmetic operand, and it has been converted to 0.
# restart
# run 30ms
Simulator is doing circuit initialization process.
Finished circuit initialization process.
at 0 ps, Instance /toplevel_tb/uut/ALU_UNIT/shift_unit/ : Warning: CONV_INTEGER: There is an 'U'|'X'|'W'|'Z'|'-' in an arithmetic operand, and it has been converted to 0.
at 0 ps, Instance /toplevel_tb/uut/ALU_UNIT/shift_unit/ : Warning: CONV_INTEGER: There is an 'U'|'X'|'W'|'Z'|'-' in an arithmetic operand, and it has been converted to 0.
at 0 ps, Instance /toplevel_tb/uut/ALU_UNIT/shift_unit/ : Warning: CONV_INTEGER: There is an 'U'|'X'|'W'|'Z'|'-' in an arithmetic operand, and it has been converted to 0.
at 0 ps, Instance /toplevel_tb/uut/ALU_UNIT/shift_unit/ : Warning: CONV_INTEGER: There is an 'U'|'X'|'W'|'Z'|'-' in an arithmetic operand, and it has been converted to 0.
at 500 us(1), Instance /toplevel_tb/uut/ALU_UNIT/word_unit/DATAMEMORY/U0/native_mem_module/mem_module/ : Warning: CONV_INTEGER: There is an 'U'|'X'|'W'|'Z'|'-' in an arithmetic operand, and it has been converted to 0.
at 1 ms(2), Instance /toplevel_tb/uut/EX_MEM/U0/native_mem_module/mem_module/ : Warning: CONV_INTEGER: There is an 'U'|'X'|'W'|'Z'|'-' in an arithmetic operand, and it has been converted to 0.
at 2 ms(2), Instance /toplevel_tb/uut/EX_MEM/U0/native_mem_module/mem_module/ : Warning: CONV_INTEGER: There is an 'U'|'X'|'W'|'Z'|'-' in an arithmetic operand, and it has been converted to 0.
at 3 ms(3), Instance /toplevel_tb/uut/ALU_UNIT/shift_unit/ : Warning: CONV_INTEGER: There is an 'U'|'X'|'W'|'Z'|'-' in an arithmetic operand, and it has been converted to 0.
at 3 ms(3), Instance /toplevel_tb/uut/ALU_UNIT/shift_unit/ : Warning: CONV_INTEGER: There is an 'U'|'X'|'W'|'Z'|'-' in an arithmetic operand, and it has been converted to 0.
at 3500 us(1), Instance /toplevel_tb/uut/ALU_UNIT/word_unit/DATAMEMORY/U0/native_mem_module/mem_module/ : Warning: CONV_INTEGER: There is an 'U'|'X'|'W'|'Z'|'-' in an arithmetic operand, and it has been converted to 0.
at 4500 us(1), Instance /toplevel_tb/uut/ALU_UNIT/word_unit/DATAMEMORY/U0/native_mem_module/mem_module/ : Warning: CONV_INTEGER: There is an 'U'|'X'|'W'|'Z'|'-' in an arithmetic operand, and it has been converted to 0.
ISim P.20131013 (signature 0xfbc00daa)
This is a Full version of ISim.
# run 1000 ns
Simulator is doing circuit initialization process.
at 0 ps, Instance /toplevel_tb/uut/Fetch_UNIT/PCINC/ : Warning: There is an 'U'|'X'|'W'|'Z'|'-' in an arithmetic operand, the result will be 'X'(es).
Finished circuit initialization process.
at 0 ps, Instance /toplevel_tb/uut/ALU_UNIT/shift_unit/ : Warning: CONV_INTEGER: There is an 'U'|'X'|'W'|'Z'|'-' in an arithmetic operand, and it has been converted to 0.
at 0 ps, Instance /toplevel_tb/uut/ALU_UNIT/shift_unit/ : Warning: CONV_INTEGER: There is an 'U'|'X'|'W'|'Z'|'-' in an arithmetic operand, and it has been converted to 0.
at 0 ps, Instance /toplevel_tb/uut/ALU_UNIT/shift_unit/ : Warning: CONV_INTEGER: There is an 'U'|'X'|'W'|'Z'|'-' in an arithmetic operand, and it has been converted to 0.
at 0 ps, Instance /toplevel_tb/uut/ALU_UNIT/shift_unit/ : Warning: CONV_INTEGER: There is an 'U'|'X'|'W'|'Z'|'-' in an arithmetic operand, and it has been converted to 0.
# run 30ms
at 500 us(1), Instance /toplevel_tb/uut/ALU_UNIT/word_unit/DATAMEMORY/U0/native_mem_module/mem_module/ : Warning: CONV_INTEGER: There is an 'U'|'X'|'W'|'Z'|'-' in an arithmetic operand, and it has been converted to 0.
at 1 ms(2), Instance /toplevel_tb/uut/EX_MEM/U0/native_mem_module/mem_module/ : Warning: CONV_INTEGER: There is an 'U'|'X'|'W'|'Z'|'-' in an arithmetic operand, and it has been converted to 0.
at 2 ms(2), Instance /toplevel_tb/uut/EX_MEM/U0/native_mem_module/mem_module/ : Warning: CONV_INTEGER: There is an 'U'|'X'|'W'|'Z'|'-' in an arithmetic operand, and it has been converted to 0.
at 3 ms(3), Instance /toplevel_tb/uut/ALU_UNIT/shift_unit/ : Warning: CONV_INTEGER: There is an 'U'|'X'|'W'|'Z'|'-' in an arithmetic operand, and it has been converted to 0.
at 3 ms(3), Instance /toplevel_tb/uut/ALU_UNIT/shift_unit/ : Warning: CONV_INTEGER: There is an 'U'|'X'|'W'|'Z'|'-' in an arithmetic operand, and it has been converted to 0.
at 3500 us(1), Instance /toplevel_tb/uut/ALU_UNIT/word_unit/DATAMEMORY/U0/native_mem_module/mem_module/ : Warning: CONV_INTEGER: There is an 'U'|'X'|'W'|'Z'|'-' in an arithmetic operand, and it has been converted to 0.
at 4500 us(1), Instance /toplevel_tb/uut/ALU_UNIT/word_unit/DATAMEMORY/U0/native_mem_module/mem_module/ : Warning: CONV_INTEGER: There is an 'U'|'X'|'W'|'Z'|'-' in an arithmetic operand, and it has been converted to 0.
# restart
# run 30ms
Simulator is doing circuit initialization process.
Finished circuit initialization process.
at 0 ps, Instance /toplevel_tb/uut/ALU_UNIT/shift_unit/ : Warning: CONV_INTEGER: There is an 'U'|'X'|'W'|'Z'|'-' in an arithmetic operand, and it has been converted to 0.
at 0 ps, Instance /toplevel_tb/uut/ALU_UNIT/shift_unit/ : Warning: CONV_INTEGER: There is an 'U'|'X'|'W'|'Z'|'-' in an arithmetic operand, and it has been converted to 0.
at 0 ps, Instance /toplevel_tb/uut/ALU_UNIT/shift_unit/ : Warning: CONV_INTEGER: There is an 'U'|'X'|'W'|'Z'|'-' in an arithmetic operand, and it has been converted to 0.
at 0 ps, Instance /toplevel_tb/uut/ALU_UNIT/shift_unit/ : Warning: CONV_INTEGER: There is an 'U'|'X'|'W'|'Z'|'-' in an arithmetic operand, and it has been converted to 0.
at 500 us(1), Instance /toplevel_tb/uut/ALU_UNIT/word_unit/DATAMEMORY/U0/native_mem_module/mem_module/ : Warning: CONV_INTEGER: There is an 'U'|'X'|'W'|'Z'|'-' in an arithmetic operand, and it has been converted to 0.
at 1 ms(2), Instance /toplevel_tb/uut/EX_MEM/U0/native_mem_module/mem_module/ : Warning: CONV_INTEGER: There is an 'U'|'X'|'W'|'Z'|'-' in an arithmetic operand, and it has been converted to 0.
at 2 ms(2), Instance /toplevel_tb/uut/EX_MEM/U0/native_mem_module/mem_module/ : Warning: CONV_INTEGER: There is an 'U'|'X'|'W'|'Z'|'-' in an arithmetic operand, and it has been converted to 0.
at 3 ms(3), Instance /toplevel_tb/uut/ALU_UNIT/shift_unit/ : Warning: CONV_INTEGER: There is an 'U'|'X'|'W'|'Z'|'-' in an arithmetic operand, and it has been converted to 0.
at 3 ms(3), Instance /toplevel_tb/uut/ALU_UNIT/shift_unit/ : Warning: CONV_INTEGER: There is an 'U'|'X'|'W'|'Z'|'-' in an arithmetic operand, and it has been converted to 0.
at 3500 us(1), Instance /toplevel_tb/uut/ALU_UNIT/word_unit/DATAMEMORY/U0/native_mem_module/mem_module/ : Warning: CONV_INTEGER: There is an 'U'|'X'|'W'|'Z'|'-' in an arithmetic operand, and it has been converted to 0.
at 4500 us(1), Instance /toplevel_tb/uut/ALU_UNIT/word_unit/DATAMEMORY/U0/native_mem_module/mem_module/ : Warning: CONV_INTEGER: There is an 'U'|'X'|'W'|'Z'|'-' in an arithmetic operand, and it has been converted to 0.
# restart
# run 30ms
Simulator is doing circuit initialization process.
Finished circuit initialization process.
at 0 ps, Instance /toplevel_tb/uut/ALU_UNIT/shift_unit/ : Warning: CONV_INTEGER: There is an 'U'|'X'|'W'|'Z'|'-' in an arithmetic operand, and it has been converted to 0.
at 0 ps, Instance /toplevel_tb/uut/ALU_UNIT/shift_unit/ : Warning: CONV_INTEGER: There is an 'U'|'X'|'W'|'Z'|'-' in an arithmetic operand, and it has been converted to 0.
at 0 ps, Instance /toplevel_tb/uut/ALU_UNIT/shift_unit/ : Warning: CONV_INTEGER: There is an 'U'|'X'|'W'|'Z'|'-' in an arithmetic operand, and it has been converted to 0.
at 0 ps, Instance /toplevel_tb/uut/ALU_UNIT/shift_unit/ : Warning: CONV_INTEGER: There is an 'U'|'X'|'W'|'Z'|'-' in an arithmetic operand, and it has been converted to 0.
at 500 us(1), Instance /toplevel_tb/uut/ALU_UNIT/word_unit/DATAMEMORY/U0/native_mem_module/mem_module/ : Warning: CONV_INTEGER: There is an 'U'|'X'|'W'|'Z'|'-' in an arithmetic operand, and it has been converted to 0.
at 1 ms(2), Instance /toplevel_tb/uut/EX_MEM/U0/native_mem_module/mem_module/ : Warning: CONV_INTEGER: There is an 'U'|'X'|'W'|'Z'|'-' in an arithmetic operand, and it has been converted to 0.
at 2 ms(2), Instance /toplevel_tb/uut/EX_MEM/U0/native_mem_module/mem_module/ : Warning: CONV_INTEGER: There is an 'U'|'X'|'W'|'Z'|'-' in an arithmetic operand, and it has been converted to 0.
at 3 ms(3), Instance /toplevel_tb/uut/ALU_UNIT/shift_unit/ : Warning: CONV_INTEGER: There is an 'U'|'X'|'W'|'Z'|'-' in an arithmetic operand, and it has been converted to 0.
at 3 ms(3), Instance /toplevel_tb/uut/ALU_UNIT/shift_unit/ : Warning: CONV_INTEGER: There is an 'U'|'X'|'W'|'Z'|'-' in an arithmetic operand, and it has been converted to 0.
at 3500 us(1), Instance /toplevel_tb/uut/ALU_UNIT/word_unit/DATAMEMORY/U0/native_mem_module/mem_module/ : Warning: CONV_INTEGER: There is an 'U'|'X'|'W'|'Z'|'-' in an arithmetic operand, and it has been converted to 0.
at 4500 us(1), Instance /toplevel_tb/uut/ALU_UNIT/word_unit/DATAMEMORY/U0/native_mem_module/mem_module/ : Warning: CONV_INTEGER: There is an 'U'|'X'|'W'|'Z'|'-' in an arithmetic operand, and it has been converted to 0.
ISim P.20131013 (signature 0xfbc00daa)
This is a Full version of ISim.
# run 1000 ns
Simulator is doing circuit initialization process.
at 0 ps, Instance /toplevel_tb/uut/Fetch_UNIT/PCINC/ : Warning: There is an 'U'|'X'|'W'|'Z'|'-' in an arithmetic operand, the result will be 'X'(es).
Finished circuit initialization process.
at 0 ps, Instance /toplevel_tb/uut/ALU_UNIT/shift_unit/ : Warning: CONV_INTEGER: There is an 'U'|'X'|'W'|'Z'|'-' in an arithmetic operand, and it has been converted to 0.
at 0 ps, Instance /toplevel_tb/uut/ALU_UNIT/shift_unit/ : Warning: CONV_INTEGER: There is an 'U'|'X'|'W'|'Z'|'-' in an arithmetic operand, and it has been converted to 0.
at 0 ps, Instance /toplevel_tb/uut/ALU_UNIT/shift_unit/ : Warning: CONV_INTEGER: There is an 'U'|'X'|'W'|'Z'|'-' in an arithmetic operand, and it has been converted to 0.
at 0 ps, Instance /toplevel_tb/uut/ALU_UNIT/shift_unit/ : Warning: CONV_INTEGER: There is an 'U'|'X'|'W'|'Z'|'-' in an arithmetic operand, and it has been converted to 0.
# restart
# run 30ms
Simulator is doing circuit initialization process.
Finished circuit initialization process.
at 0 ps, Instance /toplevel_tb/uut/ALU_UNIT/shift_unit/ : Warning: CONV_INTEGER: There is an 'U'|'X'|'W'|'Z'|'-' in an arithmetic operand, and it has been converted to 0.
at 0 ps, Instance /toplevel_tb/uut/ALU_UNIT/shift_unit/ : Warning: CONV_INTEGER: There is an 'U'|'X'|'W'|'Z'|'-' in an arithmetic operand, and it has been converted to 0.
at 0 ps, Instance /toplevel_tb/uut/ALU_UNIT/shift_unit/ : Warning: CONV_INTEGER: There is an 'U'|'X'|'W'|'Z'|'-' in an arithmetic operand, and it has been converted to 0.
at 0 ps, Instance /toplevel_tb/uut/ALU_UNIT/shift_unit/ : Warning: CONV_INTEGER: There is an 'U'|'X'|'W'|'Z'|'-' in an arithmetic operand, and it has been converted to 0.
at 500 us(1), Instance /toplevel_tb/uut/ALU_UNIT/word_unit/DATAMEMORY/U0/native_mem_module/mem_module/ : Warning: CONV_INTEGER: There is an 'U'|'X'|'W'|'Z'|'-' in an arithmetic operand, and it has been converted to 0.
at 1 ms(2), Instance /toplevel_tb/uut/EX_MEM/U0/native_mem_module/mem_module/ : Warning: CONV_INTEGER: There is an 'U'|'X'|'W'|'Z'|'-' in an arithmetic operand, and it has been converted to 0.
at 2 ms(2), Instance /toplevel_tb/uut/EX_MEM/U0/native_mem_module/mem_module/ : Warning: CONV_INTEGER: There is an 'U'|'X'|'W'|'Z'|'-' in an arithmetic operand, and it has been converted to 0.
at 3 ms(3), Instance /toplevel_tb/uut/ALU_UNIT/shift_unit/ : Warning: CONV_INTEGER: There is an 'U'|'X'|'W'|'Z'|'-' in an arithmetic operand, and it has been converted to 0.
at 3 ms(3), Instance /toplevel_tb/uut/ALU_UNIT/shift_unit/ : Warning: CONV_INTEGER: There is an 'U'|'X'|'W'|'Z'|'-' in an arithmetic operand, and it has been converted to 0.
at 3500 us(1), Instance /toplevel_tb/uut/ALU_UNIT/word_unit/DATAMEMORY/U0/native_mem_module/mem_module/ : Warning: CONV_INTEGER: There is an 'U'|'X'|'W'|'Z'|'-' in an arithmetic operand, and it has been converted to 0.
at 4500 us(1), Instance /toplevel_tb/uut/ALU_UNIT/word_unit/DATAMEMORY/U0/native_mem_module/mem_module/ : Warning: CONV_INTEGER: There is an 'U'|'X'|'W'|'Z'|'-' in an arithmetic operand, and it has been converted to 0.
ISim P.20131013 (signature 0xfbc00daa)
This is a Full version of ISim.
# run 1000 ns
Simulator is doing circuit initialization process.
at 0 ps, Instance /toplevel_tb/uut/Fetch_UNIT/PCINC/ : Warning: There is an 'U'|'X'|'W'|'Z'|'-' in an arithmetic operand, the result will be 'X'(es).
Finished circuit initialization process.
at 0 ps, Instance /toplevel_tb/uut/ALU_UNIT/shift_unit/ : Warning: CONV_INTEGER: There is an 'U'|'X'|'W'|'Z'|'-' in an arithmetic operand, and it has been converted to 0.
at 0 ps, Instance /toplevel_tb/uut/ALU_UNIT/shift_unit/ : Warning: CONV_INTEGER: There is an 'U'|'X'|'W'|'Z'|'-' in an arithmetic operand, and it has been converted to 0.
at 0 ps, Instance /toplevel_tb/uut/ALU_UNIT/shift_unit/ : Warning: CONV_INTEGER: There is an 'U'|'X'|'W'|'Z'|'-' in an arithmetic operand, and it has been converted to 0.
at 0 ps, Instance /toplevel_tb/uut/ALU_UNIT/shift_unit/ : Warning: CONV_INTEGER: There is an 'U'|'X'|'W'|'Z'|'-' in an arithmetic operand, and it has been converted to 0.
# restart
# run 30ms
Simulator is doing circuit initialization process.
Finished circuit initialization process.
at 0 ps, Instance /toplevel_tb/uut/ALU_UNIT/shift_unit/ : Warning: CONV_INTEGER: There is an 'U'|'X'|'W'|'Z'|'-' in an arithmetic operand, and it has been converted to 0.
at 0 ps, Instance /toplevel_tb/uut/ALU_UNIT/shift_unit/ : Warning: CONV_INTEGER: There is an 'U'|'X'|'W'|'Z'|'-' in an arithmetic operand, and it has been converted to 0.
at 0 ps, Instance /toplevel_tb/uut/ALU_UNIT/shift_unit/ : Warning: CONV_INTEGER: There is an 'U'|'X'|'W'|'Z'|'-' in an arithmetic operand, and it has been converted to 0.
at 0 ps, Instance /toplevel_tb/uut/ALU_UNIT/shift_unit/ : Warning: CONV_INTEGER: There is an 'U'|'X'|'W'|'Z'|'-' in an arithmetic operand, and it has been converted to 0.
at 500 us(1), Instance /toplevel_tb/uut/ALU_UNIT/word_unit/DATAMEMORY/U0/native_mem_module/mem_module/ : Warning: CONV_INTEGER: There is an 'U'|'X'|'W'|'Z'|'-' in an arithmetic operand, and it has been converted to 0.
at 1 ms(2), Instance /toplevel_tb/uut/EX_MEM/U0/native_mem_module/mem_module/ : Warning: CONV_INTEGER: There is an 'U'|'X'|'W'|'Z'|'-' in an arithmetic operand, and it has been converted to 0.
at 2 ms(2), Instance /toplevel_tb/uut/EX_MEM/U0/native_mem_module/mem_module/ : Warning: CONV_INTEGER: There is an 'U'|'X'|'W'|'Z'|'-' in an arithmetic operand, and it has been converted to 0.
at 3 ms(3), Instance /toplevel_tb/uut/ALU_UNIT/shift_unit/ : Warning: CONV_INTEGER: There is an 'U'|'X'|'W'|'Z'|'-' in an arithmetic operand, and it has been converted to 0.
at 3 ms(3), Instance /toplevel_tb/uut/ALU_UNIT/shift_unit/ : Warning: CONV_INTEGER: There is an 'U'|'X'|'W'|'Z'|'-' in an arithmetic operand, and it has been converted to 0.
at 3500 us(1), Instance /toplevel_tb/uut/ALU_UNIT/word_unit/DATAMEMORY/U0/native_mem_module/mem_module/ : Warning: CONV_INTEGER: There is an 'U'|'X'|'W'|'Z'|'-' in an arithmetic operand, and it has been converted to 0.
at 4500 us(1), Instance /toplevel_tb/uut/ALU_UNIT/word_unit/DATAMEMORY/U0/native_mem_module/mem_module/ : Warning: CONV_INTEGER: There is an 'U'|'X'|'W'|'Z'|'-' in an arithmetic operand, and it has been converted to 0.
ISim P.20131013 (signature 0xfbc00daa)
This is a Full version of ISim.
# run 1000 ns
Simulator is doing circuit initialization process.
at 0 ps, Instance /toplevel_tb/uut/Fetch_UNIT/PCINC/ : Warning: There is an 'U'|'X'|'W'|'Z'|'-' in an arithmetic operand, the result will be 'X'(es).
Finished circuit initialization process.
at 0 ps, Instance /toplevel_tb/uut/ALU_UNIT/shift_unit/ : Warning: CONV_INTEGER: There is an 'U'|'X'|'W'|'Z'|'-' in an arithmetic operand, and it has been converted to 0.
at 0 ps, Instance /toplevel_tb/uut/ALU_UNIT/shift_unit/ : Warning: CONV_INTEGER: There is an 'U'|'X'|'W'|'Z'|'-' in an arithmetic operand, and it has been converted to 0.
at 0 ps, Instance /toplevel_tb/uut/ALU_UNIT/shift_unit/ : Warning: CONV_INTEGER: There is an 'U'|'X'|'W'|'Z'|'-' in an arithmetic operand, and it has been converted to 0.
at 0 ps, Instance /toplevel_tb/uut/ALU_UNIT/shift_unit/ : Warning: CONV_INTEGER: There is an 'U'|'X'|'W'|'Z'|'-' in an arithmetic operand, and it has been converted to 0.
# restart
# run 30ms
Simulator is doing circuit initialization process.
Finished circuit initialization process.
at 0 ps, Instance /toplevel_tb/uut/ALU_UNIT/shift_unit/ : Warning: CONV_INTEGER: There is an 'U'|'X'|'W'|'Z'|'-' in an arithmetic operand, and it has been converted to 0.
at 0 ps, Instance /toplevel_tb/uut/ALU_UNIT/shift_unit/ : Warning: CONV_INTEGER: There is an 'U'|'X'|'W'|'Z'|'-' in an arithmetic operand, and it has been converted to 0.
at 0 ps, Instance /toplevel_tb/uut/ALU_UNIT/shift_unit/ : Warning: CONV_INTEGER: There is an 'U'|'X'|'W'|'Z'|'-' in an arithmetic operand, and it has been converted to 0.
at 0 ps, Instance /toplevel_tb/uut/ALU_UNIT/shift_unit/ : Warning: CONV_INTEGER: There is an 'U'|'X'|'W'|'Z'|'-' in an arithmetic operand, and it has been converted to 0.
at 500 us(1), Instance /toplevel_tb/uut/ALU_UNIT/word_unit/DATAMEMORY/U0/native_mem_module/mem_module/ : Warning: CONV_INTEGER: There is an 'U'|'X'|'W'|'Z'|'-' in an arithmetic operand, and it has been converted to 0.
at 1 ms(2), Instance /toplevel_tb/uut/EX_MEM/U0/native_mem_module/mem_module/ : Warning: CONV_INTEGER: There is an 'U'|'X'|'W'|'Z'|'-' in an arithmetic operand, and it has been converted to 0.
at 2 ms(2), Instance /toplevel_tb/uut/EX_MEM/U0/native_mem_module/mem_module/ : Warning: CONV_INTEGER: There is an 'U'|'X'|'W'|'Z'|'-' in an arithmetic operand, and it has been converted to 0.
at 3 ms(3), Instance /toplevel_tb/uut/ALU_UNIT/shift_unit/ : Warning: CONV_INTEGER: There is an 'U'|'X'|'W'|'Z'|'-' in an arithmetic operand, and it has been converted to 0.
at 3 ms(3), Instance /toplevel_tb/uut/ALU_UNIT/shift_unit/ : Warning: CONV_INTEGER: There is an 'U'|'X'|'W'|'Z'|'-' in an arithmetic operand, and it has been converted to 0.
at 3500 us(1), Instance /toplevel_tb/uut/ALU_UNIT/word_unit/DATAMEMORY/U0/native_mem_module/mem_module/ : Warning: CONV_INTEGER: There is an 'U'|'X'|'W'|'Z'|'-' in an arithmetic operand, and it has been converted to 0.
at 4500 us(1), Instance /toplevel_tb/uut/ALU_UNIT/word_unit/DATAMEMORY/U0/native_mem_module/mem_module/ : Warning: CONV_INTEGER: There is an 'U'|'X'|'W'|'Z'|'-' in an arithmetic operand, and it has been converted to 0.
ISim P.20131013 (signature 0xfbc00daa)
This is a Full version of ISim.
# run 1000 ns
Simulator is doing circuit initialization process.
at 0 ps, Instance /toplevel_tb/uut/Fetch_UNIT/PCINC/ : Warning: There is an 'U'|'X'|'W'|'Z'|'-' in an arithmetic operand, the result will be 'X'(es).
Finished circuit initialization process.
at 0 ps, Instance /toplevel_tb/uut/ALU_UNIT/shift_unit/ : Warning: CONV_INTEGER: There is an 'U'|'X'|'W'|'Z'|'-' in an arithmetic operand, and it has been converted to 0.
at 0 ps, Instance /toplevel_tb/uut/ALU_UNIT/shift_unit/ : Warning: CONV_INTEGER: There is an 'U'|'X'|'W'|'Z'|'-' in an arithmetic operand, and it has been converted to 0.
at 0 ps, Instance /toplevel_tb/uut/ALU_UNIT/shift_unit/ : Warning: CONV_INTEGER: There is an 'U'|'X'|'W'|'Z'|'-' in an arithmetic operand, and it has been converted to 0.
at 0 ps, Instance /toplevel_tb/uut/ALU_UNIT/shift_unit/ : Warning: CONV_INTEGER: There is an 'U'|'X'|'W'|'Z'|'-' in an arithmetic operand, and it has been converted to 0.
# restart
# run 30ms
Simulator is doing circuit initialization process.
Finished circuit initialization process.
at 0 ps, Instance /toplevel_tb/uut/ALU_UNIT/shift_unit/ : Warning: CONV_INTEGER: There is an 'U'|'X'|'W'|'Z'|'-' in an arithmetic operand, and it has been converted to 0.
at 0 ps, Instance /toplevel_tb/uut/ALU_UNIT/shift_unit/ : Warning: CONV_INTEGER: There is an 'U'|'X'|'W'|'Z'|'-' in an arithmetic operand, and it has been converted to 0.
at 0 ps, Instance /toplevel_tb/uut/ALU_UNIT/shift_unit/ : Warning: CONV_INTEGER: There is an 'U'|'X'|'W'|'Z'|'-' in an arithmetic operand, and it has been converted to 0.
at 0 ps, Instance /toplevel_tb/uut/ALU_UNIT/shift_unit/ : Warning: CONV_INTEGER: There is an 'U'|'X'|'W'|'Z'|'-' in an arithmetic operand, and it has been converted to 0.
at 500 us(1), Instance /toplevel_tb/uut/ALU_UNIT/word_unit/DATAMEMORY/U0/native_mem_module/mem_module/ : Warning: CONV_INTEGER: There is an 'U'|'X'|'W'|'Z'|'-' in an arithmetic operand, and it has been converted to 0.
at 1 ms(2), Instance /toplevel_tb/uut/EX_MEM/U0/native_mem_module/mem_module/ : Warning: CONV_INTEGER: There is an 'U'|'X'|'W'|'Z'|'-' in an arithmetic operand, and it has been converted to 0.
at 2 ms(2), Instance /toplevel_tb/uut/EX_MEM/U0/native_mem_module/mem_module/ : Warning: CONV_INTEGER: There is an 'U'|'X'|'W'|'Z'|'-' in an arithmetic operand, and it has been converted to 0.
at 3 ms(3), Instance /toplevel_tb/uut/ALU_UNIT/shift_unit/ : Warning: CONV_INTEGER: There is an 'U'|'X'|'W'|'Z'|'-' in an arithmetic operand, and it has been converted to 0.
at 3 ms(3), Instance /toplevel_tb/uut/ALU_UNIT/shift_unit/ : Warning: CONV_INTEGER: There is an 'U'|'X'|'W'|'Z'|'-' in an arithmetic operand, and it has been converted to 0.
at 3500 us(1), Instance /toplevel_tb/uut/ALU_UNIT/word_unit/DATAMEMORY/U0/native_mem_module/mem_module/ : Warning: CONV_INTEGER: There is an 'U'|'X'|'W'|'Z'|'-' in an arithmetic operand, and it has been converted to 0.
at 4500 us(1), Instance /toplevel_tb/uut/ALU_UNIT/word_unit/DATAMEMORY/U0/native_mem_module/mem_module/ : Warning: CONV_INTEGER: There is an 'U'|'X'|'W'|'Z'|'-' in an arithmetic operand, and it has been converted to 0.
ISim P.20131013 (signature 0xfbc00daa)
This is a Full version of ISim.
# run 1000 ns
Simulator is doing circuit initialization process.
at 0 ps, Instance /toplevel_tb/uut/Fetch_UNIT/PCINC/ : Warning: There is an 'U'|'X'|'W'|'Z'|'-' in an arithmetic operand, the result will be 'X'(es).
Finished circuit initialization process.
at 0 ps, Instance /toplevel_tb/uut/ALU_UNIT/shift_unit/ : Warning: CONV_INTEGER: There is an 'U'|'X'|'W'|'Z'|'-' in an arithmetic operand, and it has been converted to 0.
at 0 ps, Instance /toplevel_tb/uut/ALU_UNIT/shift_unit/ : Warning: CONV_INTEGER: There is an 'U'|'X'|'W'|'Z'|'-' in an arithmetic operand, and it has been converted to 0.
at 0 ps, Instance /toplevel_tb/uut/ALU_UNIT/shift_unit/ : Warning: CONV_INTEGER: There is an 'U'|'X'|'W'|'Z'|'-' in an arithmetic operand, and it has been converted to 0.
at 0 ps, Instance /toplevel_tb/uut/ALU_UNIT/shift_unit/ : Warning: CONV_INTEGER: There is an 'U'|'X'|'W'|'Z'|'-' in an arithmetic operand, and it has been converted to 0.
# restart
# run 30ms
Simulator is doing circuit initialization process.
Finished circuit initialization process.
at 0 ps, Instance /toplevel_tb/uut/ALU_UNIT/shift_unit/ : Warning: CONV_INTEGER: There is an 'U'|'X'|'W'|'Z'|'-' in an arithmetic operand, and it has been converted to 0.
at 0 ps, Instance /toplevel_tb/uut/ALU_UNIT/shift_unit/ : Warning: CONV_INTEGER: There is an 'U'|'X'|'W'|'Z'|'-' in an arithmetic operand, and it has been converted to 0.
at 0 ps, Instance /toplevel_tb/uut/ALU_UNIT/shift_unit/ : Warning: CONV_INTEGER: There is an 'U'|'X'|'W'|'Z'|'-' in an arithmetic operand, and it has been converted to 0.
at 0 ps, Instance /toplevel_tb/uut/ALU_UNIT/shift_unit/ : Warning: CONV_INTEGER: There is an 'U'|'X'|'W'|'Z'|'-' in an arithmetic operand, and it has been converted to 0.
at 500 us(1), Instance /toplevel_tb/uut/ALU_UNIT/word_unit/DATAMEMORY/U0/native_mem_module/mem_module/ : Warning: CONV_INTEGER: There is an 'U'|'X'|'W'|'Z'|'-' in an arithmetic operand, and it has been converted to 0.
at 1 ms(2), Instance /toplevel_tb/uut/EX_MEM/U0/native_mem_module/mem_module/ : Warning: CONV_INTEGER: There is an 'U'|'X'|'W'|'Z'|'-' in an arithmetic operand, and it has been converted to 0.
at 2 ms(2), Instance /toplevel_tb/uut/EX_MEM/U0/native_mem_module/mem_module/ : Warning: CONV_INTEGER: There is an 'U'|'X'|'W'|'Z'|'-' in an arithmetic operand, and it has been converted to 0.
at 3 ms(3), Instance /toplevel_tb/uut/ALU_UNIT/shift_unit/ : Warning: CONV_INTEGER: There is an 'U'|'X'|'W'|'Z'|'-' in an arithmetic operand, and it has been converted to 0.
at 3 ms(3), Instance /toplevel_tb/uut/ALU_UNIT/shift_unit/ : Warning: CONV_INTEGER: There is an 'U'|'X'|'W'|'Z'|'-' in an arithmetic operand, and it has been converted to 0.
at 3500 us(1), Instance /toplevel_tb/uut/ALU_UNIT/word_unit/DATAMEMORY/U0/native_mem_module/mem_module/ : Warning: CONV_INTEGER: There is an 'U'|'X'|'W'|'Z'|'-' in an arithmetic operand, and it has been converted to 0.
at 4500 us(1), Instance /toplevel_tb/uut/ALU_UNIT/word_unit/DATAMEMORY/U0/native_mem_module/mem_module/ : Warning: CONV_INTEGER: There is an 'U'|'X'|'W'|'Z'|'-' in an arithmetic operand, and it has been converted to 0.
ISim P.20131013 (signature 0xfbc00daa)
This is a Full version of ISim.
# run 1000 ns
Simulator is doing circuit initialization process.
at 0 ps, Instance /toplevel_tb/uut/Fetch_UNIT/PCINC/ : Warning: There is an 'U'|'X'|'W'|'Z'|'-' in an arithmetic operand, the result will be 'X'(es).
Finished circuit initialization process.
at 0 ps, Instance /toplevel_tb/uut/ALU_UNIT/shift_unit/ : Warning: CONV_INTEGER: There is an 'U'|'X'|'W'|'Z'|'-' in an arithmetic operand, and it has been converted to 0.
at 0 ps, Instance /toplevel_tb/uut/ALU_UNIT/shift_unit/ : Warning: CONV_INTEGER: There is an 'U'|'X'|'W'|'Z'|'-' in an arithmetic operand, and it has been converted to 0.
at 0 ps, Instance /toplevel_tb/uut/ALU_UNIT/shift_unit/ : Warning: CONV_INTEGER: There is an 'U'|'X'|'W'|'Z'|'-' in an arithmetic operand, and it has been converted to 0.
at 0 ps, Instance /toplevel_tb/uut/ALU_UNIT/shift_unit/ : Warning: CONV_INTEGER: There is an 'U'|'X'|'W'|'Z'|'-' in an arithmetic operand, and it has been converted to 0.
# restart
# run 30ms
Simulator is doing circuit initialization process.
Finished circuit initialization process.
at 0 ps, Instance /toplevel_tb/uut/ALU_UNIT/shift_unit/ : Warning: CONV_INTEGER: There is an 'U'|'X'|'W'|'Z'|'-' in an arithmetic operand, and it has been converted to 0.
at 0 ps, Instance /toplevel_tb/uut/ALU_UNIT/shift_unit/ : Warning: CONV_INTEGER: There is an 'U'|'X'|'W'|'Z'|'-' in an arithmetic operand, and it has been converted to 0.
at 0 ps, Instance /toplevel_tb/uut/ALU_UNIT/shift_unit/ : Warning: CONV_INTEGER: There is an 'U'|'X'|'W'|'Z'|'-' in an arithmetic operand, and it has been converted to 0.
at 0 ps, Instance /toplevel_tb/uut/ALU_UNIT/shift_unit/ : Warning: CONV_INTEGER: There is an 'U'|'X'|'W'|'Z'|'-' in an arithmetic operand, and it has been converted to 0.
at 500 us(1), Instance /toplevel_tb/uut/ALU_UNIT/word_unit/DATAMEMORY/U0/native_mem_module/mem_module/ : Warning: CONV_INTEGER: There is an 'U'|'X'|'W'|'Z'|'-' in an arithmetic operand, and it has been converted to 0.
at 1 ms(2), Instance /toplevel_tb/uut/EX_MEM/U0/native_mem_module/mem_module/ : Warning: CONV_INTEGER: There is an 'U'|'X'|'W'|'Z'|'-' in an arithmetic operand, and it has been converted to 0.
at 2 ms(2), Instance /toplevel_tb/uut/EX_MEM/U0/native_mem_module/mem_module/ : Warning: CONV_INTEGER: There is an 'U'|'X'|'W'|'Z'|'-' in an arithmetic operand, and it has been converted to 0.
at 3 ms(3), Instance /toplevel_tb/uut/ALU_UNIT/shift_unit/ : Warning: CONV_INTEGER: There is an 'U'|'X'|'W'|'Z'|'-' in an arithmetic operand, and it has been converted to 0.
at 3 ms(3), Instance /toplevel_tb/uut/ALU_UNIT/shift_unit/ : Warning: CONV_INTEGER: There is an 'U'|'X'|'W'|'Z'|'-' in an arithmetic operand, and it has been converted to 0.
at 3500 us(1), Instance /toplevel_tb/uut/ALU_UNIT/word_unit/DATAMEMORY/U0/native_mem_module/mem_module/ : Warning: CONV_INTEGER: There is an 'U'|'X'|'W'|'Z'|'-' in an arithmetic operand, and it has been converted to 0.
at 4500 us(1), Instance /toplevel_tb/uut/ALU_UNIT/word_unit/DATAMEMORY/U0/native_mem_module/mem_module/ : Warning: CONV_INTEGER: There is an 'U'|'X'|'W'|'Z'|'-' in an arithmetic operand, and it has been converted to 0.
ISim P.20131013 (signature 0xfbc00daa)
This is a Full version of ISim.
# run 1000 ns
Simulator is doing circuit initialization process.
at 0 ps, Instance /toplevel_tb/uut/Fetch_UNIT/PCINC/ : Warning: There is an 'U'|'X'|'W'|'Z'|'-' in an arithmetic operand, the result will be 'X'(es).
Finished circuit initialization process.
at 0 ps, Instance /toplevel_tb/uut/ALU_UNIT/shift_unit/ : Warning: CONV_INTEGER: There is an 'U'|'X'|'W'|'Z'|'-' in an arithmetic operand, and it has been converted to 0.
at 0 ps, Instance /toplevel_tb/uut/ALU_UNIT/shift_unit/ : Warning: CONV_INTEGER: There is an 'U'|'X'|'W'|'Z'|'-' in an arithmetic operand, and it has been converted to 0.
at 0 ps, Instance /toplevel_tb/uut/ALU_UNIT/shift_unit/ : Warning: CONV_INTEGER: There is an 'U'|'X'|'W'|'Z'|'-' in an arithmetic operand, and it has been converted to 0.
at 0 ps, Instance /toplevel_tb/uut/ALU_UNIT/shift_unit/ : Warning: CONV_INTEGER: There is an 'U'|'X'|'W'|'Z'|'-' in an arithmetic operand, and it has been converted to 0.
# restart
# run 30ms
Simulator is doing circuit initialization process.
Finished circuit initialization process.
at 0 ps, Instance /toplevel_tb/uut/ALU_UNIT/shift_unit/ : Warning: CONV_INTEGER: There is an 'U'|'X'|'W'|'Z'|'-' in an arithmetic operand, and it has been converted to 0.
at 0 ps, Instance /toplevel_tb/uut/ALU_UNIT/shift_unit/ : Warning: CONV_INTEGER: There is an 'U'|'X'|'W'|'Z'|'-' in an arithmetic operand, and it has been converted to 0.
at 0 ps, Instance /toplevel_tb/uut/ALU_UNIT/shift_unit/ : Warning: CONV_INTEGER: There is an 'U'|'X'|'W'|'Z'|'-' in an arithmetic operand, and it has been converted to 0.
at 0 ps, Instance /toplevel_tb/uut/ALU_UNIT/shift_unit/ : Warning: CONV_INTEGER: There is an 'U'|'X'|'W'|'Z'|'-' in an arithmetic operand, and it has been converted to 0.
at 500 us(1), Instance /toplevel_tb/uut/ALU_UNIT/word_unit/DATAMEMORY/U0/native_mem_module/mem_module/ : Warning: CONV_INTEGER: There is an 'U'|'X'|'W'|'Z'|'-' in an arithmetic operand, and it has been converted to 0.
at 1 ms(2), Instance /toplevel_tb/uut/EX_MEM/U0/native_mem_module/mem_module/ : Warning: CONV_INTEGER: There is an 'U'|'X'|'W'|'Z'|'-' in an arithmetic operand, and it has been converted to 0.
at 2 ms(2), Instance /toplevel_tb/uut/EX_MEM/U0/native_mem_module/mem_module/ : Warning: CONV_INTEGER: There is an 'U'|'X'|'W'|'Z'|'-' in an arithmetic operand, and it has been converted to 0.
at 3 ms(3), Instance /toplevel_tb/uut/ALU_UNIT/shift_unit/ : Warning: CONV_INTEGER: There is an 'U'|'X'|'W'|'Z'|'-' in an arithmetic operand, and it has been converted to 0.
at 3 ms(3), Instance /toplevel_tb/uut/ALU_UNIT/shift_unit/ : Warning: CONV_INTEGER: There is an 'U'|'X'|'W'|'Z'|'-' in an arithmetic operand, and it has been converted to 0.
at 3500 us(1), Instance /toplevel_tb/uut/ALU_UNIT/word_unit/DATAMEMORY/U0/native_mem_module/mem_module/ : Warning: CONV_INTEGER: There is an 'U'|'X'|'W'|'Z'|'-' in an arithmetic operand, and it has been converted to 0.
at 4500 us(1), Instance /toplevel_tb/uut/ALU_UNIT/word_unit/DATAMEMORY/U0/native_mem_module/mem_module/ : Warning: CONV_INTEGER: There is an 'U'|'X'|'W'|'Z'|'-' in an arithmetic operand, and it has been converted to 0.
ISim P.20131013 (signature 0xfbc00daa)
This is a Full version of ISim.
# run 1000 ns
Simulator is doing circuit initialization process.
at 0 ps, Instance /toplevel_tb/uut/Fetch_UNIT/PCINC/ : Warning: There is an 'U'|'X'|'W'|'Z'|'-' in an arithmetic operand, the result will be 'X'(es).
Finished circuit initialization process.
at 0 ps, Instance /toplevel_tb/uut/ALU_UNIT/shift_unit/ : Warning: CONV_INTEGER: There is an 'U'|'X'|'W'|'Z'|'-' in an arithmetic operand, and it has been converted to 0.
at 0 ps, Instance /toplevel_tb/uut/ALU_UNIT/shift_unit/ : Warning: CONV_INTEGER: There is an 'U'|'X'|'W'|'Z'|'-' in an arithmetic operand, and it has been converted to 0.
at 0 ps, Instance /toplevel_tb/uut/ALU_UNIT/shift_unit/ : Warning: CONV_INTEGER: There is an 'U'|'X'|'W'|'Z'|'-' in an arithmetic operand, and it has been converted to 0.
at 0 ps, Instance /toplevel_tb/uut/ALU_UNIT/shift_unit/ : Warning: CONV_INTEGER: There is an 'U'|'X'|'W'|'Z'|'-' in an arithmetic operand, and it has been converted to 0.
# restart
# run 30ms
Simulator is doing circuit initialization process.
Finished circuit initialization process.
at 0 ps, Instance /toplevel_tb/uut/ALU_UNIT/shift_unit/ : Warning: CONV_INTEGER: There is an 'U'|'X'|'W'|'Z'|'-' in an arithmetic operand, and it has been converted to 0.
at 0 ps, Instance /toplevel_tb/uut/ALU_UNIT/shift_unit/ : Warning: CONV_INTEGER: There is an 'U'|'X'|'W'|'Z'|'-' in an arithmetic operand, and it has been converted to 0.
at 0 ps, Instance /toplevel_tb/uut/ALU_UNIT/shift_unit/ : Warning: CONV_INTEGER: There is an 'U'|'X'|'W'|'Z'|'-' in an arithmetic operand, and it has been converted to 0.
at 0 ps, Instance /toplevel_tb/uut/ALU_UNIT/shift_unit/ : Warning: CONV_INTEGER: There is an 'U'|'X'|'W'|'Z'|'-' in an arithmetic operand, and it has been converted to 0.
at 500 us(1), Instance /toplevel_tb/uut/ALU_UNIT/word_unit/DATAMEMORY/U0/native_mem_module/mem_module/ : Warning: CONV_INTEGER: There is an 'U'|'X'|'W'|'Z'|'-' in an arithmetic operand, and it has been converted to 0.
at 1 ms(2), Instance /toplevel_tb/uut/EX_MEM/U0/native_mem_module/mem_module/ : Warning: CONV_INTEGER: There is an 'U'|'X'|'W'|'Z'|'-' in an arithmetic operand, and it has been converted to 0.
at 2 ms(2), Instance /toplevel_tb/uut/EX_MEM/U0/native_mem_module/mem_module/ : Warning: CONV_INTEGER: There is an 'U'|'X'|'W'|'Z'|'-' in an arithmetic operand, and it has been converted to 0.
at 3 ms(3), Instance /toplevel_tb/uut/ALU_UNIT/shift_unit/ : Warning: CONV_INTEGER: There is an 'U'|'X'|'W'|'Z'|'-' in an arithmetic operand, and it has been converted to 0.
at 3 ms(3), Instance /toplevel_tb/uut/ALU_UNIT/shift_unit/ : Warning: CONV_INTEGER: There is an 'U'|'X'|'W'|'Z'|'-' in an arithmetic operand, and it has been converted to 0.
at 3500 us(1), Instance /toplevel_tb/uut/ALU_UNIT/word_unit/DATAMEMORY/U0/native_mem_module/mem_module/ : Warning: CONV_INTEGER: There is an 'U'|'X'|'W'|'Z'|'-' in an arithmetic operand, and it has been converted to 0.
at 4500 us(1), Instance /toplevel_tb/uut/ALU_UNIT/word_unit/DATAMEMORY/U0/native_mem_module/mem_module/ : Warning: CONV_INTEGER: There is an 'U'|'X'|'W'|'Z'|'-' in an arithmetic operand, and it has been converted to 0.
ISim P.20131013 (signature 0xfbc00daa)
This is a Full version of ISim.
# run 1000 ns
Simulator is doing circuit initialization process.
at 0 ps, Instance /toplevel_tb/uut/Fetch_UNIT/PCINC/ : Warning: There is an 'U'|'X'|'W'|'Z'|'-' in an arithmetic operand, the result will be 'X'(es).
Finished circuit initialization process.
at 0 ps, Instance /toplevel_tb/uut/ALU_UNIT/shift_unit/ : Warning: CONV_INTEGER: There is an 'U'|'X'|'W'|'Z'|'-' in an arithmetic operand, and it has been converted to 0.
at 0 ps, Instance /toplevel_tb/uut/ALU_UNIT/shift_unit/ : Warning: CONV_INTEGER: There is an 'U'|'X'|'W'|'Z'|'-' in an arithmetic operand, and it has been converted to 0.
at 0 ps, Instance /toplevel_tb/uut/ALU_UNIT/shift_unit/ : Warning: CONV_INTEGER: There is an 'U'|'X'|'W'|'Z'|'-' in an arithmetic operand, and it has been converted to 0.
at 0 ps, Instance /toplevel_tb/uut/ALU_UNIT/shift_unit/ : Warning: CONV_INTEGER: There is an 'U'|'X'|'W'|'Z'|'-' in an arithmetic operand, and it has been converted to 0.
# restart
# run 30ms
Simulator is doing circuit initialization process.
Finished circuit initialization process.
at 0 ps, Instance /toplevel_tb/uut/ALU_UNIT/shift_unit/ : Warning: CONV_INTEGER: There is an 'U'|'X'|'W'|'Z'|'-' in an arithmetic operand, and it has been converted to 0.
at 0 ps, Instance /toplevel_tb/uut/ALU_UNIT/shift_unit/ : Warning: CONV_INTEGER: There is an 'U'|'X'|'W'|'Z'|'-' in an arithmetic operand, and it has been converted to 0.
at 0 ps, Instance /toplevel_tb/uut/ALU_UNIT/shift_unit/ : Warning: CONV_INTEGER: There is an 'U'|'X'|'W'|'Z'|'-' in an arithmetic operand, and it has been converted to 0.
at 0 ps, Instance /toplevel_tb/uut/ALU_UNIT/shift_unit/ : Warning: CONV_INTEGER: There is an 'U'|'X'|'W'|'Z'|'-' in an arithmetic operand, and it has been converted to 0.
at 500 us(1), Instance /toplevel_tb/uut/ALU_UNIT/word_unit/DATAMEMORY/U0/native_mem_module/mem_module/ : Warning: CONV_INTEGER: There is an 'U'|'X'|'W'|'Z'|'-' in an arithmetic operand, and it has been converted to 0.
at 1 ms(2), Instance /toplevel_tb/uut/EX_MEM/U0/native_mem_module/mem_module/ : Warning: CONV_INTEGER: There is an 'U'|'X'|'W'|'Z'|'-' in an arithmetic operand, and it has been converted to 0.
at 2 ms(2), Instance /toplevel_tb/uut/EX_MEM/U0/native_mem_module/mem_module/ : Warning: CONV_INTEGER: There is an 'U'|'X'|'W'|'Z'|'-' in an arithmetic operand, and it has been converted to 0.
at 3 ms(3), Instance /toplevel_tb/uut/ALU_UNIT/shift_unit/ : Warning: CONV_INTEGER: There is an 'U'|'X'|'W'|'Z'|'-' in an arithmetic operand, and it has been converted to 0.
at 3 ms(3), Instance /toplevel_tb/uut/ALU_UNIT/shift_unit/ : Warning: CONV_INTEGER: There is an 'U'|'X'|'W'|'Z'|'-' in an arithmetic operand, and it has been converted to 0.
at 3500 us(1), Instance /toplevel_tb/uut/ALU_UNIT/word_unit/DATAMEMORY/U0/native_mem_module/mem_module/ : Warning: CONV_INTEGER: There is an 'U'|'X'|'W'|'Z'|'-' in an arithmetic operand, and it has been converted to 0.
at 4500 us(1), Instance /toplevel_tb/uut/ALU_UNIT/word_unit/DATAMEMORY/U0/native_mem_module/mem_module/ : Warning: CONV_INTEGER: There is an 'U'|'X'|'W'|'Z'|'-' in an arithmetic operand, and it has been converted to 0.
ISim P.20131013 (signature 0xfbc00daa)
This is a Full version of ISim.
# run 1000 ns
Simulator is doing circuit initialization process.
at 0 ps, Instance /toplevel_tb/uut/Fetch_UNIT/PCINC/ : Warning: There is an 'U'|'X'|'W'|'Z'|'-' in an arithmetic operand, the result will be 'X'(es).
Finished circuit initialization process.
at 0 ps, Instance /toplevel_tb/uut/ALU_UNIT/shift_unit/ : Warning: CONV_INTEGER: There is an 'U'|'X'|'W'|'Z'|'-' in an arithmetic operand, and it has been converted to 0.
at 0 ps, Instance /toplevel_tb/uut/ALU_UNIT/shift_unit/ : Warning: CONV_INTEGER: There is an 'U'|'X'|'W'|'Z'|'-' in an arithmetic operand, and it has been converted to 0.
at 0 ps, Instance /toplevel_tb/uut/ALU_UNIT/shift_unit/ : Warning: CONV_INTEGER: There is an 'U'|'X'|'W'|'Z'|'-' in an arithmetic operand, and it has been converted to 0.
at 0 ps, Instance /toplevel_tb/uut/ALU_UNIT/shift_unit/ : Warning: CONV_INTEGER: There is an 'U'|'X'|'W'|'Z'|'-' in an arithmetic operand, and it has been converted to 0.
# restart
# run 30ms
Simulator is doing circuit initialization process.
Finished circuit initialization process.
at 0 ps, Instance /toplevel_tb/uut/ALU_UNIT/shift_unit/ : Warning: CONV_INTEGER: There is an 'U'|'X'|'W'|'Z'|'-' in an arithmetic operand, and it has been converted to 0.
at 0 ps, Instance /toplevel_tb/uut/ALU_UNIT/shift_unit/ : Warning: CONV_INTEGER: There is an 'U'|'X'|'W'|'Z'|'-' in an arithmetic operand, and it has been converted to 0.
at 0 ps, Instance /toplevel_tb/uut/ALU_UNIT/shift_unit/ : Warning: CONV_INTEGER: There is an 'U'|'X'|'W'|'Z'|'-' in an arithmetic operand, and it has been converted to 0.
at 0 ps, Instance /toplevel_tb/uut/ALU_UNIT/shift_unit/ : Warning: CONV_INTEGER: There is an 'U'|'X'|'W'|'Z'|'-' in an arithmetic operand, and it has been converted to 0.
at 500 us(1), Instance /toplevel_tb/uut/ALU_UNIT/word_unit/DATAMEMORY/U0/native_mem_module/mem_module/ : Warning: CONV_INTEGER: There is an 'U'|'X'|'W'|'Z'|'-' in an arithmetic operand, and it has been converted to 0.
at 1 ms(2), Instance /toplevel_tb/uut/EX_MEM/U0/native_mem_module/mem_module/ : Warning: CONV_INTEGER: There is an 'U'|'X'|'W'|'Z'|'-' in an arithmetic operand, and it has been converted to 0.
at 2 ms(2), Instance /toplevel_tb/uut/EX_MEM/U0/native_mem_module/mem_module/ : Warning: CONV_INTEGER: There is an 'U'|'X'|'W'|'Z'|'-' in an arithmetic operand, and it has been converted to 0.
at 3 ms(3), Instance /toplevel_tb/uut/ALU_UNIT/shift_unit/ : Warning: CONV_INTEGER: There is an 'U'|'X'|'W'|'Z'|'-' in an arithmetic operand, and it has been converted to 0.
at 3 ms(3), Instance /toplevel_tb/uut/ALU_UNIT/shift_unit/ : Warning: CONV_INTEGER: There is an 'U'|'X'|'W'|'Z'|'-' in an arithmetic operand, and it has been converted to 0.
at 3500 us(1), Instance /toplevel_tb/uut/ALU_UNIT/word_unit/DATAMEMORY/U0/native_mem_module/mem_module/ : Warning: CONV_INTEGER: There is an 'U'|'X'|'W'|'Z'|'-' in an arithmetic operand, and it has been converted to 0.
at 4500 us(1), Instance /toplevel_tb/uut/ALU_UNIT/word_unit/DATAMEMORY/U0/native_mem_module/mem_module/ : Warning: CONV_INTEGER: There is an 'U'|'X'|'W'|'Z'|'-' in an arithmetic operand, and it has been converted to 0.
