Release 14.7 - xst P.20131013 (nt64)
Copyright (c) 1995-2013 Xilinx, Inc.  All rights reserved.
--> Parameter TMPDIR set to xst/projnav.tmp


Total REAL time to Xst completion: 0.00 secs
Total CPU time to Xst completion: 0.07 secs
 
--> Parameter xsthdpdir set to xst


Total REAL time to Xst completion: 0.00 secs
Total CPU time to Xst completion: 0.07 secs
 
--> Reading design: BranchPredictor.prj

TABLE OF CONTENTS
  1) Synthesis Options Summary
  2) HDL Compilation
  3) Design Hierarchy Analysis
  4) HDL Analysis
  5) HDL Synthesis
     5.1) HDL Synthesis Report
  6) Advanced HDL Synthesis
     6.1) Advanced HDL Synthesis Report
  7) Low Level Synthesis
  8) Partition Report
  9) Final Report
	9.1) Device utilization summary
	9.2) Partition Resource Summary
	9.3) TIMING REPORT


=========================================================================
*                      Synthesis Options Summary                        *
=========================================================================
---- Source Parameters
Input File Name                    : "BranchPredictor.prj"
Input Format                       : mixed
Ignore Synthesis Constraint File   : NO

---- Target Parameters
Output File Name                   : "BranchPredictor"
Output Format                      : NGC
Target Device                      : xc3s500e-4-fg320

---- Source Options
Top Module Name                    : BranchPredictor
Automatic FSM Extraction           : YES
FSM Encoding Algorithm             : Auto
Safe Implementation                : No
FSM Style                          : LUT
RAM Extraction                     : Yes
RAM Style                          : Auto
ROM Extraction                     : Yes
Mux Style                          : Auto
Decoder Extraction                 : YES
Priority Encoder Extraction        : Yes
Shift Register Extraction          : YES
Logical Shifter Extraction         : YES
XOR Collapsing                     : YES
ROM Style                          : Auto
Mux Extraction                     : Yes
Resource Sharing                   : YES
Asynchronous To Synchronous        : NO
Multiplier Style                   : Auto
Automatic Register Balancing       : No

---- Target Options
Add IO Buffers                     : YES
Global Maximum Fanout              : 100000
Add Generic Clock Buffer(BUFG)     : 24
Register Duplication               : YES
Slice Packing                      : YES
Optimize Instantiated Primitives   : NO
Use Clock Enable                   : Yes
Use Synchronous Set                : Yes
Use Synchronous Reset              : Yes
Pack IO Registers into IOBs        : Auto
Equivalent register Removal        : YES

---- General Options
Optimization Goal                  : Speed
Optimization Effort                : 1
Keep Hierarchy                     : No
Netlist Hierarchy                  : As_Optimized
RTL Output                         : Yes
Global Optimization                : AllClockNets
Read Cores                         : YES
Write Timing Constraints           : NO
Cross Clock Analysis               : NO
Hierarchy Separator                : /
Bus Delimiter                      : <>
Case Specifier                     : Maintain
Slice Utilization Ratio            : 100
BRAM Utilization Ratio             : 100
Verilog 2001                       : YES
Auto BRAM Packing                  : NO
Slice Utilization Ratio Delta      : 5

=========================================================================


=========================================================================
*                          HDL Compilation                              *
=========================================================================
Compiling vhdl file "//vnx-cifs/coefs/eng/shared/cparks1/Xilinx/BranchPredictor/BranchPredictor.vhd" in Library work.
Entity <branchpredictor> compiled.
Entity <branchpredictor> (Architecture <combinational>) compiled.

=========================================================================
*                     Design Hierarchy Analysis                         *
=========================================================================
Analyzing hierarchy for entity <BranchPredictor> in library <work> (architecture <combinational>).


=========================================================================
*                            HDL Analysis                               *
=========================================================================
Analyzing Entity <BranchPredictor> in library <work> (Architecture <combinational>).
INFO:Xst:1561 - "//vnx-cifs/coefs/eng/shared/cparks1/Xilinx/BranchPredictor/BranchPredictor.vhd" line 42: Mux is complete : default of case is discarded
INFO:Xst:1561 - "//vnx-cifs/coefs/eng/shared/cparks1/Xilinx/BranchPredictor/BranchPredictor.vhd" line 48: Mux is complete : default of case is discarded
Entity <BranchPredictor> analyzed. Unit <BranchPredictor> generated.


=========================================================================
*                           HDL Synthesis                               *
=========================================================================

Performing bidirectional port resolution...

Synthesizing Unit <BranchPredictor>.
    Related source file is "//vnx-cifs/coefs/eng/shared/cparks1/Xilinx/BranchPredictor/BranchPredictor.vhd".
    Found 1-bit register for signal <STATE<0>>.
    Summary:
	inferred   1 D-type flip-flop(s).
Unit <BranchPredictor> synthesized.


=========================================================================
HDL Synthesis Report

Macro Statistics
# Registers                                            : 1
 1-bit register                                        : 1

=========================================================================

=========================================================================
*                       Advanced HDL Synthesis                          *
=========================================================================


=========================================================================
Advanced HDL Synthesis Report

Macro Statistics
# Registers                                            : 1
 Flip-Flops                                            : 1

=========================================================================

=========================================================================
*                         Low Level Synthesis                           *
=========================================================================

Optimizing unit <BranchPredictor> ...

Mapping all equations...
Building and optimizing final netlist ...
Found area constraint ratio of 100 (+ 5) on block BranchPredictor, actual ratio is 0.

Final Macro Processing ...

=========================================================================
Final Register Report

Macro Statistics
# Registers                                            : 1
 Flip-Flops                                            : 1

=========================================================================

=========================================================================
*                           Partition Report                            *
=========================================================================

Partition Implementation Status
-------------------------------

  No Partitions were found in this design.

-------------------------------

=========================================================================
*                            Final Report                               *
=========================================================================
Final Results
RTL Top Level Output File Name     : BranchPredictor.ngr
Top Level Output File Name         : BranchPredictor
Output Format                      : NGC
Optimization Goal                  : Speed
Keep Hierarchy                     : No

Design Statistics
# IOs                              : 11

Cell Usage :
# BELS                             : 4
#      GND                         : 1
#      LUT4                        : 2
#      MUXF5                       : 1
# FlipFlops/Latches                : 1
#      FDE                         : 1
# Clock Buffers                    : 1
#      BUFGP                       : 1
# IO Buffers                       : 10
#      IBUF                        : 9
#      OBUF                        : 1
=========================================================================

Device utilization summary:
---------------------------

Selected Device : 3s500efg320-4 

 Number of Slices:                        1  out of   4656     0%  
 Number of 4 input LUTs:                  2  out of   9312     0%  
 Number of IOs:                          11
 Number of bonded IOBs:                  11  out of    232     4%  
    IOB Flip Flops:                       1
 Number of GCLKs:                         1  out of     24     4%  

---------------------------
Partition Resource Summary:
---------------------------

  No Partitions were found in this design.

---------------------------


=========================================================================
TIMING REPORT

NOTE: THESE TIMING NUMBERS ARE ONLY A SYNTHESIS ESTIMATE.
      FOR ACCURATE TIMING INFORMATION PLEASE REFER TO THE TRACE REPORT
      GENERATED AFTER PLACE-and-ROUTE.

Clock Information:
------------------
-----------------------------------+------------------------+-------+
Clock Signal                       | Clock buffer(FF name)  | Load  |
-----------------------------------+------------------------+-------+
CLK                                | BUFGP                  | 1     |
-----------------------------------+------------------------+-------+

Asynchronous Control Signals Information:
----------------------------------------
No asynchronous control signals found in this design

Timing Summary:
---------------
Speed Grade: -4

   Minimum period: No path found
   Minimum input arrival time before clock: 3.492ns
   Maximum output required time after clock: 5.442ns
   Maximum combinational path delay: 6.530ns

Timing Detail:
--------------
All values displayed in nanoseconds (ns)

=========================================================================
Timing constraint: Default OFFSET IN BEFORE for Clock 'CLK'
  Total number of paths / destination ports: 5 / 2
-------------------------------------------------------------------------
Offset:              3.492ns (Levels of Logic = 2)
  Source:            OPC3<0> (PAD)
  Destination:       STATE_0 (FF)
  Destination Clock: CLK rising

  Data Path: OPC3<0> to STATE_0
                                Gate     Net
    Cell:in->out      fanout   Delay   Delay  Logical Name (Net Name)
    ----------------------------------------  ------------
     IBUF:I->O             1   1.218   0.595  OPC3_0_IBUF (OPC3_0_IBUF)
     LUT4:I0->O            1   0.704   0.420  STATE_0_cmp_eq00001 (STATE_0_cmp_eq0000)
     FDE:CE                    0.555          STATE_0
    ----------------------------------------
    Total                      3.492ns (2.477ns logic, 1.015ns route)
                                       (70.9% logic, 29.1% route)

=========================================================================
Timing constraint: Default OFFSET OUT AFTER for Clock 'CLK'
  Total number of paths / destination ports: 1 / 1
-------------------------------------------------------------------------
Offset:              5.442ns (Levels of Logic = 2)
  Source:            STATE_0 (FF)
  Destination:       Branch (PAD)
  Source Clock:      CLK rising

  Data Path: STATE_0 to Branch
                                Gate     Net
    Cell:in->out      fanout   Delay   Delay  Logical Name (Net Name)
    ----------------------------------------  ------------
     FDE:C->Q              1   0.591   0.420  STATE_0 (STATE_0)
     MUXF5:S->O            1   0.739   0.420  Branch_and0000_f5 (Branch_OBUF)
     OBUF:I->O                 3.272          Branch_OBUF (Branch)
    ----------------------------------------
    Total                      5.442ns (4.602ns logic, 0.840ns route)
                                       (84.6% logic, 15.4% route)

=========================================================================
Timing constraint: Default path analysis
  Total number of paths / destination ports: 4 / 1
-------------------------------------------------------------------------
Delay:               6.530ns (Levels of Logic = 4)
  Source:            OPC1<3> (PAD)
  Destination:       Branch (PAD)

  Data Path: OPC1<3> to Branch
                                Gate     Net
    Cell:in->out      fanout   Delay   Delay  Logical Name (Net Name)
    ----------------------------------------  ------------
     IBUF:I->O             1   1.218   0.595  OPC1_3_IBUF (OPC1_3_IBUF)
     LUT4:I0->O            1   0.704   0.000  Branch_and00001 (Branch_and0000)
     MUXF5:I1->O           1   0.321   0.420  Branch_and0000_f5 (Branch_OBUF)
     OBUF:I->O                 3.272          Branch_OBUF (Branch)
    ----------------------------------------
    Total                      6.530ns (5.515ns logic, 1.015ns route)
                                       (84.5% logic, 15.5% route)

=========================================================================


Total REAL time to Xst completion: 3.00 secs
Total CPU time to Xst completion: 3.47 secs
 
--> 

Total memory usage is 256244 kilobytes

Number of errors   :    0 (   0 filtered)
Number of warnings :    0 (   0 filtered)
Number of infos    :    2 (   0 filtered)

