Running: C:\Xilinx\14.7\ISE_DS\ISE\bin\nt64\unwrapped\fuse.exe -intstyle ise -incremental -o Z:/Xilinx/BranchPredictor/BranchPredictor_tb_isim_beh.exe -prj Z:/Xilinx/BranchPredictor/BranchPredictor_tb_beh.prj work.BranchPredictor_tb 
ISim P.20131013 (signature 0x7708f090)
Number of CPUs detected in this system: 8
Turning on mult-threading, number of parallel sub-compilation jobs: 16 
Determining compilation order of HDL files
Parsing VHDL file "Z:/Xilinx/BranchPredictor/BranchPredictor.vhd" into library work
Parsing VHDL file "Z:/Xilinx/BranchPredictor/BranchPredictor_tb.vhd" into library work
Starting static elaboration
Completed static elaboration
Compiling package standard
Compiling package std_logic_1164
Compiling package numeric_std
Compiling architecture combinational of entity BranchPredictor [branchpredictor_default]
Compiling architecture behavior of entity branchpredictor_tb
Time Resolution for simulation is 1ps.
Waiting for 1 sub-compilation(s) to finish...
Compiled 6 VHDL Units
Built simulation executable Z:/Xilinx/BranchPredictor/BranchPredictor_tb_isim_beh.exe
Fuse Memory Usage: 37088 KB
Fuse CPU Usage: 467 ms
