Release 14.7 - xst P.20131013 (lin64)
Copyright (c) 1995-2013 Xilinx, Inc.  All rights reserved.
--> 
Parameter TMPDIR set to xst/projnav.tmp


Total REAL time to Xst completion: 0.00 secs
Total CPU time to Xst completion: 0.06 secs
 
--> 
Parameter xsthdpdir set to xst


Total REAL time to Xst completion: 0.00 secs
Total CPU time to Xst completion: 0.06 secs
 
--> 
Reading design: shift_unit.prj

TABLE OF CONTENTS
  1) Synthesis Options Summary
  2) HDL Compilation
  3) Design Hierarchy Analysis
  4) HDL Analysis
  5) HDL Synthesis
     5.1) HDL Synthesis Report
  6) Advanced HDL Synthesis
     6.1) Advanced HDL Synthesis Report
  7) Low Level Synthesis
  8) Partition Report
  9) Final Report
	9.1) Device utilization summary
	9.2) Partition Resource Summary
	9.3) TIMING REPORT


=========================================================================
*                      Synthesis Options Summary                        *
=========================================================================
---- Source Parameters
Input File Name                    : "shift_unit.prj"
Input Format                       : mixed
Ignore Synthesis Constraint File   : NO

---- Target Parameters
Output File Name                   : "shift_unit"
Output Format                      : NGC
Target Device                      : xc3s500e-4-fg320

---- Source Options
Top Module Name                    : shift_unit
Automatic FSM Extraction           : YES
FSM Encoding Algorithm             : Auto
Safe Implementation                : No
FSM Style                          : LUT
RAM Extraction                     : Yes
RAM Style                          : Auto
ROM Extraction                     : Yes
Mux Style                          : Auto
Decoder Extraction                 : YES
Priority Encoder Extraction        : Yes
Shift Register Extraction          : YES
Logical Shifter Extraction         : YES
XOR Collapsing                     : YES
ROM Style                          : Auto
Mux Extraction                     : Yes
Resource Sharing                   : YES
Asynchronous To Synchronous        : NO
Multiplier Style                   : Auto
Automatic Register Balancing       : No

---- Target Options
Add IO Buffers                     : YES
Global Maximum Fanout              : 100000
Add Generic Clock Buffer(BUFG)     : 24
Register Duplication               : YES
Slice Packing                      : YES
Optimize Instantiated Primitives   : NO
Use Clock Enable                   : Yes
Use Synchronous Set                : Yes
Use Synchronous Reset              : Yes
Pack IO Registers into IOBs        : Auto
Equivalent register Removal        : YES

---- General Options
Optimization Goal                  : Speed
Optimization Effort                : 1
Keep Hierarchy                     : No
Netlist Hierarchy                  : As_Optimized
RTL Output                         : Yes
Global Optimization                : AllClockNets
Read Cores                         : YES
Write Timing Constraints           : NO
Cross Clock Analysis               : NO
Hierarchy Separator                : /
Bus Delimiter                      : <>
Case Specifier                     : Maintain
Slice Utilization Ratio            : 100
BRAM Utilization Ratio             : 100
Verilog 2001                       : YES
Auto BRAM Packing                  : NO
Slice Utilization Ratio Delta      : 5

=========================================================================


=========================================================================
*                          HDL Compilation                              *
=========================================================================
Compiling vhdl file "/home/robert/UMD_RISC-16G5/ALU/ALU/shift_unit.vhd" in Library work.
Architecture combinational of Entity shift_unit is up to date.

=========================================================================
*                     Design Hierarchy Analysis                         *
=========================================================================
Analyzing hierarchy for entity <shift_unit> in library <work> (architecture <combinational>).


=========================================================================
*                            HDL Analysis                               *
=========================================================================
Analyzing Entity <shift_unit> in library <work> (Architecture <combinational>).
Entity <shift_unit> analyzed. Unit <shift_unit> generated.


=========================================================================
*                           HDL Synthesis                               *
=========================================================================

Performing bidirectional port resolution...

Synthesizing Unit <shift_unit>.
    Related source file is "/home/robert/UMD_RISC-16G5/ALU/ALU/shift_unit.vhd".
WARNING:Xst:1306 - Output <SREG_OUT> is never assigned.
WARNING:Xst:1780 - Signal <sreg<23:3>> is never used or assigned. This unconnected signal will be trimmed during the optimization process.
WARNING:Xst:646 - Signal <sreg<2>> is assigned but never used. This unconnected signal will be trimmed during the optimization process.
WARNING:Xst:1780 - Signal <sreg<1>> is never used or assigned. This unconnected signal will be trimmed during the optimization process.
WARNING:Xst:646 - Signal <sreg<0>> is assigned but never used. This unconnected signal will be trimmed during the optimization process.
    Found 24-bit shifter logical left for signal <shift_left$shift0001> created at line 51.
    Found 24-bit shifter logical right for signal <shift_right$shift0001> created at line 52.
    Summary:
	inferred   2 Combinational logic shifter(s).
Unit <shift_unit> synthesized.


=========================================================================
HDL Synthesis Report

Macro Statistics
# Logic shifters                                       : 2
 24-bit shifter logical left                           : 1
 24-bit shifter logical right                          : 1

=========================================================================

=========================================================================
*                       Advanced HDL Synthesis                          *
=========================================================================


=========================================================================
Advanced HDL Synthesis Report

Macro Statistics
# Logic shifters                                       : 2
 24-bit shifter logical left                           : 1
 24-bit shifter logical right                          : 1

=========================================================================

=========================================================================
*                         Low Level Synthesis                           *
=========================================================================

Optimizing unit <shift_unit> ...

Mapping all equations...
Building and optimizing final netlist ...
Found area constraint ratio of 100 (+ 5) on block shift_unit, actual ratio is 1.

Final Macro Processing ...

=========================================================================
Final Register Report

Found no macro
=========================================================================

=========================================================================
*                           Partition Report                            *
=========================================================================

Partition Implementation Status
-------------------------------

  No Partitions were found in this design.

-------------------------------

=========================================================================
*                            Final Report                               *
=========================================================================
Final Results
RTL Top Level Output File Name     : shift_unit.ngr
Top Level Output File Name         : shift_unit
Output Format                      : NGC
Optimization Goal                  : Speed
Keep Hierarchy                     : No

Design Statistics
# IOs                              : 45

Cell Usage :
# BELS                             : 159
#      LUT2                        : 5
#      LUT3                        : 52
#      LUT4                        : 79
#      MUXF5                       : 23
# IO Buffers                       : 41
#      IBUF                        : 25
#      OBUF                        : 16
=========================================================================

Device utilization summary:
---------------------------

Selected Device : 3s500efg320-4 

 Number of Slices:                       75  out of   4656     1%  
 Number of 4 input LUTs:                136  out of   9312     1%  
 Number of IOs:                          45
 Number of bonded IOBs:                  41  out of    232    17%  

---------------------------
Partition Resource Summary:
---------------------------

  No Partitions were found in this design.

---------------------------


=========================================================================
TIMING REPORT

NOTE: THESE TIMING NUMBERS ARE ONLY A SYNTHESIS ESTIMATE.
      FOR ACCURATE TIMING INFORMATION PLEASE REFER TO THE TRACE REPORT
      GENERATED AFTER PLACE-and-ROUTE.

Clock Information:
------------------
No clock signals found in this design

Asynchronous Control Signals Information:
----------------------------------------
No asynchronous control signals found in this design

Timing Summary:
---------------
Speed Grade: -4

   Minimum period: No path found
   Minimum input arrival time before clock: No path found
   Maximum output required time after clock: No path found
   Maximum combinational path delay: 11.944ns

Timing Detail:
--------------
All values displayed in nanoseconds (ns)

=========================================================================
Timing constraint: Default path analysis
  Total number of paths / destination ports: 802 / 16
-------------------------------------------------------------------------
Delay:               11.944ns (Levels of Logic = 7)
  Source:            SHIFT<1> (PAD)
  Destination:       SHIFT_OUT<8> (PAD)

  Data Path: SHIFT<1> to SHIFT_OUT<8>
                                Gate     Net
    Cell:in->out      fanout   Delay   Delay  Logical Name (Net Name)
    ----------------------------------------  ------------
     IBUF:I->O            43   1.218   1.441  SHIFT_1_IBUF (SHIFT_1_IBUF)
     LUT3:I0->O            3   0.704   0.610  SHIFT_OUT<0>81 (SHIFT_OUT<0>_bdd15)
     LUT3:I1->O            2   0.704   0.447  SHIFT_OUT<4>13 (SHIFT_OUT<4>13)
     MUXF5:S->O            2   0.739   0.526  SHIFT_OUT<0>2_f5 (SHIFT_OUT<0>_bdd2)
     LUT3:I1->O            1   0.704   0.455  SHIFT_OUT<8>64 (SHIFT_OUT<8>64)
     LUT4:I2->O            1   0.704   0.420  SHIFT_OUT<8>90 (SHIFT_OUT_8_OBUF)
     OBUF:I->O                 3.272          SHIFT_OUT_8_OBUF (SHIFT_OUT<8>)
    ----------------------------------------
    Total                     11.944ns (8.045ns logic, 3.899ns route)
                                       (67.4% logic, 32.6% route)

=========================================================================


Total REAL time to Xst completion: 6.00 secs
Total CPU time to Xst completion: 6.11 secs
 
--> 


Total memory usage is 515908 kilobytes

Number of errors   :    0 (   0 filtered)
Number of warnings :    5 (   0 filtered)
Number of infos    :    0 (   0 filtered)

