Release 14.7 - xst P.20131013 (lin64)
Copyright (c) 1995-2013 Xilinx, Inc.  All rights reserved.
--> 
Parameter TMPDIR set to xst/projnav.tmp


Total REAL time to Xst completion: 0.00 secs
Total CPU time to Xst completion: 0.06 secs
 
--> 
Parameter xsthdpdir set to xst


Total REAL time to Xst completion: 0.00 secs
Total CPU time to Xst completion: 0.06 secs
 
--> 
Reading design: programCounter.prj

TABLE OF CONTENTS
  1) Synthesis Options Summary
  2) HDL Compilation
  3) Design Hierarchy Analysis
  4) HDL Analysis
  5) HDL Synthesis
     5.1) HDL Synthesis Report
  6) Advanced HDL Synthesis
     6.1) Advanced HDL Synthesis Report
  7) Low Level Synthesis
  8) Partition Report
  9) Final Report
	9.1) Device utilization summary
	9.2) Partition Resource Summary
	9.3) TIMING REPORT


=========================================================================
*                      Synthesis Options Summary                        *
=========================================================================
---- Source Parameters
Input File Name                    : "programCounter.prj"
Input Format                       : mixed
Ignore Synthesis Constraint File   : NO

---- Target Parameters
Output File Name                   : "programCounter"
Output Format                      : NGC
Target Device                      : xc3s500e-4-fg320

---- Source Options
Top Module Name                    : programCounter
Automatic FSM Extraction           : YES
FSM Encoding Algorithm             : Auto
Safe Implementation                : No
FSM Style                          : LUT
RAM Extraction                     : Yes
RAM Style                          : Auto
ROM Extraction                     : Yes
Mux Style                          : Auto
Decoder Extraction                 : YES
Priority Encoder Extraction        : Yes
Shift Register Extraction          : YES
Logical Shifter Extraction         : YES
XOR Collapsing                     : YES
ROM Style                          : Auto
Mux Extraction                     : Yes
Resource Sharing                   : YES
Asynchronous To Synchronous        : NO
Multiplier Style                   : Auto
Automatic Register Balancing       : No

---- Target Options
Add IO Buffers                     : YES
Global Maximum Fanout              : 100000
Add Generic Clock Buffer(BUFG)     : 24
Register Duplication               : YES
Slice Packing                      : YES
Optimize Instantiated Primitives   : NO
Use Clock Enable                   : Yes
Use Synchronous Set                : Yes
Use Synchronous Reset              : Yes
Pack IO Registers into IOBs        : Auto
Equivalent register Removal        : YES

---- General Options
Optimization Goal                  : Speed
Optimization Effort                : 1
Keep Hierarchy                     : No
Netlist Hierarchy                  : As_Optimized
RTL Output                         : Yes
Global Optimization                : AllClockNets
Read Cores                         : YES
Write Timing Constraints           : NO
Cross Clock Analysis               : NO
Hierarchy Separator                : /
Bus Delimiter                      : <>
Case Specifier                     : Maintain
Slice Utilization Ratio            : 100
BRAM Utilization Ratio             : 100
Verilog 2001                       : YES
Auto BRAM Packing                  : NO
Slice Utilization Ratio Delta      : 5

=========================================================================


=========================================================================
*                          HDL Compilation                              *
=========================================================================
Compiling vhdl file "/home/robert/UMD_RISC-16G5/ProjectLab1/Part1/programCounter.vhd" in Library work.
Entity <programcounter> compiled.
Entity <programcounter> (Architecture <behavioral>) compiled.

=========================================================================
*                     Design Hierarchy Analysis                         *
=========================================================================
Analyzing hierarchy for entity <programCounter> in library <work> (architecture <behavioral>) with generics.
	PCWIDTH = 16


=========================================================================
*                            HDL Analysis                               *
=========================================================================
Analyzing generic Entity <programCounter> in library <work> (Architecture <behavioral>).
	PCWIDTH = 16
Entity <programCounter> analyzed. Unit <programCounter> generated.


=========================================================================
*                           HDL Synthesis                               *
=========================================================================

Performing bidirectional port resolution...

Synthesizing Unit <programCounter>.
    Related source file is "/home/robert/UMD_RISC-16G5/ProjectLab1/Part1/programCounter.vhd".
    Found 16-bit up counter for signal <COUNTER>.
    Summary:
	inferred   1 Counter(s).
Unit <programCounter> synthesized.


=========================================================================
HDL Synthesis Report

Macro Statistics
# Counters                                             : 1
 16-bit up counter                                     : 1

=========================================================================

=========================================================================
*                       Advanced HDL Synthesis                          *
=========================================================================


=========================================================================
Advanced HDL Synthesis Report

Macro Statistics
# Counters                                             : 1
 16-bit up counter                                     : 1

=========================================================================

=========================================================================
*                         Low Level Synthesis                           *
=========================================================================

Optimizing unit <programCounter> ...

Mapping all equations...
Building and optimizing final netlist ...
Found area constraint ratio of 100 (+ 5) on block programCounter, actual ratio is 0.

Final Macro Processing ...

=========================================================================
Final Register Report

Macro Statistics
# Registers                                            : 16
 Flip-Flops                                            : 16

=========================================================================

=========================================================================
*                           Partition Report                            *
=========================================================================

Partition Implementation Status
-------------------------------

  No Partitions were found in this design.

-------------------------------

=========================================================================
*                            Final Report                               *
=========================================================================
Final Results
RTL Top Level Output File Name     : programCounter.ngr
Top Level Output File Name         : programCounter
Output Format                      : NGC
Optimization Goal                  : Speed
Keep Hierarchy                     : No

Design Statistics
# IOs                              : 19

Cell Usage :
# BELS                             : 49
#      GND                         : 1
#      INV                         : 1
#      LUT1                        : 15
#      MUXCY                       : 15
#      VCC                         : 1
#      XORCY                       : 16
# FlipFlops/Latches                : 16
#      FDCE                        : 16
# Clock Buffers                    : 1
#      BUFGP                       : 1
# IO Buffers                       : 18
#      IBUF                        : 2
#      OBUF                        : 16
=========================================================================

Device utilization summary:
---------------------------

Selected Device : 3s500efg320-4 

 Number of Slices:                        8  out of   4656     0%  
 Number of Slice Flip Flops:             16  out of   9312     0%  
 Number of 4 input LUTs:                 16  out of   9312     0%  
 Number of IOs:                          19
 Number of bonded IOBs:                  19  out of    232     8%  
 Number of GCLKs:                         1  out of     24     4%  

---------------------------
Partition Resource Summary:
---------------------------

  No Partitions were found in this design.

---------------------------


=========================================================================
TIMING REPORT

NOTE: THESE TIMING NUMBERS ARE ONLY A SYNTHESIS ESTIMATE.
      FOR ACCURATE TIMING INFORMATION PLEASE REFER TO THE TRACE REPORT
      GENERATED AFTER PLACE-and-ROUTE.

Clock Information:
------------------
-----------------------------------+------------------------+-------+
Clock Signal                       | Clock buffer(FF name)  | Load  |
-----------------------------------+------------------------+-------+
CLK                                | BUFGP                  | 16    |
-----------------------------------+------------------------+-------+

Asynchronous Control Signals Information:
----------------------------------------
-----------------------------------+------------------------+-------+
Control Signal                     | Buffer(FF name)        | Load  |
-----------------------------------+------------------------+-------+
RST                                | IBUF                   | 16    |
-----------------------------------+------------------------+-------+

Timing Summary:
---------------
Speed Grade: -4

   Minimum period: 4.260ns (Maximum Frequency: 234.742MHz)
   Minimum input arrival time before clock: 2.807ns
   Maximum output required time after clock: 4.310ns
   Maximum combinational path delay: No path found

Timing Detail:
--------------
All values displayed in nanoseconds (ns)

=========================================================================
Timing constraint: Default period analysis for Clock 'CLK'
  Clock period: 4.260ns (frequency: 234.742MHz)
  Total number of paths / destination ports: 136 / 16
-------------------------------------------------------------------------
Delay:               4.260ns (Levels of Logic = 16)
  Source:            COUNTER_1 (FF)
  Destination:       COUNTER_15 (FF)
  Source Clock:      CLK rising
  Destination Clock: CLK rising

  Data Path: COUNTER_1 to COUNTER_15
                                Gate     Net
    Cell:in->out      fanout   Delay   Delay  Logical Name (Net Name)
    ----------------------------------------  ------------
     FDCE:C->Q             2   0.591   0.622  COUNTER_1 (COUNTER_1)
     LUT1:I0->O            1   0.704   0.000  Mcount_COUNTER_cy<1>_rt (Mcount_COUNTER_cy<1>_rt)
     MUXCY:S->O            1   0.464   0.000  Mcount_COUNTER_cy<1> (Mcount_COUNTER_cy<1>)
     MUXCY:CI->O           1   0.059   0.000  Mcount_COUNTER_cy<2> (Mcount_COUNTER_cy<2>)
     MUXCY:CI->O           1   0.059   0.000  Mcount_COUNTER_cy<3> (Mcount_COUNTER_cy<3>)
     MUXCY:CI->O           1   0.059   0.000  Mcount_COUNTER_cy<4> (Mcount_COUNTER_cy<4>)
     MUXCY:CI->O           1   0.059   0.000  Mcount_COUNTER_cy<5> (Mcount_COUNTER_cy<5>)
     MUXCY:CI->O           1   0.059   0.000  Mcount_COUNTER_cy<6> (Mcount_COUNTER_cy<6>)
     MUXCY:CI->O           1   0.059   0.000  Mcount_COUNTER_cy<7> (Mcount_COUNTER_cy<7>)
     MUXCY:CI->O           1   0.059   0.000  Mcount_COUNTER_cy<8> (Mcount_COUNTER_cy<8>)
     MUXCY:CI->O           1   0.059   0.000  Mcount_COUNTER_cy<9> (Mcount_COUNTER_cy<9>)
     MUXCY:CI->O           1   0.059   0.000  Mcount_COUNTER_cy<10> (Mcount_COUNTER_cy<10>)
     MUXCY:CI->O           1   0.059   0.000  Mcount_COUNTER_cy<11> (Mcount_COUNTER_cy<11>)
     MUXCY:CI->O           1   0.059   0.000  Mcount_COUNTER_cy<12> (Mcount_COUNTER_cy<12>)
     MUXCY:CI->O           1   0.059   0.000  Mcount_COUNTER_cy<13> (Mcount_COUNTER_cy<13>)
     MUXCY:CI->O           0   0.059   0.000  Mcount_COUNTER_cy<14> (Mcount_COUNTER_cy<14>)
     XORCY:CI->O           1   0.804   0.000  Mcount_COUNTER_xor<15> (Result<15>)
     FDCE:D                    0.308          COUNTER_15
    ----------------------------------------
    Total                      4.260ns (3.638ns logic, 0.622ns route)
                                       (85.4% logic, 14.6% route)

=========================================================================
Timing constraint: Default OFFSET IN BEFORE for Clock 'CLK'
  Total number of paths / destination ports: 16 / 16
-------------------------------------------------------------------------
Offset:              2.807ns (Levels of Logic = 1)
  Source:            EN (PAD)
  Destination:       COUNTER_0 (FF)
  Destination Clock: CLK rising

  Data Path: EN to COUNTER_0
                                Gate     Net
    Cell:in->out      fanout   Delay   Delay  Logical Name (Net Name)
    ----------------------------------------  ------------
     IBUF:I->O            16   1.218   1.034  EN_IBUF (EN_IBUF)
     FDCE:CE                   0.555          COUNTER_0
    ----------------------------------------
    Total                      2.807ns (1.773ns logic, 1.034ns route)
                                       (63.2% logic, 36.8% route)

=========================================================================
Timing constraint: Default OFFSET OUT AFTER for Clock 'CLK'
  Total number of paths / destination ports: 16 / 16
-------------------------------------------------------------------------
Offset:              4.310ns (Levels of Logic = 1)
  Source:            COUNTER_15 (FF)
  Destination:       INSADR<15> (PAD)
  Source Clock:      CLK rising

  Data Path: COUNTER_15 to INSADR<15>
                                Gate     Net
    Cell:in->out      fanout   Delay   Delay  Logical Name (Net Name)
    ----------------------------------------  ------------
     FDCE:C->Q             2   0.591   0.447  COUNTER_15 (COUNTER_15)
     OBUF:I->O                 3.272          INSADR_15_OBUF (INSADR<15>)
    ----------------------------------------
    Total                      4.310ns (3.863ns logic, 0.447ns route)
                                       (89.6% logic, 10.4% route)

=========================================================================


Total REAL time to Xst completion: 4.00 secs
Total CPU time to Xst completion: 4.57 secs
 
--> 


Total memory usage is 510692 kilobytes

Number of errors   :    0 (   0 filtered)
Number of warnings :    0 (   0 filtered)
Number of infos    :    0 (   0 filtered)

