ISim log file
Running: /home/robert/UMD_RISC-16G5/ProjectLab1/Poject_Lab01/Project1/TopLevel_tb_isim_beh.exe -intstyle ise -gui -tclbatch isim.cmd -wdb /home/robert/UMD_RISC-16G5/ProjectLab1/Poject_Lab01/Project1/TopLevel_tb_isim_beh.wdb 
ISim P.20131013 (signature 0xfbc00daa)
This is a Full version of ISim.
Time resolution is 1 ps
# onerror resume
# wave add /
# run 1000 ns
Simulator is doing circuit initialization process.
at 0 ps, Instance /toplevel_tb/uut/ALU_UNIT/shift_unit/ : Warning: There is an 'U'|'X'|'W'|'Z'|'-' in an arithmetic operand, the result will be 'X'(es).
at 0 ps, Instance /toplevel_tb/uut/ALU_UNIT/shift_unit/ : Warning: CONV_INTEGER: There is an 'U'|'X'|'W'|'Z'|'-' in an arithmetic operand, and it has been converted to 0.
at 0 ps, Instance /toplevel_tb/uut/ALU_UNIT/shift_unit/ : Warning: CONV_INTEGER: There is an 'U'|'X'|'W'|'Z'|'-' in an arithmetic operand, and it has been converted to 0.
Finished circuit initialization process.
at 0 ps, Instance /toplevel_tb/uut/ALU_UNIT/shift_unit/ : Warning: CONV_INTEGER: There is an 'U'|'X'|'W'|'Z'|'-' in an arithmetic operand, and it has been converted to 0.
at 0 ps, Instance /toplevel_tb/uut/ALU_UNIT/shift_unit/ : Warning: CONV_INTEGER: There is an 'U'|'X'|'W'|'Z'|'-' in an arithmetic operand, and it has been converted to 0.
# run 30ms
at 500 us(1), Instance /toplevel_tb/uut/ALU_UNIT/word_unit/DATAMEMORY/U0/native_mem_module/mem_module/ : Warning: CONV_INTEGER: There is an 'U'|'X'|'W'|'Z'|'-' in an arithmetic operand, and it has been converted to 0.
at 1500 us(1), Instance /toplevel_tb/uut/ALU_UNIT/word_unit/DATAMEMORY/U0/native_mem_module/mem_module/ : Warning: CONV_INTEGER: There is an 'U'|'X'|'W'|'Z'|'-' in an arithmetic operand, and it has been converted to 0.
at 2500 us(1), Instance /toplevel_tb/uut/ALU_UNIT/word_unit/DATAMEMORY/U0/native_mem_module/mem_module/ : Warning: CONV_INTEGER: There is an 'U'|'X'|'W'|'Z'|'-' in an arithmetic operand, and it has been converted to 0.
at 3500 us(1), Instance /toplevel_tb/uut/ALU_UNIT/word_unit/DATAMEMORY/U0/native_mem_module/mem_module/ : Warning: CONV_INTEGER: There is an 'U'|'X'|'W'|'Z'|'-' in an arithmetic operand, and it has been converted to 0.
at 6500 us(1): Note: Block Memory Generator CORE Generator module is using a behavioral model FOR simulation which will not precisely model memory collision behavior. (/toplevel_tb/uut/ALU_UNIT/word_unit/DATAMEMORY/U0/native_mem_module/mem_module/).
at 20500 us(1), Instance /toplevel_tb/uut/Fetch_UNIT/U2/U0/native_mem_module/mem_module/ : Warning: blk_mem_gen_v7_3 WARNING: Address 20 is outside range for A Read
at 21500 us(1), Instance /toplevel_tb/uut/Fetch_UNIT/U2/U0/native_mem_module/mem_module/ : Warning: blk_mem_gen_v7_3 WARNING: Address 21 is outside range for A Read
at 22500 us(1), Instance /toplevel_tb/uut/Fetch_UNIT/U2/U0/native_mem_module/mem_module/ : Warning: blk_mem_gen_v7_3 WARNING: Address 22 is outside range for A Read
at 23500 us(1), Instance /toplevel_tb/uut/Fetch_UNIT/U2/U0/native_mem_module/mem_module/ : Warning: blk_mem_gen_v7_3 WARNING: Address 23 is outside range for A Read
at 24500 us(1), Instance /toplevel_tb/uut/Fetch_UNIT/U2/U0/native_mem_module/mem_module/ : Warning: blk_mem_gen_v7_3 WARNING: Address 24 is outside range for A Read
at 25500 us(1), Instance /toplevel_tb/uut/Fetch_UNIT/U2/U0/native_mem_module/mem_module/ : Warning: blk_mem_gen_v7_3 WARNING: Address 25 is outside range for A Read
at 26500 us(1), Instance /toplevel_tb/uut/Fetch_UNIT/U2/U0/native_mem_module/mem_module/ : Warning: blk_mem_gen_v7_3 WARNING: Address 26 is outside range for A Read
at 27500 us(1), Instance /toplevel_tb/uut/Fetch_UNIT/U2/U0/native_mem_module/mem_module/ : Warning: blk_mem_gen_v7_3 WARNING: Address 27 is outside range for A Read
at 28500 us(1), Instance /toplevel_tb/uut/Fetch_UNIT/U2/U0/native_mem_module/mem_module/ : Warning: blk_mem_gen_v7_3 WARNING: Address 28 is outside range for A Read
at 29500 us(1), Instance /toplevel_tb/uut/Fetch_UNIT/U2/U0/native_mem_module/mem_module/ : Warning: blk_mem_gen_v7_3 WARNING: Address 29 is outside range for A Read
# run 60ms
at 30500 us(1), Instance /toplevel_tb/uut/Fetch_UNIT/U2/U0/native_mem_module/mem_module/ : Warning: blk_mem_gen_v7_3 WARNING: Address 30 is outside range for A Read
at 31500 us(1), Instance /toplevel_tb/uut/Fetch_UNIT/U2/U0/native_mem_module/mem_module/ : Warning: blk_mem_gen_v7_3 WARNING: Address 31 is outside range for A Read
at 52500 us(1), Instance /toplevel_tb/uut/Fetch_UNIT/U2/U0/native_mem_module/mem_module/ : Warning: blk_mem_gen_v7_3 WARNING: Address 20 is outside range for A Read
at 53500 us(1), Instance /toplevel_tb/uut/Fetch_UNIT/U2/U0/native_mem_module/mem_module/ : Warning: blk_mem_gen_v7_3 WARNING: Address 21 is outside range for A Read
at 54500 us(1), Instance /toplevel_tb/uut/Fetch_UNIT/U2/U0/native_mem_module/mem_module/ : Warning: blk_mem_gen_v7_3 WARNING: Address 22 is outside range for A Read
at 55500 us(1), Instance /toplevel_tb/uut/Fetch_UNIT/U2/U0/native_mem_module/mem_module/ : Warning: blk_mem_gen_v7_3 WARNING: Address 23 is outside range for A Read
at 56500 us(1), Instance /toplevel_tb/uut/Fetch_UNIT/U2/U0/native_mem_module/mem_module/ : Warning: blk_mem_gen_v7_3 WARNING: Address 24 is outside range for A Read
at 57500 us(1), Instance /toplevel_tb/uut/Fetch_UNIT/U2/U0/native_mem_module/mem_module/ : Warning: blk_mem_gen_v7_3 WARNING: Address 25 is outside range for A Read
at 58500 us(1), Instance /toplevel_tb/uut/Fetch_UNIT/U2/U0/native_mem_module/mem_module/ : Warning: blk_mem_gen_v7_3 WARNING: Address 26 is outside range for A Read
at 59500 us(1), Instance /toplevel_tb/uut/Fetch_UNIT/U2/U0/native_mem_module/mem_module/ : Warning: blk_mem_gen_v7_3 WARNING: Address 27 is outside range for A Read
at 60500 us(1), Instance /toplevel_tb/uut/Fetch_UNIT/U2/U0/native_mem_module/mem_module/ : Warning: blk_mem_gen_v7_3 WARNING: Address 28 is outside range for A Read
at 61500 us(1), Instance /toplevel_tb/uut/Fetch_UNIT/U2/U0/native_mem_module/mem_module/ : Warning: blk_mem_gen_v7_3 WARNING: Address 29 is outside range for A Read
at 62500 us(1), Instance /toplevel_tb/uut/Fetch_UNIT/U2/U0/native_mem_module/mem_module/ : Warning: blk_mem_gen_v7_3 WARNING: Address 30 is outside range for A Read
at 63500 us(1), Instance /toplevel_tb/uut/Fetch_UNIT/U2/U0/native_mem_module/mem_module/ : Warning: blk_mem_gen_v7_3 WARNING: Address 31 is outside range for A Read
at 84500 us(1), Instance /toplevel_tb/uut/Fetch_UNIT/U2/U0/native_mem_module/mem_module/ : Warning: blk_mem_gen_v7_3 WARNING: Address 20 is outside range for A Read
at 85500 us(1), Instance /toplevel_tb/uut/Fetch_UNIT/U2/U0/native_mem_module/mem_module/ : Warning: blk_mem_gen_v7_3 WARNING: Address 21 is outside range for A Read
at 86500 us(1), Instance /toplevel_tb/uut/Fetch_UNIT/U2/U0/native_mem_module/mem_module/ : Warning: blk_mem_gen_v7_3 WARNING: Address 22 is outside range for A Read
at 87500 us(1), Instance /toplevel_tb/uut/Fetch_UNIT/U2/U0/native_mem_module/mem_module/ : Warning: blk_mem_gen_v7_3 WARNING: Address 23 is outside range for A Read
at 88500 us(1), Instance /toplevel_tb/uut/Fetch_UNIT/U2/U0/native_mem_module/mem_module/ : Warning: blk_mem_gen_v7_3 WARNING: Address 24 is outside range for A Read
at 89500 us(1), Instance /toplevel_tb/uut/Fetch_UNIT/U2/U0/native_mem_module/mem_module/ : Warning: blk_mem_gen_v7_3 WARNING: Address 25 is outside range for A Read
# exit 0
